 Process in group number            2
 A PDF is used, so alpha_s(MZ) is going to be modified
 Old value of alpha_s from param_card:   0.11839999999999999     
  ****************************************
 
       NNPDFDriver version 1.0.3
   Grid: NNPDF23_lo_as_0130_qed_mem0.grid
  ****************************************
 New value of alpha_s from PDF nn23lo1:  0.13000000000000000     
 Define smin to   553693.23324403551     
 *****************************************************
 *               MadGraph/MadEvent                   *
 *        --------------------------------           *
 *          http://madgraph.hep.uiuc.edu             *
 *          http://madgraph.phys.ucl.ac.be           *
 *          http://madgraph.roma2.infn.it            *
 *        --------------------------------           *
 *                                                   *
 *          PARAMETER AND COUPLING VALUES            *
 *                                                   *
 *****************************************************

  External Params
  ---------------------------------
  
 mdl_cabi =   0.22773599999999999     
 aEWM1 =    127.90000000000001     
 mdl_Gf =    1.1663700000000000E-005
 aS =   0.11839999999999999     
 mdl_ymdo =    5.0400000000000002E-003
 mdl_ymup =    2.5500000000000002E-003
 mdl_yms =   0.10100000000000001     
 mdl_ymc =    1.2700000000000000     
 mdl_ymb =    4.7000000000000002     
 mdl_ymt =    172.00000000000000     
 mdl_yme =    5.1099999999999995E-004
 mdl_ymm =   0.10566000000000000     
 mdl_ymtau =    1.7769999999999999     
 mdl_yl1 =    1.1800000000000000E-013
 mdl_y2e =    1.0000000000000000E-010
 mdl_y2m =    1.0000000000000000E-010
 mdl_y2t =    1.0000000000000000E-010
 mdl_yNe =    1.0000000000000000     
 mdl_yNm =    1.0000000000000000     
 mdl_yNt =    1.0000000000000000     
 mdl_lamda =   0.10000000000000001     
 mdl_lam1 =   0.10000000000000001     
 mdl_MZ =    91.187600000000003     
 mdl_Me =    5.1099999999999995E-004
 mdl_MMU =   0.10566000000000000     
 mdl_MTA =    1.7769999999999999     
 mdl_MU =    2.5500000000000002E-003
 mdl_MC =    1.2700000000000000     
 mdl_MT =    172.00000000000000     
 mdl_MD =    5.0400000000000002E-003
 mdl_MS =   0.10100000000000001     
 mdl_MB =    4.7000000000000002     
 mdl_MChi =    613.00000000000000     
 mdl_MPsi =    101.00000000000000     
 mdl_MNN1 =    30.000000000000000     
 mdl_MNN2 =    30.000000000000000     
 mdl_MNN3 =    30.000000000000000     
 mdl_MH =    125.00000000000000     
 mdl_Mphi =    77.000000000000000     
 mdl_WZ =    2.4952000000000001     
 mdl_WW =    2.0850000000000000     
 mdl_WT =    1.5083359999999999     
 mdl_WChi =    1.0000000000000000     
 mdl_WPsi =    1.0000000000000000     
 mdl_WNN1 =    1.0000000000000000     
 mdl_WNN2 =    1.0000000000000000     
 mdl_WNN3 =    1.0000000000000000     
 mdl_WH =    4.0699999999999998E-003
 mdl_Wphi =    20.850000000000001     
  Internal Params
  ---------------------------------
  
 mdl_cos__cabi =   0.97418004031982097     
 mdl_CKM1x1 =  ( 0.97418004031982097     ,  0.0000000000000000     )
 mdl_sin__cabi =   0.22577256042856930     
 mdl_CKM1x2 =  ( 0.22577256042856930     ,  0.0000000000000000     )
 mdl_CKM1x3 =  (  0.0000000000000000     ,  0.0000000000000000     )
 mdl_CKM2x1 =  (-0.22577256042856930     ,  0.0000000000000000     )
 mdl_CKM2x2 =  ( 0.97418004031982097     ,  0.0000000000000000     )
 mdl_CKM2x3 =  (  0.0000000000000000     ,  0.0000000000000000     )
 mdl_CKM3x1 =  (  0.0000000000000000     ,  0.0000000000000000     )
 mdl_CKM3x2 =  (  0.0000000000000000     ,  0.0000000000000000     )
 mdl_CKM3x3 =  (  1.0000000000000000     ,  0.0000000000000000     )
 mdl_MZ__exp__2 =    8315.1783937600012     
 mdl_MZ__exp__4 =    69142191.720053151     
 mdl_sqrt__2 =    1.4142135623730951     
 mdl_Mphi__exp__2 =    5929.0000000000000     
 mdl_MH__exp__2 =    15625.000000000000     
 mdl_conjg__CKM1x1 =  ( 0.97418004031982097     , -0.0000000000000000     )
 mdl_conjg__CKM2x1 =  (-0.22577256042856930     , -0.0000000000000000     )
 mdl_conjg__CKM3x1 =  (  0.0000000000000000     , -0.0000000000000000     )
 mdl_conjg__CKM1x2 =  ( 0.22577256042856930     , -0.0000000000000000     )
 mdl_conjg__CKM2x2 =  ( 0.97418004031982097     , -0.0000000000000000     )
 mdl_conjg__CKM3x2 =  (  0.0000000000000000     , -0.0000000000000000     )
 mdl_conjg__CKM1x3 =  (  0.0000000000000000     , -0.0000000000000000     )
 mdl_conjg__CKM2x3 =  (  0.0000000000000000     , -0.0000000000000000     )
 mdl_conjg__CKM3x3 =  (  1.0000000000000000     , -0.0000000000000000     )
 mdl_complexi =  (  0.0000000000000000     ,  1.0000000000000000     )
 mdl_aEW =    7.8186082877247844E-003
 mdl_MW =    79.824359746197842     
 mdl_sqrt__aEW =    8.8422894590285753E-002
 mdl_ee =   0.31345100004952897     
 mdl_MW__exp__2 =    6371.9284088904105     
 mdl_sw2 =   0.23369913342182447     
 mdl_cw =   0.87538612427783857     
 mdl_sqrt__sw2 =   0.48342438232036300     
 mdl_sw =   0.48342438232036300     
 mdl_g1 =   0.35807170271074895     
 mdl_gw =   0.64839716719502682     
 mdl_vev =    246.22056907348590     
 mdl_vev__exp__2 =    60624.568634871241     
 mdl_muS =    53.830953625738765     
 mdl_lam =   0.12886689630821144     
 mdl_yb =    2.6995322804122722E-002
 mdl_yc =    7.2944808428161397E-003
 mdl_ydo =    2.8948175943144366E-005
 mdl_ye =    2.9350233942354699E-006
 mdl_ym =    6.0687783137949077E-004
 mdl_ys =    5.8011225600348830E-004
 mdl_yt =   0.98791394091683138     
 mdl_ytau =    1.0206529494239589E-002
 mdl_yup =    1.4646398542662327E-005
 mdl_muH =    88.388347648318444     
 mdl_I1b11 =  (  2.8200735207477649E-005,  0.0000000000000000     )
 mdl_I1b12 =  ( -6.5357038024204180E-006, -0.0000000000000000     )
 mdl_I1b13 =  (  0.0000000000000000     ,  0.0000000000000000     )
 mdl_I1b21 =  (  1.3097342937390123E-004,  0.0000000000000000     )
 mdl_I1b22 =  (  5.6513378094350051E-004,  0.0000000000000000     )
 mdl_I1b23 =  (  0.0000000000000000     ,  0.0000000000000000     )
 mdl_I1b31 =  (  0.0000000000000000     ,  0.0000000000000000     )
 mdl_I1b32 =  (  0.0000000000000000     ,  0.0000000000000000     )
 mdl_I1b33 =  (  2.6995322804122722E-002,  0.0000000000000000     )
 mdl_I2b11 =  (  1.4268229122830952E-005,  0.0000000000000000     )
 mdl_I2b12 =  ( -1.6468936168797480E-003, -0.0000000000000000     )
 mdl_I2b13 =  (  0.0000000000000000     ,  0.0000000000000000     )
 mdl_I2b21 =  (  3.3067549000341398E-006,  0.0000000000000000     )
 mdl_I2b22 =  (  7.1061376415667886E-003,  0.0000000000000000     )
 mdl_I2b23 =  (  0.0000000000000000     ,  0.0000000000000000     )
 mdl_I2b31 =  (  0.0000000000000000     ,  0.0000000000000000     )
 mdl_I2b32 =  (  0.0000000000000000     ,  0.0000000000000000     )
 mdl_I2b33 =  ( 0.98791394091683138     ,  0.0000000000000000     )
 mdl_I3b11 =  (  1.4268229122830952E-005,  0.0000000000000000     )
 mdl_I3b12 =  (  3.3067549000341398E-006,  0.0000000000000000     )
 mdl_I3b13 =  (  0.0000000000000000     ,  0.0000000000000000     )
 mdl_I3b21 =  ( -1.6468936168797480E-003,  0.0000000000000000     )
 mdl_I3b22 =  (  7.1061376415667886E-003,  0.0000000000000000     )
 mdl_I3b23 =  (  0.0000000000000000     ,  0.0000000000000000     )
 mdl_I3b31 =  (  0.0000000000000000     ,  0.0000000000000000     )
 mdl_I3b32 =  (  0.0000000000000000     ,  0.0000000000000000     )
 mdl_I3b33 =  ( 0.98791394091683138     ,  0.0000000000000000     )
 mdl_I4b11 =  (  2.8200735207477649E-005,  0.0000000000000000     )
 mdl_I4b12 =  (  1.3097342937390123E-004,  0.0000000000000000     )
 mdl_I4b13 =  (  0.0000000000000000     ,  0.0000000000000000     )
 mdl_I4b21 =  ( -6.5357038024204180E-006,  0.0000000000000000     )
 mdl_I4b22 =  (  5.6513378094350051E-004,  0.0000000000000000     )
 mdl_I4b23 =  (  0.0000000000000000     ,  0.0000000000000000     )
 mdl_I4b31 =  (  0.0000000000000000     ,  0.0000000000000000     )
 mdl_I4b32 =  (  0.0000000000000000     ,  0.0000000000000000     )
 mdl_I4b33 =  (  2.6995322804122722E-002,  0.0000000000000000     )
 mdl_ee__exp__2 =    9.8251529432049817E-002
 mdl_sw__exp__2 =   0.23369913342182450     
 mdl_cw__exp__2 =   0.76630086657817542     
  Internal Params evaluated point by point
  ----------------------------------------
  
 mdl_sqrt__aS =   0.34409301068170506     
 mdl_G__exp__2 =    1.4878582807401259     
  Couplings of DM
  ---------------------------------
  
         GC_1 =  -0.00000E+00  -0.10448E+00
         GC_2 =   0.00000E+00   0.20897E+00
         GC_4 =   0.00000E+00   0.31345E+00
        GC_76 =   0.00000E+00   0.57700E-01
        GC_77 =  -0.00000E+00  -0.11540E+00
        GC_78 =  -0.00000E+00  -0.17310E+00
        GC_83 =  -0.00000E+00  -0.31265E+00
        GC_84 =   0.00000E+00   0.25495E+00
       GC_107 =  -0.00000E+00  -0.10000E-09
       GC_108 =  -0.00000E+00  -0.10000E-09
       GC_124 =  -0.00000E+00  -0.11800E-12

 Collider parameters:
 --------------------

 Running at P P   machine @    14000.000000000000       GeV
 PDF set = nn23lo1
 alpha_s(Mz)= 0.1300 running at 2 loops.
 alpha_s(Mz)= 0.1300 running at 2 loops.
 Renormalization scale set on event-by-event basis
 Factorization   scale set on event-by-event basis


 getting user params
Enter number of events and max and min iterations: 
 Number of events and iterations         1000           5           3
Enter desired fractional accuracy: 
 Desired fractional accuracy:   0.10000000000000001     
Enter 0 for fixed, 2 for adjustable grid: 
Suppress amplitude (0 no, 1 yes)? 
 Using suppressed amplitude.
Exact helicity sum (0 yes, n = number/event)? 
 Explicitly summing over helicities
Enter Configuration Number: 
Running Configuration Number:    1
 Not subdividing B.W.
 Attempting mappinvarients           1           6
 Completed mapping           6
 about to integrate           10        1000           5           3          10           1
 Using non-zero grid deformation.
 10 dimensions   1000 events 10 invarients  5 iterations  1 config(s),  (0.99)
 Using h-tuple random number sequence.
 Error opening grid
 Using Uniform Grid!          24
 Using uniform alpha   1.0000000000000000     
 Grid defined OK
 Set CM energy to      14000.00
 Mapping Graph           1  to config           1
 Setting BW          -1           1   77.000000000000000     
 Setting BW          -2           2   613.00000000000000     
Setting grid   3    0.74823E-02   1
 Transforming s_hat 1/s            9   7.4822500000000011E-003   553693.23324403551        195999999.99999997     
   1   1   2   3   4   5   6   7   8   9  10
 Masses: 0.101E+00 0.101E+00 0.613E+03 0.106E+00 0.300E+02 0.101E+03
Using random seed offsets     1 :     16
  with seed                   33
 Ranmar initialization seeds       11949        9423
 
 ********************************************
 * You are using the DiscreteSampler module *
 *      part of the MG5_aMC framework       *
 *         Author: Valentin Hirschi         *
 ********************************************
 
  Particle       3       4       5       6
      Et >     0.0     0.0     0.0     0.0
       E >     0.0     0.0     0.0     0.0
     Eta <    -1.0    -1.0    -1.0    -1.0
   xqcut:      0.0     0.0     0.0     0.0
d R # 3  >    -0.0     0.0     0.0     0.0
d R # 4  >    -0.0    -0.0     0.0     0.0
d R # 5  >    -0.0    -0.0    -0.0     0.0
s min # 3>     0.0375898.6413449.0     0.0
s min # 4>     0.0     0.0   906.4     0.0
s min # 5>     0.0     0.0     0.0     0.0
xqcutij # 3>     0.0     0.0     0.0     0.0
xqcutij # 4>     0.0     0.0     0.0     0.0
xqcutij # 5>     0.0     0.0     0.0     0.0
 No cut BW           -1           1
 No cut BW           -2           2
 alpha_s for scale    2728.6954628585736       is    8.3257537839477383E-002
 Added good helicity            1   2.3000940999480892E-004  in event            1 local:           1
 Added good helicity            2   2.3685842849174566E-005  in event            1 local:           1
 Added good helicity            5   2.4777385030611865       in event            1 local:           1
 Added good helicity            6  0.25515184272756852       in event            1 local:           1
 Added good helicity            7   1.6804322041093171E-002  in event            1 local:           1
 Added good helicity            8   1.7304706405761234E-003  in event            1 local:           1
 Added good helicity            9   2.8559055966243131E-003  in event            1 local:           1
 Added good helicity           10   1.6060087289555376E-003  in event            1 local:           1
 Added good helicity           11   3.5108785150015187E-008  in event            1 local:           1
 Added good helicity           12   1.9743305059031422E-008  in event            1 local:           1
 Added good helicity           13   30.764772876134476       in event            1 local:           1
 Added good helicity           14   17.300464637839390       in event            1 local:           1
 Added good helicity           15  0.20865040854510436       in event            1 local:           1
 Added good helicity           16  0.11733384248402995       in event            1 local:           1
 Added good helicity           49   4.0356817658725028E-004  in event            1 local:           1
 Added good helicity           50   7.1765028007323198E-004  in event            1 local:           1
 Added good helicity           53   4.3473717434560353       in event            1 local:           1
 Added good helicity           54   7.7307694963881000       in event            1 local:           1
 Added good helicity           55   2.9484400681963265E-002  in event            1 local:           1
 Added good helicity           56   5.2431013233343253E-002  in event            1 local:           1
 Added good helicity           57   5.9519305451036437E-006  in event            1 local:           1
 Added good helicity           58   5.7798240143988745E-005  in event            1 local:           1
 Added good helicity           61   6.4116191939634540E-002  in event            1 local:           1
 Added good helicity           62  0.62262202671260214       in event            1 local:           1
 Added good helicity           63   4.3484376421120416E-004  in event            1 local:           1
 Added good helicity           64   4.2226978487964820E-003  in event            1 local:           1
 Added good helicity            1   2.3000940999480903E-004  in event            1 local:           1
 Added good helicity            2   2.3685842849174529E-005  in event            1 local:           1
 Added good helicity            5   2.4777385030611874       in event            1 local:           1
 Added good helicity            6  0.25515184272756819       in event            1 local:           1
 Added good helicity            7   1.6804322041093184E-002  in event            1 local:           1
 Added good helicity            8   1.7304706405761223E-003  in event            1 local:           1
 Added good helicity            9   2.8559055966243161E-003  in event            1 local:           1
 Added good helicity           10   1.6060087289555363E-003  in event            1 local:           1
 Added good helicity           11   3.5108785150015221E-008  in event            1 local:           1
 Added good helicity           12   1.9743305059031408E-008  in event            1 local:           1
 Added good helicity           13   30.764772876134497       in event            1 local:           1
 Added good helicity           14   17.300464637839383       in event            1 local:           1
 Added good helicity           15  0.20865040854510464       in event            1 local:           1
 Added good helicity           16  0.11733384248402993       in event            1 local:           1
 Added good helicity           49   4.0356817658724969E-004  in event            1 local:           1
 Added good helicity           50   7.1765028007323220E-004  in event            1 local:           1
 Added good helicity           53   4.3473717434560299       in event            1 local:           1
 Added good helicity           54   7.7307694963880964       in event            1 local:           1
 Added good helicity           55   2.9484400681963233E-002  in event            1 local:           1
 Added good helicity           56   5.2431013233343343E-002  in event            1 local:           1
 Added good helicity           57   5.9519305451036318E-006  in event            1 local:           1
 Added good helicity           58   5.7798240143988711E-005  in event            1 local:           1
 Added good helicity           61   6.4116191939634387E-002  in event            1 local:           1
 Added good helicity           62  0.62262202671260158       in event            1 local:           1
 Added good helicity           63   4.3484376421120346E-004  in event            1 local:           1
 Added good helicity           64   4.2226978487964828E-003  in event            1 local:           1
 Added good helicity           22   2.0486840082048341E-008  in event            3 local:           3
 Added good helicity           29   2.0495204935945312E-008  in event            3 local:           3
 Added good helicity           22   2.0486840082044649E-008  in event            2 local:           2
 Added good helicity           29   2.0495204935944760E-008  in event            2 local:           2
 Added good helicity           23   1.6653295350546903E-008  in event            4 local:           4
 Added good helicity           24   6.2582698927190019E-008  in event            4 local:           4
 Added good helicity           31   6.2584617715021858E-008  in event            4 local:           4
 Added good helicity           32   1.6653622634248497E-008  in event            4 local:           4
 Added good helicity           40   3.1849942830070899E-008  in event            4 local:           4
 Added good helicity           47   3.1848024042252580E-008  in event            4 local:           4
 Added good helicity           23   1.6653295350546102E-008  in event            4 local:           4
 Added good helicity           24   6.2582698927183256E-008  in event            4 local:           4
 Added good helicity           31   6.2584617715008517E-008  in event            4 local:           4
 Added good helicity           32   1.6653622634247627E-008  in event            4 local:           4
 Added good helicity           40   3.1849942830064355E-008  in event            4 local:           4
 Added good helicity           47   3.1848024042240067E-008  in event            4 local:           4
 Added good helicity            3   4.5979166817272298E-006  in event            6 local:           6
 Added good helicity            4   1.5427131265713926E-007  in event            6 local:           6
 Added good helicity           38   1.5345506772860570E-008  in event            6 local:           6
 Added good helicity           45   1.5345753950485519E-008  in event            6 local:           6
 Added good helicity           52   1.0182113894579839E-007  in event            6 local:           6
 Added good helicity           59   3.9384990718838145E-008  in event            6 local:           6
 Added good helicity           60   1.1738339599033525E-006  in event            6 local:           6
 Added good helicity            3   4.5979166817272213E-006  in event            5 local:           5
 Added good helicity            4   1.5427131265713865E-007  in event            5 local:           5
 Added good helicity           38   1.5345506772859581E-008  in event            5 local:           5
 Added good helicity           45   1.5345753950487462E-008  in event            5 local:           5
 Added good helicity           52   1.0182113894579825E-007  in event            5 local:           5
 Added good helicity           59   3.9384990718838033E-008  in event            5 local:           5
 Added good helicity           60   1.1738339599033521E-006  in event            5 local:           5
 Added good helicity           51   1.0340457478697413E-008  in event            9 local:           9
 Added good helicity           51   1.0340457478697406E-008  in event           11 local:          11
 Added good helicity           37   3.2432529764240495E-008  in event           11 local:          11
 Added good helicity           46   3.2444799230775254E-008  in event           11 local:          11
 Added good helicity           37   3.2432529764237841E-008  in event           12 local:          12
 Added good helicity           46   3.2444799230775373E-008  in event           12 local:          12
 Added good helicity           39   1.0056381672761138E-008  in event           12 local:          12
 Added good helicity           48   1.0066598975206149E-008  in event           12 local:          12
 Added good helicity           39   1.0056381672760459E-008  in event           14 local:          14
 Added good helicity           48   1.0066598975205224E-008  in event           14 local:          14
 RESET CUMULATIVE VARIABLE
 Added good helicity           21   1.2136263984584882E-008  in event           17 local:          17
 Added good helicity           30   1.2136111801787763E-008  in event           17 local:          17
 RESET CUMULATIVE VARIABLE
 RESET CUMULATIVE VARIABLE
 Iteration  1   Mean: 0.4548E-51 Abs mean: 0.4548E-51   Fluctuation:  0.474E-52   0.226E-49    96.4%
  1    0.4548E-51 0.4548E-51 +- 0.4738E-52      3.29
 Writing out events   9.4333665876961978E-056   3.2938877724929965     
 Relative summed weights:
  0.4981E+00  0.5019E+00
 Relative number of events:
  0.4966E+00  0.5034E+00
 Events:
         512         519
 Iteration  2   Mean: 0.4418E-51 Abs mean: 0.4418E-51   Fluctuation:  0.157E-52   0.835E-50    96.9%
  2    0.4418E-51 0.4418E-51 +- 0.1573E-52      1.59
 Relative summed weights:
  0.4836E+00  0.5164E+00
 Relative number of events:
  0.4915E+00  0.5085E+00
 Events:
         983        1017
 Iteration  3   Mean: 0.4237E-51 Abs mean: 0.4237E-51   Fluctuation:  0.640E-53   0.576E-50    97.3%
  3    0.4237E-51 0.4237E-51 +- 0.6402E-53      0.96
 Relative summed weights:
  0.4958E+00  0.5042E+00
 Relative number of events:
  0.5010E+00  0.4990E+00
 Events:
        2004        1996
 Accuracy:    0.012   0.100   0.014   0.802
 Finished due to accuracy    1.2343507403220487E-002  0.10000000000000001     

 -------------------------------------------------------------------------------
 Accumulated results:   Integral =  0.0000E+00
                        Std dev  =  0.0000E+00
                       Cross sec =  0.0000E+00
             Chi**2 per DoF.     =      0.8016
 -------------------------------------------------------------------------------
 Found          358  events.
 Wrote          354  events.
 Actual xsec    4.2692408173589219E-052
 Correct abs xsec    4.2692408173589219E-052
 Event xsec    4.2692408173589516E-052
 Events wgts > 1:            1
 % Cross section > 1:    4.0975135332434013E-055   9.5977568578064318E-002
-------------------------------------------------
---------------------------
 Results Last   3 iters: Integral =   0.4269E-51
                     Abs integral =   0.4269E-51
                          Std dev =   0.5886E-53
                  Chi**2 per DoF. =      0.7486
-------------------------------------------------
---------------------------
 Status  0.10000000000000001                4           5

ls status:
events.lhe
ftn26
input_app.txt
results.dat
run_01_log.txt
run1_app.log
