 Process in group number            1
 A PDF is used, so alpha_s(MZ) is going to be modified
 Old value of alpha_s from param_card:   0.11839999999999999     
  ****************************************
 
       NNPDFDriver version 1.0.3
   Grid: NNPDF23_lo_as_0130_qed_mem0.grid
  ****************************************
 New value of alpha_s from PDF nn23lo1:  0.13000000000000000     
 Define smin to   1512901.2570602610     
 *****************************************************
 *               MadGraph/MadEvent                   *
 *        --------------------------------           *
 *          http://madgraph.hep.uiuc.edu             *
 *          http://madgraph.phys.ucl.ac.be           *
 *          http://madgraph.roma2.infn.it            *
 *        --------------------------------           *
 *                                                   *
 *          PARAMETER AND COUPLING VALUES            *
 *                                                   *
 *****************************************************

  External Params
  ---------------------------------
  
 mdl_cabi =   0.22773599999999999     
 aEWM1 =    127.90000000000001     
 mdl_Gf =    1.1663700000000000E-005
 aS =   0.11839999999999999     
 mdl_ymdo =    5.0400000000000002E-003
 mdl_ymup =    2.5500000000000002E-003
 mdl_yms =   0.10100000000000001     
 mdl_ymc =    1.2700000000000000     
 mdl_ymb =    4.7000000000000002     
 mdl_ymt =    172.00000000000000     
 mdl_yme =    5.1099999999999995E-004
 mdl_ymm =   0.10566000000000000     
 mdl_ymtau =    1.7769999999999999     
 mdl_yl1 =    1.0000000000000000     
 mdl_y2e =   0.10000000000000001     
 mdl_y2m =    1.0000000000000000E-010
 mdl_y2t =    1.0000000000000000E-010
 mdl_yNe =    1.0000000000000000     
 mdl_yNm =    1.0000000000000000     
 mdl_yNt =    1.0000000000000000     
 mdl_lamda =   0.10000000000000001     
 mdl_lam1 =   0.10000000000000001     
 mdl_MZ =    91.187600000000003     
 mdl_Me =    5.1099999999999995E-004
 mdl_MMU =   0.10566000000000000     
 mdl_MTA =    1.7769999999999999     
 mdl_MU =    2.5500000000000002E-003
 mdl_MC =    1.2700000000000000     
 mdl_MT =    172.00000000000000     
 mdl_MD =    5.0400000000000002E-003
 mdl_MS =   0.10100000000000001     
 mdl_MB =    4.7000000000000002     
 mdl_MChi =    700.00000000000000     
 mdl_MPsi =    500.00000000000000     
 mdl_MNN1 =    30.000000000000000     
 mdl_MNN2 =    30.000000000000000     
 mdl_MNN3 =    30.000000000000000     
 mdl_MH =    125.00000000000000     
 mdl_Mphi =    250.00000000000000     
 mdl_WZ =    2.4952000000000001     
 mdl_WW =    2.0850000000000000     
 mdl_WT =    1.5083359999999999     
 mdl_WChi =    1.0000000000000000     
 mdl_WPsi =    1.0000000000000000     
 mdl_WNN1 =    1.0000000000000000     
 mdl_WNN2 =    1.0000000000000000     
 mdl_WNN3 =    1.0000000000000000     
 mdl_WH =    4.0699999999999998E-003
 mdl_Wphi =    20.850000000000001     
  Internal Params
  ---------------------------------
  
 mdl_cos__cabi =   0.97418004031982097     
 mdl_CKM1x1 =  ( 0.97418004031982097     ,  0.0000000000000000     )
 mdl_sin__cabi =   0.22577256042856930     
 mdl_CKM1x2 =  ( 0.22577256042856930     ,  0.0000000000000000     )
 mdl_CKM1x3 =  (  0.0000000000000000     ,  0.0000000000000000     )
 mdl_CKM2x1 =  (-0.22577256042856930     ,  0.0000000000000000     )
 mdl_CKM2x2 =  ( 0.97418004031982097     ,  0.0000000000000000     )
 mdl_CKM2x3 =  (  0.0000000000000000     ,  0.0000000000000000     )
 mdl_CKM3x1 =  (  0.0000000000000000     ,  0.0000000000000000     )
 mdl_CKM3x2 =  (  0.0000000000000000     ,  0.0000000000000000     )
 mdl_CKM3x3 =  (  1.0000000000000000     ,  0.0000000000000000     )
 mdl_MZ__exp__2 =    8315.1783937600012     
 mdl_MZ__exp__4 =    69142191.720053151     
 mdl_sqrt__2 =    1.4142135623730951     
 mdl_Mphi__exp__2 =    62500.000000000000     
 mdl_MH__exp__2 =    15625.000000000000     
 mdl_conjg__CKM1x1 =  ( 0.97418004031982097     , -0.0000000000000000     )
 mdl_conjg__CKM2x1 =  (-0.22577256042856930     , -0.0000000000000000     )
 mdl_conjg__CKM3x1 =  (  0.0000000000000000     , -0.0000000000000000     )
 mdl_conjg__CKM1x2 =  ( 0.22577256042856930     , -0.0000000000000000     )
 mdl_conjg__CKM2x2 =  ( 0.97418004031982097     , -0.0000000000000000     )
 mdl_conjg__CKM3x2 =  (  0.0000000000000000     , -0.0000000000000000     )
 mdl_conjg__CKM1x3 =  (  0.0000000000000000     , -0.0000000000000000     )
 mdl_conjg__CKM2x3 =  (  0.0000000000000000     , -0.0000000000000000     )
 mdl_conjg__CKM3x3 =  (  1.0000000000000000     , -0.0000000000000000     )
 mdl_complexi =  (  0.0000000000000000     ,  1.0000000000000000     )
 mdl_aEW =    7.8186082877247844E-003
 mdl_MW =    79.824359746197842     
 mdl_sqrt__aEW =    8.8422894590285753E-002
 mdl_ee =   0.31345100004952897     
 mdl_MW__exp__2 =    6371.9284088904105     
 mdl_sw2 =   0.23369913342182447     
 mdl_cw =   0.87538612427783857     
 mdl_sqrt__sw2 =   0.48342438232036300     
 mdl_sw =   0.48342438232036300     
 mdl_g1 =   0.35807170271074895     
 mdl_gw =   0.64839716719502682     
 mdl_vev =    246.22056907348590     
 mdl_vev__exp__2 =    60624.568634871241     
 mdl_muS =    243.86219790745847     
 mdl_lam =   0.12886689630821144     
 mdl_yb =    2.6995322804122722E-002
 mdl_yc =    7.2944808428161397E-003
 mdl_ydo =    2.8948175943144366E-005
 mdl_ye =    2.9350233942354699E-006
 mdl_ym =    6.0687783137949077E-004
 mdl_ys =    5.8011225600348830E-004
 mdl_yt =   0.98791394091683138     
 mdl_ytau =    1.0206529494239589E-002
 mdl_yup =    1.4646398542662327E-005
 mdl_muH =    88.388347648318444     
 mdl_I1b11 =  (  2.8200735207477649E-005,  0.0000000000000000     )
 mdl_I1b12 =  ( -6.5357038024204180E-006, -0.0000000000000000     )
 mdl_I1b13 =  (  0.0000000000000000     ,  0.0000000000000000     )
 mdl_I1b21 =  (  1.3097342937390123E-004,  0.0000000000000000     )
 mdl_I1b22 =  (  5.6513378094350051E-004,  0.0000000000000000     )
 mdl_I1b23 =  (  0.0000000000000000     ,  0.0000000000000000     )
 mdl_I1b31 =  (  0.0000000000000000     ,  0.0000000000000000     )
 mdl_I1b32 =  (  0.0000000000000000     ,  0.0000000000000000     )
 mdl_I1b33 =  (  2.6995322804122722E-002,  0.0000000000000000     )
 mdl_I2b11 =  (  1.4268229122830952E-005,  0.0000000000000000     )
 mdl_I2b12 =  ( -1.6468936168797480E-003, -0.0000000000000000     )
 mdl_I2b13 =  (  0.0000000000000000     ,  0.0000000000000000     )
 mdl_I2b21 =  (  3.3067549000341398E-006,  0.0000000000000000     )
 mdl_I2b22 =  (  7.1061376415667886E-003,  0.0000000000000000     )
 mdl_I2b23 =  (  0.0000000000000000     ,  0.0000000000000000     )
 mdl_I2b31 =  (  0.0000000000000000     ,  0.0000000000000000     )
 mdl_I2b32 =  (  0.0000000000000000     ,  0.0000000000000000     )
 mdl_I2b33 =  ( 0.98791394091683138     ,  0.0000000000000000     )
 mdl_I3b11 =  (  1.4268229122830952E-005,  0.0000000000000000     )
 mdl_I3b12 =  (  3.3067549000341398E-006,  0.0000000000000000     )
 mdl_I3b13 =  (  0.0000000000000000     ,  0.0000000000000000     )
 mdl_I3b21 =  ( -1.6468936168797480E-003,  0.0000000000000000     )
 mdl_I3b22 =  (  7.1061376415667886E-003,  0.0000000000000000     )
 mdl_I3b23 =  (  0.0000000000000000     ,  0.0000000000000000     )
 mdl_I3b31 =  (  0.0000000000000000     ,  0.0000000000000000     )
 mdl_I3b32 =  (  0.0000000000000000     ,  0.0000000000000000     )
 mdl_I3b33 =  ( 0.98791394091683138     ,  0.0000000000000000     )
 mdl_I4b11 =  (  2.8200735207477649E-005,  0.0000000000000000     )
 mdl_I4b12 =  (  1.3097342937390123E-004,  0.0000000000000000     )
 mdl_I4b13 =  (  0.0000000000000000     ,  0.0000000000000000     )
 mdl_I4b21 =  ( -6.5357038024204180E-006,  0.0000000000000000     )
 mdl_I4b22 =  (  5.6513378094350051E-004,  0.0000000000000000     )
 mdl_I4b23 =  (  0.0000000000000000     ,  0.0000000000000000     )
 mdl_I4b31 =  (  0.0000000000000000     ,  0.0000000000000000     )
 mdl_I4b32 =  (  0.0000000000000000     ,  0.0000000000000000     )
 mdl_I4b33 =  (  2.6995322804122722E-002,  0.0000000000000000     )
 mdl_ee__exp__2 =    9.8251529432049817E-002
 mdl_sw__exp__2 =   0.23369913342182450     
 mdl_cw__exp__2 =   0.76630086657817542     
  Internal Params evaluated point by point
  ----------------------------------------
  
 mdl_sqrt__aS =   0.34409301068170506     
 mdl_G__exp__2 =    1.4878582807401259     
  Couplings of DM
  ---------------------------------
  
         GC_1 =  -0.00000E+00  -0.10448E+00
         GC_2 =   0.00000E+00   0.20897E+00
         GC_4 =   0.00000E+00   0.31345E+00
        GC_76 =   0.00000E+00   0.57700E-01
        GC_77 =  -0.00000E+00  -0.11540E+00
        GC_78 =  -0.00000E+00  -0.17310E+00
        GC_83 =  -0.00000E+00  -0.31265E+00
        GC_84 =   0.00000E+00   0.25495E+00
       GC_107 =  -0.00000E+00  -0.10000E+00
       GC_108 =  -0.00000E+00  -0.10000E-09
       GC_124 =  -0.00000E+00  -0.10000E+01

 Collider parameters:
 --------------------

 Running at P P   machine @    14000.000000000000       GeV
 PDF set = nn23lo1
 alpha_s(Mz)= 0.1300 running at 2 loops.
 alpha_s(Mz)= 0.1300 running at 2 loops.
 Renormalization scale set on event-by-event basis
 Factorization   scale set on event-by-event basis


 getting user params
Enter number of events and max and min iterations: 
 Number of events and iterations         1000           5           3
Enter desired fractional accuracy: 
 Desired fractional accuracy:   0.10000000000000001     
Enter 0 for fixed, 2 for adjustable grid: 
Suppress amplitude (0 no, 1 yes)? 
 Using suppressed amplitude.
Exact helicity sum (0 yes, n = number/event)? 
 Explicitly summing over helicities
Enter Configuration Number: 
Running Configuration Number:    1
 Using dconfig=           4
 BW Setting            1           1           0           0
 Attempting mappinvarients           1           6
 Completed mapping           6
 about to integrate           10        1000           5           3          10           1
 Using non-zero grid deformation.
 10 dimensions   1000 events 10 invarients  5 iterations  1 config(s),  (0.99)
 Using h-tuple random number sequence.
 Error opening grid
 Using Uniform Grid!          24
 Using uniform alpha   1.0000000000000000     
 Grid defined OK
 Set CM energy to      14000.00
 Mapping Graph           1  to config           1
 Setting BW          -1           1   250.00000000000000     
 Setting BW          -2           2   700.00000000000000     
Setting grid   3    0.97869E-02   1
 Transforming s_hat 1/s            9   9.7868622448979599E-003   1512901.2570602610        195999999.99999997     
   1   1   2   3   4   5   6   7   8   9  10
 Masses: 0.127E+01 0.127E+01 0.511E-03 0.300E+02 0.500E+03 0.700E+03
Using random seed offsets     1 :      3
  with seed                   24
 Ranmar initialization seeds       31059        9400
 
 ********************************************
 * You are using the DiscreteSampler module *
 *      part of the MG5_aMC framework       *
 *         Author: Valentin Hirschi         *
 ********************************************
 
  Particle       3       4       5       6
      Et >     0.0     0.0     0.0     0.0
       E >     0.0     0.0     0.0     0.0
     Eta <    -1.0    -1.0    -1.0    -1.0
   xqcut:      0.0     0.0     0.0     0.0
d R # 3  >    -0.0     0.0     0.0     0.0
d R # 4  >    -0.0    -0.0     0.0     0.0
d R # 5  >    -0.0    -0.0    -0.0     0.0
s min # 3>     0.0   900.0250000.5     0.0
s min # 4>     0.0     0.0280900.0     0.0
s min # 5>     0.0     0.0     0.0     0.0
xqcutij # 3>     0.0     0.0     0.0     0.0
xqcutij # 4>     0.0     0.0     0.0     0.0
xqcutij # 5>     0.0     0.0     0.0     0.0
 Requiring BW           -1           1
 Requiring BW           -2           2
 alpha_s for scale    1566.9007917802051       is    8.8411439876941889E-002
 Added good helicity            9   43.411119362475532       in event            1 local:           1
 Added good helicity           10   7.8316174306214608       in event            1 local:           1
 Added good helicity           11   6.8294997867347407       in event            1 local:           1
 Added good helicity           12   1.9000598790287870       in event            1 local:           1
 Added good helicity           13  0.23022672980972561       in event            1 local:           1
 Added good helicity           14   4.1534235851365169E-002  in event            1 local:           1
 Added good helicity           15   3.6219600536153855E-002  in event            1 local:           1
 Added good helicity           16   1.0076786289219403E-002  in event            1 local:           1
 Added good helicity           25   9.2732092127958056E-006  in event            1 local:           1
 Added good helicity           26   2.1311857183055371E-005  in event            1 local:           1
 Added good helicity           27   2.1311797303838799E-005  in event            1 local:           1
 Added good helicity           28   9.2732049793866281E-006  in event            1 local:           1
 Added good helicity           29   4.9179580330029215E-008  in event            1 local:           1
 Added good helicity           30   1.1302540126776364E-007  in event            1 local:           1
 Added good helicity           31   1.1302508370405609E-007  in event            1 local:           1
 Added good helicity           32   4.9179557878547326E-008  in event            1 local:           1
 Added good helicity           41   9.3179888385262073E-006  in event            1 local:           1
 Added good helicity           42   2.9599866934261390E-008  in event            1 local:           1
 Added good helicity           43   2.9659746150665374E-008  in event            1 local:           1
 Added good helicity           44   9.3179930719351527E-006  in event            1 local:           1
 Added good helicity           45   4.9417064802798292E-008  in event            1 local:           1
 Added good helicity           48   4.9417087254279009E-008  in event            1 local:           1
 Added good helicity           57  0.11690754638082226       in event            1 local:           1
 Added good helicity           58  0.42020784286209945       in event            1 local:           1
 Added good helicity           59  0.48186648647895752       in event            1 local:           1
 Added good helicity           60   2.6710144802942439       in event            1 local:           1
 Added good helicity           61   6.2000801842030013E-004  in event            1 local:           1
 Added good helicity           62   2.2285322038059392E-003  in event            1 local:           1
 Added good helicity           63   2.5555329375553425E-003  in event            1 local:           1
 Added good helicity           64   1.4165470462485216E-002  in event            1 local:           1
 Added good helicity            9   43.411119362475532       in event            1 local:           1
 Added good helicity           10   7.8316174306214625       in event            1 local:           1
 Added good helicity           11   6.8294997867347433       in event            1 local:           1
 Added good helicity           12   1.9000598790287877       in event            1 local:           1
 Added good helicity           13  0.23022672980972567       in event            1 local:           1
 Added good helicity           14   4.1534235851365189E-002  in event            1 local:           1
 Added good helicity           15   3.6219600536153855E-002  in event            1 local:           1
 Added good helicity           16   1.0076786289219404E-002  in event            1 local:           1
 Added good helicity           25   9.2732092127954702E-006  in event            1 local:           1
 Added good helicity           26   2.1311857183054324E-005  in event            1 local:           1
 Added good helicity           27   2.1311797303838860E-005  in event            1 local:           1
 Added good helicity           28   9.2732049793866468E-006  in event            1 local:           1
 Added good helicity           29   4.9179580330026111E-008  in event            1 local:           1
 Added good helicity           30   1.1302540126775939E-007  in event            1 local:           1
 Added good helicity           31   1.1302508370405593E-007  in event            1 local:           1
 Added good helicity           32   4.9179557878548206E-008  in event            1 local:           1
 Added good helicity           41   9.3179888385266562E-006  in event            1 local:           1
 Added good helicity           42   2.9599866934287274E-008  in event            1 local:           1
 Added good helicity           43   2.9659746150663898E-008  in event            1 local:           1
 Added good helicity           44   9.3179930719352662E-006  in event            1 local:           1
 Added good helicity           45   4.9417064802799298E-008  in event            1 local:           1
 Added good helicity           48   4.9417087254278791E-008  in event            1 local:           1
 Added good helicity           57  0.11690754638082222       in event            1 local:           1
 Added good helicity           58  0.42020784286209895       in event            1 local:           1
 Added good helicity           59  0.48186648647895786       in event            1 local:           1
 Added good helicity           60   2.6710144802942470       in event            1 local:           1
 Added good helicity           61   6.2000801842029948E-004  in event            1 local:           1
 Added good helicity           62   2.2285322038059349E-003  in event            1 local:           1
 Added good helicity           63   2.5555329375553451E-003  in event            1 local:           1
 Added good helicity           64   1.4165470462485237E-002  in event            1 local:           1
 Added good helicity           46   1.4807954303030518E-008  in event            3 local:           3
 Added good helicity           47   1.4807948207548901E-008  in event            3 local:           3
 Added good helicity           46   1.4807954303030637E-008  in event            2 local:           2
 Added good helicity           47   1.4807948207548570E-008  in event            2 local:           2
 RESET CUMULATIVE VARIABLE
 Added good helicity            1   3.3450933262852130E-006  in event           17 local:          17
 Added good helicity            2   6.0064292265442588E-007  in event           17 local:          17
 Added good helicity            3   9.9131803997972939E-007  in event           17 local:          17
 Added good helicity            4   2.0956482919553044E-005  in event           17 local:          17
 Added good helicity           49   1.3077796038969986E-006  in event           17 local:          17
 Added good helicity           50   6.1862742838925274E-008  in event           17 local:          17
 Added good helicity           51   3.7482843208372373E-008  in event           17 local:          17
 Added good helicity           52   2.0874899867697195E-007  in event           17 local:          17
 RESET CUMULATIVE VARIABLE
 RESET CUMULATIVE VARIABLE
 Iteration  1   Mean: 0.2351E-08 Abs mean: 0.2351E-08   Fluctuation:  0.276E-09   0.112E-06    10.2%
  1    0.2351E-08 0.2351E-08 +- 0.2757E-09      3.71
 Writing out events   4.5965376303005293E-012   3.7080026287804477     
 Relative summed weights:
  0.5398E+00  0.4602E+00
 Relative number of events:
  0.5185E+00  0.4815E+00
 Events:
         533         495
 Iteration  2   Mean: 0.2257E-08 Abs mean: 0.2257E-08   Fluctuation:  0.933E-10   0.431E-07    71.4%
  2    0.2257E-08 0.2257E-08 +- 0.9333E-10      1.85
 Relative summed weights:
  0.5237E+00  0.4763E+00
 Relative number of events:
  0.5138E+00  0.4862E+00
 Events:
        1027         972
 Iteration  3   Mean: 0.2066E-08 Abs mean: 0.2066E-08   Fluctuation:  0.337E-10   0.165E-07    91.7%
  3    0.2066E-08 0.2066E-08 +- 0.3367E-10      1.03
 Relative summed weights:
  0.5070E+00  0.4930E+00
 Relative number of events:
  0.5048E+00  0.4952E+00
 Events:
        2018        1980
 Accuracy:    0.024   0.100   0.015   2.649
 Finished due to accuracy    2.4466690050644585E-002  0.10000000000000001     

 -------------------------------------------------------------------------------
 Accumulated results:   Integral =  0.2096E-08
                        Std dev  =  0.3151E-10
                       Cross sec =  0.2096E-08
             Chi**2 per DoF.     =      2.6488
 -------------------------------------------------------------------------------
 Found          394  events.
 Wrote          391  events.
 Actual xsec    2.0963578905797811E-009
 Correct abs xsec    2.0963578905840622E-009
 Event xsec    2.0963578905840709E-009
 Events wgts > 1:            0
 % Cross section > 1:    0.0000000000000000        0.0000000000000000     
-------------------------------------------------
---------------------------
 Results Last   3 iters: Integral =   0.2096E-08
                     Abs integral =   0.2096E-08
                          Std dev =   0.3151E-10
                  Chi**2 per DoF. =      2.3122
-------------------------------------------------
---------------------------
 Status  0.10000000000000001                4           5

ls status:
events.lhe
ftn26
input_app.txt
results.dat
run1_app.log
