 Process in group number            1
 A PDF is used, so alpha_s(MZ) is going to be modified
 Old value of alpha_s from param_card:   0.11839999999999999     
  ****************************************
 
       NNPDFDriver version 1.0.3
   Grid: NNPDF23_lo_as_0130_qed_mem0.grid
  ****************************************
 New value of alpha_s from PDF nn23lo1:  0.13000000000000000     
 Define smin to   553536.76036826102     
 *****************************************************
 *               MadGraph/MadEvent                   *
 *        --------------------------------           *
 *          http://madgraph.hep.uiuc.edu             *
 *          http://madgraph.phys.ucl.ac.be           *
 *          http://madgraph.roma2.infn.it            *
 *        --------------------------------           *
 *                                                   *
 *          PARAMETER AND COUPLING VALUES            *
 *                                                   *
 *****************************************************

  External Params
  ---------------------------------
  
 mdl_cabi =   0.22773599999999999     
 aEWM1 =    127.90000000000001     
 mdl_Gf =    1.1663700000000000E-005
 aS =   0.11839999999999999     
 mdl_ymdo =    5.0400000000000002E-003
 mdl_ymup =    2.5500000000000002E-003
 mdl_yms =   0.10100000000000001     
 mdl_ymc =    1.2700000000000000     
 mdl_ymb =    4.7000000000000002     
 mdl_ymt =    172.00000000000000     
 mdl_yme =    5.1099999999999995E-004
 mdl_ymm =   0.10566000000000000     
 mdl_ymtau =    1.7769999999999999     
 mdl_yl1 =    1.1800000000000000E-013
 mdl_y2e =    1.0000000000000000E-010
 mdl_y2m =    1.0000000000000000E-010
 mdl_y2t =    1.0000000000000000E-010
 mdl_yNe =    1.0000000000000000     
 mdl_yNm =    1.0000000000000000     
 mdl_yNt =    1.0000000000000000     
 mdl_lamda =   0.10000000000000001     
 mdl_lam1 =   0.10000000000000001     
 mdl_MZ =    91.187600000000003     
 mdl_Me =    5.1099999999999995E-004
 mdl_MMU =   0.10566000000000000     
 mdl_MTA =    1.7769999999999999     
 mdl_MU =    2.5500000000000002E-003
 mdl_MC =    1.2700000000000000     
 mdl_MT =    172.00000000000000     
 mdl_MD =    5.0400000000000002E-003
 mdl_MS =   0.10100000000000001     
 mdl_MB =    4.7000000000000002     
 mdl_MChi =    613.00000000000000     
 mdl_MPsi =    101.00000000000000     
 mdl_MNN1 =    30.000000000000000     
 mdl_MNN2 =    30.000000000000000     
 mdl_MNN3 =    30.000000000000000     
 mdl_MH =    125.00000000000000     
 mdl_Mphi =    77.000000000000000     
 mdl_WZ =    2.4952000000000001     
 mdl_WW =    2.0850000000000000     
 mdl_WT =    1.5083359999999999     
 mdl_WChi =    1.0000000000000000     
 mdl_WPsi =    1.0000000000000000     
 mdl_WNN1 =    1.0000000000000000     
 mdl_WNN2 =    1.0000000000000000     
 mdl_WNN3 =    1.0000000000000000     
 mdl_WH =    4.0699999999999998E-003
 mdl_Wphi =    20.850000000000001     
  Internal Params
  ---------------------------------
  
 mdl_cos__cabi =   0.97418004031982097     
 mdl_CKM1x1 =  ( 0.97418004031982097     ,  0.0000000000000000     )
 mdl_sin__cabi =   0.22577256042856930     
 mdl_CKM1x2 =  ( 0.22577256042856930     ,  0.0000000000000000     )
 mdl_CKM1x3 =  (  0.0000000000000000     ,  0.0000000000000000     )
 mdl_CKM2x1 =  (-0.22577256042856930     ,  0.0000000000000000     )
 mdl_CKM2x2 =  ( 0.97418004031982097     ,  0.0000000000000000     )
 mdl_CKM2x3 =  (  0.0000000000000000     ,  0.0000000000000000     )
 mdl_CKM3x1 =  (  0.0000000000000000     ,  0.0000000000000000     )
 mdl_CKM3x2 =  (  0.0000000000000000     ,  0.0000000000000000     )
 mdl_CKM3x3 =  (  1.0000000000000000     ,  0.0000000000000000     )
 mdl_MZ__exp__2 =    8315.1783937600012     
 mdl_MZ__exp__4 =    69142191.720053151     
 mdl_sqrt__2 =    1.4142135623730951     
 mdl_Mphi__exp__2 =    5929.0000000000000     
 mdl_MH__exp__2 =    15625.000000000000     
 mdl_conjg__CKM1x1 =  ( 0.97418004031982097     , -0.0000000000000000     )
 mdl_conjg__CKM2x1 =  (-0.22577256042856930     , -0.0000000000000000     )
 mdl_conjg__CKM3x1 =  (  0.0000000000000000     , -0.0000000000000000     )
 mdl_conjg__CKM1x2 =  ( 0.22577256042856930     , -0.0000000000000000     )
 mdl_conjg__CKM2x2 =  ( 0.97418004031982097     , -0.0000000000000000     )
 mdl_conjg__CKM3x2 =  (  0.0000000000000000     , -0.0000000000000000     )
 mdl_conjg__CKM1x3 =  (  0.0000000000000000     , -0.0000000000000000     )
 mdl_conjg__CKM2x3 =  (  0.0000000000000000     , -0.0000000000000000     )
 mdl_conjg__CKM3x3 =  (  1.0000000000000000     , -0.0000000000000000     )
 mdl_complexi =  (  0.0000000000000000     ,  1.0000000000000000     )
 mdl_aEW =    7.8186082877247844E-003
 mdl_MW =    79.824359746197842     
 mdl_sqrt__aEW =    8.8422894590285753E-002
 mdl_ee =   0.31345100004952897     
 mdl_MW__exp__2 =    6371.9284088904105     
 mdl_sw2 =   0.23369913342182447     
 mdl_cw =   0.87538612427783857     
 mdl_sqrt__sw2 =   0.48342438232036300     
 mdl_sw =   0.48342438232036300     
 mdl_g1 =   0.35807170271074895     
 mdl_gw =   0.64839716719502682     
 mdl_vev =    246.22056907348590     
 mdl_vev__exp__2 =    60624.568634871241     
 mdl_muS =    53.830953625738765     
 mdl_lam =   0.12886689630821144     
 mdl_yb =    2.6995322804122722E-002
 mdl_yc =    7.2944808428161397E-003
 mdl_ydo =    2.8948175943144366E-005
 mdl_ye =    2.9350233942354699E-006
 mdl_ym =    6.0687783137949077E-004
 mdl_ys =    5.8011225600348830E-004
 mdl_yt =   0.98791394091683138     
 mdl_ytau =    1.0206529494239589E-002
 mdl_yup =    1.4646398542662327E-005
 mdl_muH =    88.388347648318444     
 mdl_I1b11 =  (  2.8200735207477649E-005,  0.0000000000000000     )
 mdl_I1b12 =  ( -6.5357038024204180E-006, -0.0000000000000000     )
 mdl_I1b13 =  (  0.0000000000000000     ,  0.0000000000000000     )
 mdl_I1b21 =  (  1.3097342937390123E-004,  0.0000000000000000     )
 mdl_I1b22 =  (  5.6513378094350051E-004,  0.0000000000000000     )
 mdl_I1b23 =  (  0.0000000000000000     ,  0.0000000000000000     )
 mdl_I1b31 =  (  0.0000000000000000     ,  0.0000000000000000     )
 mdl_I1b32 =  (  0.0000000000000000     ,  0.0000000000000000     )
 mdl_I1b33 =  (  2.6995322804122722E-002,  0.0000000000000000     )
 mdl_I2b11 =  (  1.4268229122830952E-005,  0.0000000000000000     )
 mdl_I2b12 =  ( -1.6468936168797480E-003, -0.0000000000000000     )
 mdl_I2b13 =  (  0.0000000000000000     ,  0.0000000000000000     )
 mdl_I2b21 =  (  3.3067549000341398E-006,  0.0000000000000000     )
 mdl_I2b22 =  (  7.1061376415667886E-003,  0.0000000000000000     )
 mdl_I2b23 =  (  0.0000000000000000     ,  0.0000000000000000     )
 mdl_I2b31 =  (  0.0000000000000000     ,  0.0000000000000000     )
 mdl_I2b32 =  (  0.0000000000000000     ,  0.0000000000000000     )
 mdl_I2b33 =  ( 0.98791394091683138     ,  0.0000000000000000     )
 mdl_I3b11 =  (  1.4268229122830952E-005,  0.0000000000000000     )
 mdl_I3b12 =  (  3.3067549000341398E-006,  0.0000000000000000     )
 mdl_I3b13 =  (  0.0000000000000000     ,  0.0000000000000000     )
 mdl_I3b21 =  ( -1.6468936168797480E-003,  0.0000000000000000     )
 mdl_I3b22 =  (  7.1061376415667886E-003,  0.0000000000000000     )
 mdl_I3b23 =  (  0.0000000000000000     ,  0.0000000000000000     )
 mdl_I3b31 =  (  0.0000000000000000     ,  0.0000000000000000     )
 mdl_I3b32 =  (  0.0000000000000000     ,  0.0000000000000000     )
 mdl_I3b33 =  ( 0.98791394091683138     ,  0.0000000000000000     )
 mdl_I4b11 =  (  2.8200735207477649E-005,  0.0000000000000000     )
 mdl_I4b12 =  (  1.3097342937390123E-004,  0.0000000000000000     )
 mdl_I4b13 =  (  0.0000000000000000     ,  0.0000000000000000     )
 mdl_I4b21 =  ( -6.5357038024204180E-006,  0.0000000000000000     )
 mdl_I4b22 =  (  5.6513378094350051E-004,  0.0000000000000000     )
 mdl_I4b23 =  (  0.0000000000000000     ,  0.0000000000000000     )
 mdl_I4b31 =  (  0.0000000000000000     ,  0.0000000000000000     )
 mdl_I4b32 =  (  0.0000000000000000     ,  0.0000000000000000     )
 mdl_I4b33 =  (  2.6995322804122722E-002,  0.0000000000000000     )
 mdl_ee__exp__2 =    9.8251529432049817E-002
 mdl_sw__exp__2 =   0.23369913342182450     
 mdl_cw__exp__2 =   0.76630086657817542     
  Internal Params evaluated point by point
  ----------------------------------------
  
 mdl_sqrt__aS =   0.34409301068170506     
 mdl_G__exp__2 =    1.4878582807401259     
  Couplings of DM
  ---------------------------------
  
         GC_1 =  -0.00000E+00  -0.10448E+00
         GC_2 =   0.00000E+00   0.20897E+00
         GC_4 =   0.00000E+00   0.31345E+00
        GC_76 =   0.00000E+00   0.57700E-01
        GC_77 =  -0.00000E+00  -0.11540E+00
        GC_78 =  -0.00000E+00  -0.17310E+00
        GC_83 =  -0.00000E+00  -0.31265E+00
        GC_84 =   0.00000E+00   0.25495E+00
       GC_107 =  -0.00000E+00  -0.10000E-09
       GC_108 =  -0.00000E+00  -0.10000E-09
       GC_124 =  -0.00000E+00  -0.11800E-12

 Collider parameters:
 --------------------

 Running at P P   machine @    14000.000000000000       GeV
 PDF set = nn23lo1
 alpha_s(Mz)= 0.1300 running at 2 loops.
 alpha_s(Mz)= 0.1300 running at 2 loops.
 Renormalization scale set on event-by-event basis
 Factorization   scale set on event-by-event basis


 getting user params
Enter number of events and max and min iterations: 
 Number of events and iterations         1000           5           3
Enter desired fractional accuracy: 
 Desired fractional accuracy:   0.10000000000000001     
Enter 0 for fixed, 2 for adjustable grid: 
Suppress amplitude (0 no, 1 yes)? 
 Using suppressed amplitude.
Exact helicity sum (0 yes, n = number/event)? 
 Explicitly summing over helicities
Enter Configuration Number: 
Running Configuration Number:    2
 Using dconfig=          22
 BW Setting            1           1           2           0
 Attempting mappinvarients           1           6
 Completed mapping           6
 about to integrate           10        1000           5           3          10           1
 Using non-zero grid deformation.
 10 dimensions   1000 events 10 invarients  5 iterations  1 config(s),  (0.99)
 Using h-tuple random number sequence.
 Error opening grid
 Using Uniform Grid!          24
 Using uniform alpha   1.0000000000000000     
 Grid defined OK
 Set CM energy to      14000.00
 Mapping Graph           2  to config           2
 Setting BW          -1           1   77.000000000000000     
 Setting BW          -2           2   613.00000000000000     
Setting grid   3    0.74823E-02   1
 Transforming s_hat 1/s            9   7.4822500000000011E-003   553536.76036826102        195999999.99999997     
   2   1   2   3   4   5   6   7   8   9  10
 Masses: 0.127E+01 0.127E+01 0.511E-03 0.300E+02 0.101E+03 0.613E+03
Using random seed offsets     2 :      3
  with seed                   33
 Ranmar initialization seeds       11950        9410
 
 ********************************************
 * You are using the DiscreteSampler module *
 *      part of the MG5_aMC framework       *
 *         Author: Valentin Hirschi         *
 ********************************************
 
  Particle       3       4       5       6
      Et >     0.0     0.0     0.0     0.0
       E >     0.0     0.0     0.0     0.0
     Eta <    -1.0    -1.0    -1.0    -1.0
   xqcut:      0.0     0.0     0.0     0.0
d R # 3  >    -0.0     0.0     0.0     0.0
d R # 4  >    -0.0    -0.0     0.0     0.0
d R # 5  >    -0.0    -0.0    -0.0     0.0
s min # 3>     0.0   900.0 10201.1     0.0
s min # 4>     0.0     0.0 17161.0     0.0
s min # 5>     0.0     0.0     0.0     0.0
xqcutij # 3>     0.0     0.0     0.0     0.0
xqcutij # 4>     0.0     0.0     0.0     0.0
xqcutij # 5>     0.0     0.0     0.0     0.0
 Requiring BW           -1           1
 Requiring BW           -2           2
 Excluding BW           -3           3
 alpha_s for scale    4149.2421557824127       is    7.9750981178084226E-002
 Added good helicity            1   1.1048406746736034E-008  in event            1 local:           1
 Added good helicity            3   1.1923844790147812E-008  in event            1 local:           1
 Added good helicity            9   24.834265560994393       in event            1 local:           1
 Added good helicity           10   3.0913837776894679       in event            1 local:           1
 Added good helicity           11   26.802048006975415       in event            1 local:           1
 Added good helicity           12   4.5171810110317976       in event            1 local:           1
 Added good helicity           13  0.41845526627563290       in event            1 local:           1
 Added good helicity           14   5.2089554195836676E-002  in event            1 local:           1
 Added good helicity           15  0.45161223342584389       in event            1 local:           1
 Added good helicity           16   7.6114116527586026E-002  in event            1 local:           1
 Added good helicity           25   1.4356280027730173E-006  in event            1 local:           1
 Added good helicity           26   1.1849731017094445E-006  in event            1 local:           1
 Added good helicity           27   1.1849750341254972E-006  in event            1 local:           1
 Added good helicity           28   1.4356284729241307E-006  in event            1 local:           1
 Added good helicity           29   2.4190209962020946E-008  in event            1 local:           1
 Added good helicity           30   1.9966696159680707E-008  in event            1 local:           1
 Added good helicity           31   1.9966728720727889E-008  in event            1 local:           1
 Added good helicity           32   2.4190217884038093E-008  in event            1 local:           1
 Added good helicity           41   1.4464788942317473E-006  in event            1 local:           1
 Added good helicity           42   1.1801435674878401E-006  in event            1 local:           1
 Added good helicity           43   1.1801416350718067E-006  in event            1 local:           1
 Added good helicity           44   1.4464784240804568E-006  in event            1 local:           1
 Added good helicity           45   2.4373046561868116E-008  in event            1 local:           1
 Added good helicity           46   1.9885318918083448E-008  in event            1 local:           1
 Added good helicity           47   1.9885286357031264E-008  in event            1 local:           1
 Added good helicity           48   2.4373038639852786E-008  in event            1 local:           1
 Added good helicity           57  0.28169717918186260       in event            1 local:           1
 Added good helicity           58   1.6714099571000494       in event            1 local:           1
 Added good helicity           59  0.19278264205418236       in event            1 local:           1
 Added good helicity           60   1.5486965296499036       in event            1 local:           1
 Added good helicity           61   4.7465735531468205E-003  in event            1 local:           1
 Added good helicity           62   2.8163115874566724E-002  in event            1 local:           1
 Added good helicity           63   3.2483711513823666E-003  in event            1 local:           1
 Added good helicity           64   2.6095405040391692E-002  in event            1 local:           1
 Added good helicity            1   1.1048406746736116E-008  in event            1 local:           1
 Added good helicity            3   1.1923844790147897E-008  in event            1 local:           1
 Added good helicity            9   24.834265560994385       in event            1 local:           1
 Added good helicity           10   3.0913837776894639       in event            1 local:           1
 Added good helicity           11   26.802048006975401       in event            1 local:           1
 Added good helicity           12   4.5171810110317958       in event            1 local:           1
 Added good helicity           13  0.41845526627563584       in event            1 local:           1
 Added good helicity           14   5.2089554195836989E-002  in event            1 local:           1
 Added good helicity           15  0.45161223342584683       in event            1 local:           1
 Added good helicity           16   7.6114116527586539E-002  in event            1 local:           1
 Added good helicity           25   1.4356280027727272E-006  in event            1 local:           1
 Added good helicity           26   1.1849731017093535E-006  in event            1 local:           1
 Added good helicity           27   1.1849750341252348E-006  in event            1 local:           1
 Added good helicity           28   1.4356284729249208E-006  in event            1 local:           1
 Added good helicity           29   2.4190209962028507E-008  in event            1 local:           1
 Added good helicity           30   1.9966696159683315E-008  in event            1 local:           1
 Added good helicity           31   1.9966728720737845E-008  in event            1 local:           1
 Added good helicity           32   2.4190217884048945E-008  in event            1 local:           1
 Added good helicity           41   1.4464788942317416E-006  in event            1 local:           1
 Added good helicity           42   1.1801435674880084E-006  in event            1 local:           1
 Added good helicity           43   1.1801416350717980E-006  in event            1 local:           1
 Added good helicity           44   1.4464784240801661E-006  in event            1 local:           1
 Added good helicity           45   2.4373046561870287E-008  in event            1 local:           1
 Added good helicity           46   1.9885318918075948E-008  in event            1 local:           1
 Added good helicity           47   1.9885286357029682E-008  in event            1 local:           1
 Added good helicity           48   2.4373038639841258E-008  in event            1 local:           1
 Added good helicity           57  0.28169717918186221       in event            1 local:           1
 Added good helicity           58   1.6714099571000529       in event            1 local:           1
 Added good helicity           59  0.19278264205418194       in event            1 local:           1
 Added good helicity           60   1.5486965296499025       in event            1 local:           1
 Added good helicity           61   4.7465735531468517E-003  in event            1 local:           1
 Added good helicity           62   2.8163115874566873E-002  in event            1 local:           1
 Added good helicity           63   3.2483711513823861E-003  in event            1 local:           1
 Added good helicity           64   2.6095405040391918E-002  in event            1 local:           1
 RESET CUMULATIVE VARIABLE
 Added good helicity            4   1.4199623159145472E-008  in event           21 local:          21
 Added good helicity            2   1.0155771289599676E-005  in event           18 local:          18
 Added good helicity            4   1.3748844652513149E-006  in event           18 local:          18
 Added good helicity            5   2.6961251301243075E-008  in event           18 local:          18
 Added good helicity           49   8.4974172187115473E-008  in event           18 local:          18
 Added good helicity           50   6.8755758511915869E-008  in event           18 local:          18
 Added good helicity           51   6.2767329187741076E-007  in event           18 local:          18
 Added good helicity           52   3.7697920333561732E-006  in event           18 local:          18
 RESET CUMULATIVE VARIABLE
 RESET CUMULATIVE VARIABLE
 Iteration  1   Mean: 0.4522E-51 Abs mean: 0.4522E-51   Fluctuation:  0.479E-52   0.234E-49    95.9%
  1    0.4522E-51 0.4522E-51 +- 0.4792E-52      3.35
 Writing out events   9.4334281578684282E-056   3.3507958299667915     
 Relative summed weights:
  0.4911E+00  0.5089E+00
 Relative number of events:
  0.5213E+00  0.4787E+00
 Events:
         538         494
 Iteration  2   Mean: 0.4682E-51 Abs mean: 0.4682E-51   Fluctuation:  0.164E-52   0.883E-50    97.4%
  2    0.4682E-51 0.4682E-51 +- 0.1642E-52      1.57
 Relative summed weights:
  0.5106E+00  0.4894E+00
 Relative number of events:
  0.4985E+00  0.5015E+00
 Events:
         997        1003
 Iteration  3   Mean: 0.4703E-51 Abs mean: 0.4703E-51   Fluctuation:  0.746E-53   0.466E-50    97.7%
  3    0.4703E-51 0.4703E-51 +- 0.7457E-53      1.00
 Relative summed weights:
  0.5126E+00  0.4874E+00
 Relative number of events:
  0.5040E+00  0.4960E+00
 Events:
        2016        1984
 Accuracy:    0.004   0.100   0.014   0.069
 Finished due to accuracy    3.7694727560362178E-003  0.10000000000000001     

 -------------------------------------------------------------------------------
 Accumulated results:   Integral =  0.0000E+00
                        Std dev  =  0.0000E+00
                       Cross sec =  0.0000E+00
             Chi**2 per DoF.     =      0.0694
 -------------------------------------------------------------------------------
 Found          405  events.
 Wrote          401  events.
 Actual xsec    4.6966297757351806E-052
 Correct abs xsec    4.6966297757352904E-052
 Event xsec    4.6966297757353208E-052
 Events wgts > 1:            1
 % Cross section > 1:    2.3077940703902452E-056   4.9137236286182018E-003
-------------------------------------------------
---------------------------
 Results Last   3 iters: Integral =   0.4697E-51
                     Abs integral =   0.4697E-51
                          Std dev =   0.6723E-53
                  Chi**2 per DoF. =      0.0742
-------------------------------------------------
---------------------------
 Status  0.10000000000000001                4           5

ls status:
events.lhe
ftn26
input_app.txt
results.dat
run_01_log.txt
run1_app.log
