BEGIN-STAMP
Info in <TCanvas::Print>: png file ../../HTML/MadAnalysis5job_0/selection_0.png has been created
Info in <TCanvas::Print>: png file ../../PDF/MadAnalysis5job_0/selection_0.png has been created
Info in <TCanvas::Print>: eps file ../../DVI/MadAnalysis5job_0/selection_0.eps has been created
Info in <TCanvas::Print>: png file ../../HTML/MadAnalysis5job_0/selection_1.png has been created
Info in <TCanvas::Print>: png file ../../PDF/MadAnalysis5job_0/selection_1.png has been created
Info in <TCanvas::Print>: eps file ../../DVI/MadAnalysis5job_0/selection_1.eps has been created
Info in <TCanvas::Print>: png file ../../HTML/MadAnalysis5job_0/selection_2.png has been created
Info in <TCanvas::Print>: png file ../../PDF/MadAnalysis5job_0/selection_2.png has been created
Info in <TCanvas::Print>: eps file ../../DVI/MadAnalysis5job_0/selection_2.eps has been created
Info in <TCanvas::Print>: png file ../../HTML/MadAnalysis5job_0/selection_3.png has been created
Info in <TCanvas::Print>: png file ../../PDF/MadAnalysis5job_0/selection_3.png has been created
Info in <TCanvas::Print>: eps file ../../DVI/MadAnalysis5job_0/selection_3.eps has been created
Info in <TCanvas::Print>: png file ../../HTML/MadAnalysis5job_0/selection_4.png has been created
Info in <TCanvas::Print>: png file ../../PDF/MadAnalysis5job_0/selection_4.png has been created
Info in <TCanvas::Print>: eps file ../../DVI/MadAnalysis5job_0/selection_4.eps has been created
Info in <TCanvas::Print>: png file ../../HTML/MadAnalysis5job_0/selection_5.png has been created
Info in <TCanvas::Print>: png file ../../PDF/MadAnalysis5job_0/selection_5.png has been created
Info in <TCanvas::Print>: eps file ../../DVI/MadAnalysis5job_0/selection_5.eps has been created
Info in <TCanvas::Print>: png file ../../HTML/MadAnalysis5job_0/selection_6.png has been created
Info in <TCanvas::Print>: png file ../../PDF/MadAnalysis5job_0/selection_6.png has been created
Info in <TCanvas::Print>: eps file ../../DVI/MadAnalysis5job_0/selection_6.eps has been created
END-STAMP
