This is pdfTeX, Version 3.1415926-2.5-1.40.14 (TeX Live 2013)
 restricted \write18 enabled.
entering extended mode
(./main.tex
LaTeX2e <2011/06/27>
Babel <v3.8m> and hyphenation patterns for english, dumylang, nohyphenation, lo
aded.
(/usr/share/texlive/texmf-dist/tex/latex/base/article.cls
Document Class: article 2007/10/19 v1.4h Standard LaTeX document class
(/usr/share/texlive/texmf-dist/tex/latex/base/size10.clo)) (./jheppub.sty
(/usr/share/texlive/texmf-dist/tex/latex/amsmath/amsmath.sty
For additional information on amsmath, use the `?' option.
(/usr/share/texlive/texmf-dist/tex/latex/amsmath/amstext.sty
(/usr/share/texlive/texmf-dist/tex/latex/amsmath/amsgen.sty))
(/usr/share/texlive/texmf-dist/tex/latex/amsmath/amsbsy.sty)
(/usr/share/texlive/texmf-dist/tex/latex/amsmath/amsopn.sty))
(/usr/share/texlive/texmf-dist/tex/latex/amsfonts/amssymb.sty
(/usr/share/texlive/texmf-dist/tex/latex/amsfonts/amsfonts.sty))
(/usr/share/texlive/texmf-dist/tex/latex/graphics/epsfig.sty
(/usr/share/texlive/texmf-dist/tex/latex/graphics/graphicx.sty
(/usr/share/texlive/texmf-dist/tex/latex/graphics/keyval.sty)
(/usr/share/texlive/texmf-dist/tex/latex/graphics/graphics.sty
(/usr/share/texlive/texmf-dist/tex/latex/graphics/trig.sty)
(/usr/share/texlive/texmf-dist/tex/latex/latexconfig/graphics.cfg)
(/usr/share/texlive/texmf-dist/tex/latex/pdftex-def/pdftex.def
(/usr/share/texlive/texmf-dist/tex/generic/oberdiek/infwarerr.sty)
(/usr/share/texlive/texmf-dist/tex/generic/oberdiek/ltxcmds.sty)))))
(/usr/share/texlive/texmf-dist/tex/latex/natbib/natbib.sty)
(/usr/share/texlive/texmf-dist/tex/latex/graphics/color.sty
(/usr/share/texlive/texmf-dist/tex/latex/latexconfig/color.cfg))
(/usr/share/texlive/texmf-dist/tex/latex/hyperref/hyperref.sty
(/usr/share/texlive/texmf-dist/tex/generic/oberdiek/hobsub-hyperref.sty
(/usr/share/texlive/texmf-dist/tex/generic/oberdiek/hobsub-generic.sty))
(/usr/share/texlive/texmf-dist/tex/generic/ifxetex/ifxetex.sty)
(/usr/share/texlive/texmf-dist/tex/latex/oberdiek/auxhook.sty)
(/usr/share/texlive/texmf-dist/tex/latex/oberdiek/kvoptions.sty)
(/usr/share/texlive/texmf-dist/tex/latex/hyperref/pd1enc.def)
(/usr/share/texlive/texmf-dist/tex/latex/latexconfig/hyperref.cfg)

Package hyperref Warning: Option `pagecolor' is not available anymore.

(/usr/share/texlive/texmf-dist/tex/latex/url/url.sty))

Package hyperref Message: Driver (autodetected): hpdftex.

(/usr/share/texlive/texmf-dist/tex/latex/hyperref/hpdftex.def
(/usr/share/texlive/texmf-dist/tex/latex/oberdiek/rerunfilecheck.sty))
(/usr/share/texlive/texmf-dist/tex/latex/psnfss/ot1phv.fd))
(/usr/share/texlive/texmf-dist/tex/latex/base/fontenc.sty
(/usr/share/texlive/texmf-dist/tex/latex/base/t1enc.def))
(/usr/share/texlive/texmf-dist/tex/latex/colortbl/colortbl.sty
(/usr/share/texlive/texmf-dist/tex/latex/tools/array.sty))
(/usr/share/texlive/texmf-dist/tex/latex/xcolor/xcolor.sty
(/usr/share/texlive/texmf-dist/tex/latex/latexconfig/color.cfg))
(/usr/share/texlive/texmf-dist/tex/latex/float/float.sty)
No file main.aux.
(/usr/share/texlive/texmf-dist/tex/context/base/supp-pdf.mkii
[Loading MPS to PDF converter (version 2006.09.02).]
) (/usr/share/texlive/texmf-dist/tex/latex/oberdiek/epstopdf-base.sty
(/usr/share/texlive/texmf-dist/tex/latex/oberdiek/grfext.sty)
(/usr/share/texlive/texmf-dist/tex/latex/latexconfig/epstopdf-sys.cfg))
(/usr/share/texlive/texmf-dist/tex/latex/hyperref/nameref.sty
(/usr/share/texlive/texmf-dist/tex/generic/oberdiek/gettitlestring.sty))
(/usr/share/texlive/texmf-dist/tex/latex/base/t1cmss.fd)
<logo.png, id=4, 325.215pt x 92.59593pt> <use logo.png>

Package JHEP Warning: E-mails are missing.
(JHEP)                Plese use \emailAdd macro to provide e-mails..

(/usr/share/texlive/texmf-dist/tex/latex/amsfonts/umsa.fd)
(/usr/share/texlive/texmf-dist/tex/latex/amsfonts/umsb.fd)
Underfull \hbox (badness 10000) in paragraph at lines 38--38


Underfull \hbox (badness 10000) in paragraph at lines 38--38


Underfull \hbox (badness 10000) in paragraph at lines 38--38


Underfull \hbox (badness 10000) in paragraph at lines 38--38

[0{/usr/share/texlive/texmf/fonts/map/pdftex/updmap/pdftex.map} <./logo.png>]
[1] (/usr/share/texlive/texmf-dist/tex/latex/base/t1cmtt.fd)
Overfull \hbox (21.18338pt too wide) in paragraph at lines 50--77
\T1/cmtt/m/n/10 ma5>import /-home/-s1412595/-Desktop/-SummerProject2019/-MG5_aM
C_v2_6_6/-BP2_080719/-Events/-

Overfull \hbox (168.14749pt too wide) in paragraph at lines 50--77
\T1/cmtt/m/n/10 ma5>submit /-home/-s1412595/-Desktop/-SummerProject2019/-MG5_aM
C_v2_6_6/-BP2_080719/-MA5_HADRON_ANALYSIS_reco_BasicReco_1 

Underfull \hbox (badness 10000) in paragraph at lines 50--77

(/usr/share/texlive/texmf-dist/tex/latex/base/omscmr.fd) [2]
Underfull \hbox (badness 10000) in paragraph at lines 105--105
[]|\T1/cmr/m/n/10 Events/-run_01/-

Overfull \hbox (18.13213pt too wide) in paragraph at lines 101--108
 [] 
[3] (./main.aux)

Package rerunfilecheck Warning: File `main.out' has changed.
(rerunfilecheck)                Rerun to get outlines right
(rerunfilecheck)                or use package `bookmark'.

 )
(see the transcript file for additional information){/usr/share/texlive/texmf-d
ist/fonts/enc/dvips/cm-super/cm-super-t1.enc}</usr/share/texlive/texmf-dist/fon
ts/type1/public/amsfonts/cm/cmsy10.pfb></usr/share/texlive/texmf-dist/fonts/typ
e1/public/cm-super/sfbx1000.pfb></usr/share/texlive/texmf-dist/fonts/type1/publ
ic/cm-super/sfbx1200.pfb></usr/share/texlive/texmf-dist/fonts/type1/public/cm-s
uper/sfcc1000.pfb></usr/share/texlive/texmf-dist/fonts/type1/public/cm-super/sf
rm1000.pfb></usr/share/texlive/texmf-dist/fonts/type1/public/cm-super/sfsx1000.
pfb></usr/share/texlive/texmf-dist/fonts/type1/public/cm-super/sfsx1728.pfb></u
sr/share/texlive/texmf-dist/fonts/type1/public/cm-super/sfti1000.pfb></usr/shar
e/texlive/texmf-dist/fonts/type1/public/cm-super/sftt1000.pfb>
Output written on main.pdf (4 pages, 190397 bytes).
Transcript written on main.log.
This is pdfTeX, Version 3.1415926-2.5-1.40.14 (TeX Live 2013)
 restricted \write18 enabled.
entering extended mode
(./main.tex
LaTeX2e <2011/06/27>
Babel <v3.8m> and hyphenation patterns for english, dumylang, nohyphenation, lo
aded.
(/usr/share/texlive/texmf-dist/tex/latex/base/article.cls
Document Class: article 2007/10/19 v1.4h Standard LaTeX document class
(/usr/share/texlive/texmf-dist/tex/latex/base/size10.clo)) (./jheppub.sty
(/usr/share/texlive/texmf-dist/tex/latex/amsmath/amsmath.sty
For additional information on amsmath, use the `?' option.
(/usr/share/texlive/texmf-dist/tex/latex/amsmath/amstext.sty
(/usr/share/texlive/texmf-dist/tex/latex/amsmath/amsgen.sty))
(/usr/share/texlive/texmf-dist/tex/latex/amsmath/amsbsy.sty)
(/usr/share/texlive/texmf-dist/tex/latex/amsmath/amsopn.sty))
(/usr/share/texlive/texmf-dist/tex/latex/amsfonts/amssymb.sty
(/usr/share/texlive/texmf-dist/tex/latex/amsfonts/amsfonts.sty))
(/usr/share/texlive/texmf-dist/tex/latex/graphics/epsfig.sty
(/usr/share/texlive/texmf-dist/tex/latex/graphics/graphicx.sty
(/usr/share/texlive/texmf-dist/tex/latex/graphics/keyval.sty)
(/usr/share/texlive/texmf-dist/tex/latex/graphics/graphics.sty
(/usr/share/texlive/texmf-dist/tex/latex/graphics/trig.sty)
(/usr/share/texlive/texmf-dist/tex/latex/latexconfig/graphics.cfg)
(/usr/share/texlive/texmf-dist/tex/latex/pdftex-def/pdftex.def
(/usr/share/texlive/texmf-dist/tex/generic/oberdiek/infwarerr.sty)
(/usr/share/texlive/texmf-dist/tex/generic/oberdiek/ltxcmds.sty)))))
(/usr/share/texlive/texmf-dist/tex/latex/natbib/natbib.sty)
(/usr/share/texlive/texmf-dist/tex/latex/graphics/color.sty
(/usr/share/texlive/texmf-dist/tex/latex/latexconfig/color.cfg))
(/usr/share/texlive/texmf-dist/tex/latex/hyperref/hyperref.sty
(/usr/share/texlive/texmf-dist/tex/generic/oberdiek/hobsub-hyperref.sty
(/usr/share/texlive/texmf-dist/tex/generic/oberdiek/hobsub-generic.sty))
(/usr/share/texlive/texmf-dist/tex/generic/ifxetex/ifxetex.sty)
(/usr/share/texlive/texmf-dist/tex/latex/oberdiek/auxhook.sty)
(/usr/share/texlive/texmf-dist/tex/latex/oberdiek/kvoptions.sty)
(/usr/share/texlive/texmf-dist/tex/latex/hyperref/pd1enc.def)
(/usr/share/texlive/texmf-dist/tex/latex/latexconfig/hyperref.cfg)

Package hyperref Warning: Option `pagecolor' is not available anymore.

(/usr/share/texlive/texmf-dist/tex/latex/url/url.sty))

Package hyperref Message: Driver (autodetected): hpdftex.

(/usr/share/texlive/texmf-dist/tex/latex/hyperref/hpdftex.def
(/usr/share/texlive/texmf-dist/tex/latex/oberdiek/rerunfilecheck.sty))
(/usr/share/texlive/texmf-dist/tex/latex/psnfss/ot1phv.fd))
(/usr/share/texlive/texmf-dist/tex/latex/base/fontenc.sty
(/usr/share/texlive/texmf-dist/tex/latex/base/t1enc.def))
(/usr/share/texlive/texmf-dist/tex/latex/colortbl/colortbl.sty
(/usr/share/texlive/texmf-dist/tex/latex/tools/array.sty))
(/usr/share/texlive/texmf-dist/tex/latex/xcolor/xcolor.sty
(/usr/share/texlive/texmf-dist/tex/latex/latexconfig/color.cfg))
(/usr/share/texlive/texmf-dist/tex/latex/float/float.sty) (./main.aux)
(/usr/share/texlive/texmf-dist/tex/context/base/supp-pdf.mkii
[Loading MPS to PDF converter (version 2006.09.02).]
) (/usr/share/texlive/texmf-dist/tex/latex/oberdiek/epstopdf-base.sty
(/usr/share/texlive/texmf-dist/tex/latex/oberdiek/grfext.sty)
(/usr/share/texlive/texmf-dist/tex/latex/latexconfig/epstopdf-sys.cfg))
(/usr/share/texlive/texmf-dist/tex/latex/hyperref/nameref.sty
(/usr/share/texlive/texmf-dist/tex/generic/oberdiek/gettitlestring.sty))
(./main.out) (./main.out)
(/usr/share/texlive/texmf-dist/tex/latex/base/t1cmss.fd)
<logo.png, id=24, 325.215pt x 92.59593pt> <use logo.png>

Package JHEP Warning: E-mails are missing.
(JHEP)                Plese use \emailAdd macro to provide e-mails..

(/usr/share/texlive/texmf-dist/tex/latex/amsfonts/umsa.fd)
(/usr/share/texlive/texmf-dist/tex/latex/amsfonts/umsb.fd)
Underfull \hbox (badness 10000) in paragraph at lines 38--38


Underfull \hbox (badness 10000) in paragraph at lines 38--38


Underfull \hbox (badness 10000) in paragraph at lines 38--38


Underfull \hbox (badness 10000) in paragraph at lines 38--38

[0{/usr/share/texlive/texmf/fonts/map/pdftex/updmap/pdftex.map} <./logo.png>]
(./main.toc) [1] (/usr/share/texlive/texmf-dist/tex/latex/base/t1cmtt.fd)
Overfull \hbox (21.18338pt too wide) in paragraph at lines 50--77
\T1/cmtt/m/n/10 ma5>import /-home/-s1412595/-Desktop/-SummerProject2019/-MG5_aM
C_v2_6_6/-BP2_080719/-Events/-

Overfull \hbox (168.14749pt too wide) in paragraph at lines 50--77
\T1/cmtt/m/n/10 ma5>submit /-home/-s1412595/-Desktop/-SummerProject2019/-MG5_aM
C_v2_6_6/-BP2_080719/-MA5_HADRON_ANALYSIS_reco_BasicReco_1 

Underfull \hbox (badness 10000) in paragraph at lines 50--77

(/usr/share/texlive/texmf-dist/tex/latex/base/omscmr.fd) [2]
Underfull \hbox (badness 10000) in paragraph at lines 105--105
[]|\T1/cmr/m/n/10 Events/-run_01/-

Overfull \hbox (18.13213pt too wide) in paragraph at lines 101--108
 [] 
[3] (./main.aux) )
(see the transcript file for additional information){/usr/share/texlive/texmf-d
ist/fonts/enc/dvips/cm-super/cm-super-t1.enc}</usr/share/texlive/texmf-dist/fon
ts/type1/public/amsfonts/cm/cmsy10.pfb></usr/share/texlive/texmf-dist/fonts/typ
e1/public/cm-super/sfbx1000.pfb></usr/share/texlive/texmf-dist/fonts/type1/publ
ic/cm-super/sfbx1200.pfb></usr/share/texlive/texmf-dist/fonts/type1/public/cm-s
uper/sfcc1000.pfb></usr/share/texlive/texmf-dist/fonts/type1/public/cm-super/sf
rm1000.pfb></usr/share/texlive/texmf-dist/fonts/type1/public/cm-super/sfsx1000.
pfb></usr/share/texlive/texmf-dist/fonts/type1/public/cm-super/sfsx1728.pfb></u
sr/share/texlive/texmf-dist/fonts/type1/public/cm-super/sfti1000.pfb></usr/shar
e/texlive/texmf-dist/fonts/type1/public/cm-super/sftt1000.pfb>
Output written on main.pdf (4 pages, 191504 bytes).
Transcript written on main.log.
