 Process in group number            2
 A PDF is used, so alpha_s(MZ) is going to be modified
 Old value of alpha_s from param_card:   0.11839999999999999     
  ****************************************
 
       NNPDFDriver version 1.0.3
   Grid: NNPDF23_lo_as_0130_qed_mem0.grid
  ****************************************
 New value of alpha_s from PDF nn23lo1:  0.13000000000000000     
 Define smin to   553536.76036826102     
 *****************************************************
 *               MadGraph/MadEvent                   *
 *        --------------------------------           *
 *          http://madgraph.hep.uiuc.edu             *
 *          http://madgraph.phys.ucl.ac.be           *
 *          http://madgraph.roma2.infn.it            *
 *        --------------------------------           *
 *                                                   *
 *          PARAMETER AND COUPLING VALUES            *
 *                                                   *
 *****************************************************

  External Params
  ---------------------------------
  
 mdl_cabi =   0.22773599999999999     
 aEWM1 =    127.90000000000001     
 mdl_Gf =    1.1663700000000000E-005
 aS =   0.11839999999999999     
 mdl_ymdo =    5.0400000000000002E-003
 mdl_ymup =    2.5500000000000002E-003
 mdl_yms =   0.10100000000000001     
 mdl_ymc =    1.2700000000000000     
 mdl_ymb =    4.7000000000000002     
 mdl_ymt =    172.00000000000000     
 mdl_yme =    5.1099999999999995E-004
 mdl_ymm =   0.10566000000000000     
 mdl_ymtau =    1.7769999999999999     
 mdl_yl1 =    1.1800000000000000E-013
 mdl_y2e =    1.0000000000000000E-010
 mdl_y2m =    1.0000000000000000E-010
 mdl_y2t =    1.0000000000000000E-010
 mdl_yNe =    1.0000000000000000     
 mdl_yNm =    1.0000000000000000     
 mdl_yNt =    1.0000000000000000     
 mdl_lamda =   0.10000000000000001     
 mdl_lam1 =   0.10000000000000001     
 mdl_MZ =    91.187600000000003     
 mdl_Me =    5.1099999999999995E-004
 mdl_MMU =   0.10566000000000000     
 mdl_MTA =    1.7769999999999999     
 mdl_MU =    2.5500000000000002E-003
 mdl_MC =    1.2700000000000000     
 mdl_MT =    172.00000000000000     
 mdl_MD =    5.0400000000000002E-003
 mdl_MS =   0.10100000000000001     
 mdl_MB =    4.7000000000000002     
 mdl_MChi =    613.00000000000000     
 mdl_MPsi =    101.00000000000000     
 mdl_MNN1 =    30.000000000000000     
 mdl_MNN2 =    30.000000000000000     
 mdl_MNN3 =    30.000000000000000     
 mdl_MH =    125.00000000000000     
 mdl_Mphi =    77.000000000000000     
 mdl_WZ =    2.4952000000000001     
 mdl_WW =    2.0850000000000000     
 mdl_WT =    1.5083359999999999     
 mdl_WChi =    1.0000000000000000     
 mdl_WPsi =    1.0000000000000000     
 mdl_WNN1 =    1.0000000000000000     
 mdl_WNN2 =    1.0000000000000000     
 mdl_WNN3 =    1.0000000000000000     
 mdl_WH =    4.0699999999999998E-003
 mdl_Wphi =    20.850000000000001     
  Internal Params
  ---------------------------------
  
 mdl_cos__cabi =   0.97418004031982097     
 mdl_CKM1x1 =  ( 0.97418004031982097     ,  0.0000000000000000     )
 mdl_sin__cabi =   0.22577256042856930     
 mdl_CKM1x2 =  ( 0.22577256042856930     ,  0.0000000000000000     )
 mdl_CKM1x3 =  (  0.0000000000000000     ,  0.0000000000000000     )
 mdl_CKM2x1 =  (-0.22577256042856930     ,  0.0000000000000000     )
 mdl_CKM2x2 =  ( 0.97418004031982097     ,  0.0000000000000000     )
 mdl_CKM2x3 =  (  0.0000000000000000     ,  0.0000000000000000     )
 mdl_CKM3x1 =  (  0.0000000000000000     ,  0.0000000000000000     )
 mdl_CKM3x2 =  (  0.0000000000000000     ,  0.0000000000000000     )
 mdl_CKM3x3 =  (  1.0000000000000000     ,  0.0000000000000000     )
 mdl_MZ__exp__2 =    8315.1783937600012     
 mdl_MZ__exp__4 =    69142191.720053151     
 mdl_sqrt__2 =    1.4142135623730951     
 mdl_Mphi__exp__2 =    5929.0000000000000     
 mdl_MH__exp__2 =    15625.000000000000     
 mdl_conjg__CKM1x1 =  ( 0.97418004031982097     , -0.0000000000000000     )
 mdl_conjg__CKM2x1 =  (-0.22577256042856930     , -0.0000000000000000     )
 mdl_conjg__CKM3x1 =  (  0.0000000000000000     , -0.0000000000000000     )
 mdl_conjg__CKM1x2 =  ( 0.22577256042856930     , -0.0000000000000000     )
 mdl_conjg__CKM2x2 =  ( 0.97418004031982097     , -0.0000000000000000     )
 mdl_conjg__CKM3x2 =  (  0.0000000000000000     , -0.0000000000000000     )
 mdl_conjg__CKM1x3 =  (  0.0000000000000000     , -0.0000000000000000     )
 mdl_conjg__CKM2x3 =  (  0.0000000000000000     , -0.0000000000000000     )
 mdl_conjg__CKM3x3 =  (  1.0000000000000000     , -0.0000000000000000     )
 mdl_complexi =  (  0.0000000000000000     ,  1.0000000000000000     )
 mdl_aEW =    7.8186082877247844E-003
 mdl_MW =    79.824359746197842     
 mdl_sqrt__aEW =    8.8422894590285753E-002
 mdl_ee =   0.31345100004952897     
 mdl_MW__exp__2 =    6371.9284088904105     
 mdl_sw2 =   0.23369913342182447     
 mdl_cw =   0.87538612427783857     
 mdl_sqrt__sw2 =   0.48342438232036300     
 mdl_sw =   0.48342438232036300     
 mdl_g1 =   0.35807170271074895     
 mdl_gw =   0.64839716719502682     
 mdl_vev =    246.22056907348590     
 mdl_vev__exp__2 =    60624.568634871241     
 mdl_muS =    53.830953625738765     
 mdl_lam =   0.12886689630821144     
 mdl_yb =    2.6995322804122722E-002
 mdl_yc =    7.2944808428161397E-003
 mdl_ydo =    2.8948175943144366E-005
 mdl_ye =    2.9350233942354699E-006
 mdl_ym =    6.0687783137949077E-004
 mdl_ys =    5.8011225600348830E-004
 mdl_yt =   0.98791394091683138     
 mdl_ytau =    1.0206529494239589E-002
 mdl_yup =    1.4646398542662327E-005
 mdl_muH =    88.388347648318444     
 mdl_I1b11 =  (  2.8200735207477649E-005,  0.0000000000000000     )
 mdl_I1b12 =  ( -6.5357038024204180E-006, -0.0000000000000000     )
 mdl_I1b13 =  (  0.0000000000000000     ,  0.0000000000000000     )
 mdl_I1b21 =  (  1.3097342937390123E-004,  0.0000000000000000     )
 mdl_I1b22 =  (  5.6513378094350051E-004,  0.0000000000000000     )
 mdl_I1b23 =  (  0.0000000000000000     ,  0.0000000000000000     )
 mdl_I1b31 =  (  0.0000000000000000     ,  0.0000000000000000     )
 mdl_I1b32 =  (  0.0000000000000000     ,  0.0000000000000000     )
 mdl_I1b33 =  (  2.6995322804122722E-002,  0.0000000000000000     )
 mdl_I2b11 =  (  1.4268229122830952E-005,  0.0000000000000000     )
 mdl_I2b12 =  ( -1.6468936168797480E-003, -0.0000000000000000     )
 mdl_I2b13 =  (  0.0000000000000000     ,  0.0000000000000000     )
 mdl_I2b21 =  (  3.3067549000341398E-006,  0.0000000000000000     )
 mdl_I2b22 =  (  7.1061376415667886E-003,  0.0000000000000000     )
 mdl_I2b23 =  (  0.0000000000000000     ,  0.0000000000000000     )
 mdl_I2b31 =  (  0.0000000000000000     ,  0.0000000000000000     )
 mdl_I2b32 =  (  0.0000000000000000     ,  0.0000000000000000     )
 mdl_I2b33 =  ( 0.98791394091683138     ,  0.0000000000000000     )
 mdl_I3b11 =  (  1.4268229122830952E-005,  0.0000000000000000     )
 mdl_I3b12 =  (  3.3067549000341398E-006,  0.0000000000000000     )
 mdl_I3b13 =  (  0.0000000000000000     ,  0.0000000000000000     )
 mdl_I3b21 =  ( -1.6468936168797480E-003,  0.0000000000000000     )
 mdl_I3b22 =  (  7.1061376415667886E-003,  0.0000000000000000     )
 mdl_I3b23 =  (  0.0000000000000000     ,  0.0000000000000000     )
 mdl_I3b31 =  (  0.0000000000000000     ,  0.0000000000000000     )
 mdl_I3b32 =  (  0.0000000000000000     ,  0.0000000000000000     )
 mdl_I3b33 =  ( 0.98791394091683138     ,  0.0000000000000000     )
 mdl_I4b11 =  (  2.8200735207477649E-005,  0.0000000000000000     )
 mdl_I4b12 =  (  1.3097342937390123E-004,  0.0000000000000000     )
 mdl_I4b13 =  (  0.0000000000000000     ,  0.0000000000000000     )
 mdl_I4b21 =  ( -6.5357038024204180E-006,  0.0000000000000000     )
 mdl_I4b22 =  (  5.6513378094350051E-004,  0.0000000000000000     )
 mdl_I4b23 =  (  0.0000000000000000     ,  0.0000000000000000     )
 mdl_I4b31 =  (  0.0000000000000000     ,  0.0000000000000000     )
 mdl_I4b32 =  (  0.0000000000000000     ,  0.0000000000000000     )
 mdl_I4b33 =  (  2.6995322804122722E-002,  0.0000000000000000     )
 mdl_ee__exp__2 =    9.8251529432049817E-002
 mdl_sw__exp__2 =   0.23369913342182450     
 mdl_cw__exp__2 =   0.76630086657817542     
  Internal Params evaluated point by point
  ----------------------------------------
  
 mdl_sqrt__aS =   0.34409301068170506     
 mdl_G__exp__2 =    1.4878582807401259     
  Couplings of DM
  ---------------------------------
  
         GC_1 =  -0.00000E+00  -0.10448E+00
         GC_2 =   0.00000E+00   0.20897E+00
         GC_4 =   0.00000E+00   0.31345E+00
        GC_76 =   0.00000E+00   0.57700E-01
        GC_77 =  -0.00000E+00  -0.11540E+00
        GC_78 =  -0.00000E+00  -0.17310E+00
        GC_83 =  -0.00000E+00  -0.31265E+00
        GC_84 =   0.00000E+00   0.25495E+00
       GC_107 =  -0.00000E+00  -0.10000E-09
       GC_108 =  -0.00000E+00  -0.10000E-09
       GC_124 =  -0.00000E+00  -0.11800E-12

 Collider parameters:
 --------------------

 Running at P P   machine @    14000.000000000000       GeV
 PDF set = nn23lo1
 alpha_s(Mz)= 0.1300 running at 2 loops.
 alpha_s(Mz)= 0.1300 running at 2 loops.
 Renormalization scale set on event-by-event basis
 Factorization   scale set on event-by-event basis


 getting user params
Enter number of events and max and min iterations: 
 Number of events and iterations         1000           5           3
Enter desired fractional accuracy: 
 Desired fractional accuracy:   0.10000000000000001     
Enter 0 for fixed, 2 for adjustable grid: 
Suppress amplitude (0 no, 1 yes)? 
 Using suppressed amplitude.
Exact helicity sum (0 yes, n = number/event)? 
 Explicitly summing over helicities
Enter Configuration Number: 
Running Configuration Number:    2
 Using dconfig=          22
 BW Setting            1           1           2           0
 Attempting mappinvarients           1           6
 Completed mapping           6
 about to integrate           10        1000           5           3          10           1
 Using non-zero grid deformation.
 10 dimensions   1000 events 10 invarients  5 iterations  1 config(s),  (0.99)
 Using h-tuple random number sequence.
 Error opening grid
 Using Uniform Grid!          24
 Using uniform alpha   1.0000000000000000     
 Grid defined OK
 Set CM energy to      14000.00
 Mapping Graph           2  to config           2
 Setting BW          -1           1   77.000000000000000     
 Setting BW          -2           2   613.00000000000000     
Setting grid   3    0.74823E-02   1
 Transforming s_hat 1/s            9   7.4822500000000011E-003   553536.76036826102        195999999.99999997     
   2   1   2   3   4   5   6   7   8   9  10
 Masses: 0.255E-02 0.255E-02 0.613E+03 0.511E-03 0.300E+02 0.101E+03
 Got moffset           1
Using random seed offsets     2 :      9
  with seed                   33
 Ranmar initialization seeds       11950       12573
 
 ********************************************
 * You are using the DiscreteSampler module *
 *      part of the MG5_aMC framework       *
 *         Author: Valentin Hirschi         *
 ********************************************
 
  Particle       3       4       5       6
      Et >     0.0     0.0     0.0     0.0
       E >     0.0     0.0     0.0     0.0
     Eta <    -1.0    -1.0    -1.0    -1.0
   xqcut:      0.0     0.0     0.0     0.0
d R # 3  >    -0.0     0.0     0.0     0.0
d R # 4  >    -0.0    -0.0     0.0     0.0
d R # 5  >    -0.0    -0.0    -0.0     0.0
s min # 3>     0.0375769.6413449.0     0.0
s min # 4>     0.0     0.0   900.0     0.0
s min # 5>     0.0     0.0     0.0     0.0
xqcutij # 3>     0.0     0.0     0.0     0.0
xqcutij # 4>     0.0     0.0     0.0     0.0
xqcutij # 5>     0.0     0.0     0.0     0.0
 Requiring BW           -1           1
 Requiring BW           -2           2
 Excluding BW           -3           3
 alpha_s for scale    1318.8069949397534       is    9.0147824316852254E-002
 Added good helicity            5  0.71497793544422272       in event            1 local:           1
 Added good helicity            6   2.2983325281574041E-002  in event            1 local:           1
 Added good helicity            7  0.17965229035256233       in event            1 local:           1
 Added good helicity            8   5.7750132165789629E-003  in event            1 local:           1
 Added good helicity           13   45.686189318303377       in event            1 local:           1
 Added good helicity           14   1.7773968211932403       in event            1 local:           1
 Added good helicity           15   11.479555020693738       in event            1 local:           1
 Added good helicity           16  0.44660596357331894       in event            1 local:           1
 Added good helicity           53  0.10864997862097719       in event            1 local:           1
 Added good helicity           54   2.7927379150904352       in event            1 local:           1
 Added good helicity           55   2.7300447382181108E-002  in event            1 local:           1
 Added good helicity           56  0.70173041422419868       in event            1 local:           1
 Added good helicity           61   1.4049410748948855E-003  in event            1 local:           1
 Added good helicity           62   4.3705680394057270E-002  in event            1 local:           1
 Added good helicity           63   3.5301912045500804E-004  in event            1 local:           1
 Added good helicity           64   1.0981913140202089E-002  in event            1 local:           1
 Added good helicity            5  0.71497793544421895       in event            1 local:           1
 Added good helicity            6   2.2983325281573899E-002  in event            1 local:           1
 Added good helicity            7  0.17965229035256808       in event            1 local:           1
 Added good helicity            8   5.7750132165791425E-003  in event            1 local:           1
 Added good helicity           13   45.686189318303043       in event            1 local:           1
 Added good helicity           14   1.7773968211932254       in event            1 local:           1
 Added good helicity           15   11.479555020694081       in event            1 local:           1
 Added good helicity           16  0.44660596357333204       in event            1 local:           1
 Added good helicity           53  0.10864997862097611       in event            1 local:           1
 Added good helicity           54   2.7927379150904126       in event            1 local:           1
 Added good helicity           55   2.7300447382181875E-002  in event            1 local:           1
 Added good helicity           56  0.70173041422421856       in event            1 local:           1
 Added good helicity           61   1.4049410748948772E-003  in event            1 local:           1
 Added good helicity           62   4.3705680394057055E-002  in event            1 local:           1
 Added good helicity           63   3.5301912045501872E-004  in event            1 local:           1
 Added good helicity           64   1.0981913140202445E-002  in event            1 local:           1
 Added good helicity            9   1.7890950801527126E-008  in event            3 local:           3
 Added good helicity           10   8.5499525922433572E-008  in event            3 local:           3
 Added good helicity            9   1.7890950801527116E-008  in event            5 local:           5
 Added good helicity           10   8.5499525922433559E-008  in event            5 local:           5
 Added good helicity            1   1.1163422008159818E-008  in event           11 local:          11
 Added good helicity            1   1.1163422008159827E-008  in event           12 local:          12
 RESET CUMULATIVE VARIABLE
 RESET CUMULATIVE VARIABLE
 Added good helicity            2   1.4563723320452070E-008  in event           16 local:          16
 RESET CUMULATIVE VARIABLE
 Iteration  1   Mean: 0.2392E-49 Abs mean: 0.2392E-49   Fluctuation:  0.270E-50   0.150E-47    95.4%
  1    0.2392E-49 0.2392E-49 +- 0.2700E-50      3.57
 Writing out events   5.0137019793154115E-054   3.5698643488091548     
 Relative summed weights:
  0.4834E+00  0.5166E+00
 Relative number of events:
  0.5101E+00  0.4899E+00
 Events:
         530         509
 Iteration  2   Mean: 0.2363E-49 Abs mean: 0.2363E-49   Fluctuation:  0.970E-51   0.625E-48    97.8%
  2    0.2363E-49 0.2363E-49 +- 0.9701E-51      1.84
 Relative summed weights:
  0.5134E+00  0.4866E+00
 Relative number of events:
  0.5020E+00  0.4980E+00
 Events:
        1004         996
 Iteration  3   Mean: 0.2249E-49 Abs mean: 0.2249E-49   Fluctuation:  0.341E-51   0.181E-48    97.8%
  3    0.2249E-49 0.2249E-49 +- 0.3406E-51      0.96
 Relative summed weights:
  0.5069E+00  0.4931E+00
 Relative number of events:
  0.5095E+00  0.4905E+00
 Events:
        2038        1962
 Accuracy:    0.013   0.100   0.014   0.792
 Finished due to accuracy    1.2545197253053766E-002  0.10000000000000001     

 -------------------------------------------------------------------------------
 Accumulated results:   Integral =  0.0000E+00
                        Std dev  =  0.0000E+00
                       Cross sec =  0.0000E+00
             Chi**2 per DoF.     =      0.7918
 -------------------------------------------------------------------------------
 Found          367  events.
 Wrote          364  events.
 Actual xsec    2.2644959503488739E-050
 Correct abs xsec    2.2644959503488739E-050
 Event xsec    2.2644959503488691E-050
 Events wgts > 1:            0
 % Cross section > 1:    0.0000000000000000        0.0000000000000000     
-------------------------------------------------
---------------------------
 Results Last   3 iters: Integral =   0.2264E-49
                     Abs integral =   0.2264E-49
                          Std dev =   0.3193E-51
                  Chi**2 per DoF. =      0.7344
-------------------------------------------------
---------------------------
 Status  0.10000000000000001                4           5

ls status:
events.lhe
ftn26
input_app.txt
input_sg.txt
moffset.dat
results.dat
run1_app.log
