BEGIN-STAMP
Info in <TCanvas::Print>: png file ../../HTML/MadAnalysis5job_0/selection_0.png has been created
Info in <TCanvas::Print>: png file ../../PDF/MadAnalysis5job_0/selection_0.png has been created
Info in <TCanvas::Print>: eps file ../../DVI/MadAnalysis5job_0/selection_0.eps has been created
Info in <TCanvas::Print>: png file ../../HTML/MadAnalysis5job_0/selection_1.png has been created
Info in <TCanvas::Print>: png file ../../PDF/MadAnalysis5job_0/selection_1.png has been created
Info in <TCanvas::Print>: eps file ../../DVI/MadAnalysis5job_0/selection_1.eps has been created
Info in <TCanvas::Print>: png file ../../HTML/MadAnalysis5job_0/selection_2.png has been created
Info in <TCanvas::Print>: png file ../../PDF/MadAnalysis5job_0/selection_2.png has been created
Info in <TCanvas::Print>: eps file ../../DVI/MadAnalysis5job_0/selection_2.eps has been created
Info in <TCanvas::Print>: png file ../../HTML/MadAnalysis5job_0/selection_3.png has been created
Info in <TCanvas::Print>: png file ../../PDF/MadAnalysis5job_0/selection_3.png has been created
Info in <TCanvas::Print>: eps file ../../DVI/MadAnalysis5job_0/selection_3.eps has been created
Info in <TCanvas::Print>: png file ../../HTML/MadAnalysis5job_0/selection_4.png has been created
Info in <TCanvas::Print>: png file ../../PDF/MadAnalysis5job_0/selection_4.png has been created
Info in <TCanvas::Print>: eps file ../../DVI/MadAnalysis5job_0/selection_4.eps has been created
Info in <TCanvas::Print>: png file ../../HTML/MadAnalysis5job_0/selection_5.png has been created
Info in <TCanvas::Print>: png file ../../PDF/MadAnalysis5job_0/selection_5.png has been created
Info in <TCanvas::Print>: eps file ../../DVI/MadAnalysis5job_0/selection_5.eps has been created
Info in <TCanvas::Print>: png file ../../HTML/MadAnalysis5job_0/selection_6.png has been created
Info in <TCanvas::Print>: png file ../../PDF/MadAnalysis5job_0/selection_6.png has been created
Info in <TCanvas::Print>: eps file ../../DVI/MadAnalysis5job_0/selection_6.eps has been created
Info in <TCanvas::Print>: png file ../../HTML/MadAnalysis5job_0/selection_7.png has been created
Info in <TCanvas::Print>: png file ../../PDF/MadAnalysis5job_0/selection_7.png has been created
Info in <TCanvas::Print>: eps file ../../DVI/MadAnalysis5job_0/selection_7.eps has been created
Info in <TCanvas::Print>: png file ../../HTML/MadAnalysis5job_0/selection_8.png has been created
Info in <TCanvas::Print>: png file ../../PDF/MadAnalysis5job_0/selection_8.png has been created
Info in <TCanvas::Print>: eps file ../../DVI/MadAnalysis5job_0/selection_8.eps has been created
Info in <TCanvas::Print>: png file ../../HTML/MadAnalysis5job_0/selection_9.png has been created
Info in <TCanvas::Print>: png file ../../PDF/MadAnalysis5job_0/selection_9.png has been created
Info in <TCanvas::Print>: eps file ../../DVI/MadAnalysis5job_0/selection_9.eps has been created
Info in <TCanvas::Print>: png file ../../HTML/MadAnalysis5job_0/selection_10.png has been created
Info in <TCanvas::Print>: png file ../../PDF/MadAnalysis5job_0/selection_10.png has been created
Info in <TCanvas::Print>: eps file ../../DVI/MadAnalysis5job_0/selection_10.eps has been created
Info in <TCanvas::Print>: png file ../../HTML/MadAnalysis5job_0/selection_11.png has been created
Info in <TCanvas::Print>: png file ../../PDF/MadAnalysis5job_0/selection_11.png has been created
Info in <TCanvas::Print>: eps file ../../DVI/MadAnalysis5job_0/selection_11.eps has been created
Info in <TCanvas::Print>: png file ../../HTML/MadAnalysis5job_0/selection_12.png has been created
Info in <TCanvas::Print>: png file ../../PDF/MadAnalysis5job_0/selection_12.png has been created
Info in <TCanvas::Print>: eps file ../../DVI/MadAnalysis5job_0/selection_12.eps has been created
Info in <TCanvas::Print>: png file ../../HTML/MadAnalysis5job_0/selection_13.png has been created
Info in <TCanvas::Print>: png file ../../PDF/MadAnalysis5job_0/selection_13.png has been created
Info in <TCanvas::Print>: eps file ../../DVI/MadAnalysis5job_0/selection_13.eps has been created
Info in <TCanvas::Print>: png file ../../HTML/MadAnalysis5job_0/selection_14.png has been created
Info in <TCanvas::Print>: png file ../../PDF/MadAnalysis5job_0/selection_14.png has been created
Info in <TCanvas::Print>: eps file ../../DVI/MadAnalysis5job_0/selection_14.eps has been created
Info in <TCanvas::Print>: png file ../../HTML/MadAnalysis5job_0/selection_15.png has been created
Info in <TCanvas::Print>: png file ../../PDF/MadAnalysis5job_0/selection_15.png has been created
Info in <TCanvas::Print>: eps file ../../DVI/MadAnalysis5job_0/selection_15.eps has been created
Info in <TCanvas::Print>: png file ../../HTML/MadAnalysis5job_0/selection_16.png has been created
Info in <TCanvas::Print>: png file ../../PDF/MadAnalysis5job_0/selection_16.png has been created
Info in <TCanvas::Print>: eps file ../../DVI/MadAnalysis5job_0/selection_16.eps has been created
Info in <TCanvas::Print>: png file ../../HTML/MadAnalysis5job_0/selection_17.png has been created
Info in <TCanvas::Print>: png file ../../PDF/MadAnalysis5job_0/selection_17.png has been created
Info in <TCanvas::Print>: eps file ../../DVI/MadAnalysis5job_0/selection_17.eps has been created
Info in <TCanvas::Print>: png file ../../HTML/MadAnalysis5job_0/selection_18.png has been created
Info in <TCanvas::Print>: png file ../../PDF/MadAnalysis5job_0/selection_18.png has been created
Info in <TCanvas::Print>: eps file ../../DVI/MadAnalysis5job_0/selection_18.eps has been created
Info in <TCanvas::Print>: png file ../../HTML/MadAnalysis5job_0/selection_19.png has been created
Info in <TCanvas::Print>: png file ../../PDF/MadAnalysis5job_0/selection_19.png has been created
Info in <TCanvas::Print>: eps file ../../DVI/MadAnalysis5job_0/selection_19.eps has been created
Info in <TCanvas::Print>: png file ../../HTML/MadAnalysis5job_0/selection_20.png has been created
Info in <TCanvas::Print>: png file ../../PDF/MadAnalysis5job_0/selection_20.png has been created
Info in <TCanvas::Print>: eps file ../../DVI/MadAnalysis5job_0/selection_20.eps has been created
Info in <TCanvas::Print>: png file ../../HTML/MadAnalysis5job_0/selection_21.png has been created
Info in <TCanvas::Print>: png file ../../PDF/MadAnalysis5job_0/selection_21.png has been created
Info in <TCanvas::Print>: eps file ../../DVI/MadAnalysis5job_0/selection_21.eps has been created
Info in <TCanvas::Print>: png file ../../HTML/MadAnalysis5job_0/selection_22.png has been created
Info in <TCanvas::Print>: png file ../../PDF/MadAnalysis5job_0/selection_22.png has been created
Info in <TCanvas::Print>: eps file ../../DVI/MadAnalysis5job_0/selection_22.eps has been created
Info in <TCanvas::Print>: png file ../../HTML/MadAnalysis5job_0/selection_23.png has been created
Info in <TCanvas::Print>: png file ../../PDF/MadAnalysis5job_0/selection_23.png has been created
Info in <TCanvas::Print>: eps file ../../DVI/MadAnalysis5job_0/selection_23.eps has been created
Info in <TCanvas::Print>: png file ../../HTML/MadAnalysis5job_0/selection_24.png has been created
Info in <TCanvas::Print>: png file ../../PDF/MadAnalysis5job_0/selection_24.png has been created
Info in <TCanvas::Print>: eps file ../../DVI/MadAnalysis5job_0/selection_24.eps has been created
Info in <TCanvas::Print>: png file ../../HTML/MadAnalysis5job_0/selection_25.png has been created
Info in <TCanvas::Print>: png file ../../PDF/MadAnalysis5job_0/selection_25.png has been created
Info in <TCanvas::Print>: eps file ../../DVI/MadAnalysis5job_0/selection_25.eps has been created
END-STAMP
