 Process in group number            1
 A PDF is used, so alpha_s(MZ) is going to be modified
 Old value of alpha_s from param_card:   0.11839999999999999     
  ****************************************
 
       NNPDFDriver version 1.0.3
   Grid: NNPDF23_lo_as_0130_qed_mem0.grid
  ****************************************
 New value of alpha_s from PDF nn23lo1:  0.13000000000000000     
 Define smin to   553693.23324403551     
 *****************************************************
 *               MadGraph/MadEvent                   *
 *        --------------------------------           *
 *          http://madgraph.hep.uiuc.edu             *
 *          http://madgraph.phys.ucl.ac.be           *
 *          http://madgraph.roma2.infn.it            *
 *        --------------------------------           *
 *                                                   *
 *          PARAMETER AND COUPLING VALUES            *
 *                                                   *
 *****************************************************

  External Params
  ---------------------------------
  
 mdl_cabi =   0.22773599999999999     
 aEWM1 =    127.90000000000001     
 mdl_Gf =    1.1663700000000000E-005
 aS =   0.11839999999999999     
 mdl_ymdo =    5.0400000000000002E-003
 mdl_ymup =    2.5500000000000002E-003
 mdl_yms =   0.10100000000000001     
 mdl_ymc =    1.2700000000000000     
 mdl_ymb =    4.7000000000000002     
 mdl_ymt =    172.00000000000000     
 mdl_yme =    5.1099999999999995E-004
 mdl_ymm =   0.10566000000000000     
 mdl_ymtau =    1.7769999999999999     
 mdl_yl1 =    1.1800000000000000E-013
 mdl_y2e =    1.0000000000000000E-010
 mdl_y2m =    1.0000000000000000E-010
 mdl_y2t =    1.0000000000000000E-010
 mdl_yNe =    1.0000000000000000     
 mdl_yNm =    1.0000000000000000     
 mdl_yNt =    1.0000000000000000     
 mdl_lamda =   0.10000000000000001     
 mdl_lam1 =   0.10000000000000001     
 mdl_MZ =    91.187600000000003     
 mdl_Me =    5.1099999999999995E-004
 mdl_MMU =   0.10566000000000000     
 mdl_MTA =    1.7769999999999999     
 mdl_MU =    2.5500000000000002E-003
 mdl_MC =    1.2700000000000000     
 mdl_MT =    172.00000000000000     
 mdl_MD =    5.0400000000000002E-003
 mdl_MS =   0.10100000000000001     
 mdl_MB =    4.7000000000000002     
 mdl_MChi =    613.00000000000000     
 mdl_MPsi =    101.00000000000000     
 mdl_MNN1 =    30.000000000000000     
 mdl_MNN2 =    30.000000000000000     
 mdl_MNN3 =    30.000000000000000     
 mdl_MH =    125.00000000000000     
 mdl_Mphi =    77.000000000000000     
 mdl_WZ =    2.4952000000000001     
 mdl_WW =    2.0850000000000000     
 mdl_WT =    1.5083359999999999     
 mdl_WChi =    1.0000000000000000     
 mdl_WPsi =    1.0000000000000000     
 mdl_WNN1 =    1.0000000000000000     
 mdl_WNN2 =    1.0000000000000000     
 mdl_WNN3 =    1.0000000000000000     
 mdl_WH =    4.0699999999999998E-003
 mdl_Wphi =    20.850000000000001     
  Internal Params
  ---------------------------------
  
 mdl_cos__cabi =   0.97418004031982097     
 mdl_CKM1x1 =  ( 0.97418004031982097     ,  0.0000000000000000     )
 mdl_sin__cabi =   0.22577256042856930     
 mdl_CKM1x2 =  ( 0.22577256042856930     ,  0.0000000000000000     )
 mdl_CKM1x3 =  (  0.0000000000000000     ,  0.0000000000000000     )
 mdl_CKM2x1 =  (-0.22577256042856930     ,  0.0000000000000000     )
 mdl_CKM2x2 =  ( 0.97418004031982097     ,  0.0000000000000000     )
 mdl_CKM2x3 =  (  0.0000000000000000     ,  0.0000000000000000     )
 mdl_CKM3x1 =  (  0.0000000000000000     ,  0.0000000000000000     )
 mdl_CKM3x2 =  (  0.0000000000000000     ,  0.0000000000000000     )
 mdl_CKM3x3 =  (  1.0000000000000000     ,  0.0000000000000000     )
 mdl_MZ__exp__2 =    8315.1783937600012     
 mdl_MZ__exp__4 =    69142191.720053151     
 mdl_sqrt__2 =    1.4142135623730951     
 mdl_Mphi__exp__2 =    5929.0000000000000     
 mdl_MH__exp__2 =    15625.000000000000     
 mdl_conjg__CKM1x1 =  ( 0.97418004031982097     , -0.0000000000000000     )
 mdl_conjg__CKM2x1 =  (-0.22577256042856930     , -0.0000000000000000     )
 mdl_conjg__CKM3x1 =  (  0.0000000000000000     , -0.0000000000000000     )
 mdl_conjg__CKM1x2 =  ( 0.22577256042856930     , -0.0000000000000000     )
 mdl_conjg__CKM2x2 =  ( 0.97418004031982097     , -0.0000000000000000     )
 mdl_conjg__CKM3x2 =  (  0.0000000000000000     , -0.0000000000000000     )
 mdl_conjg__CKM1x3 =  (  0.0000000000000000     , -0.0000000000000000     )
 mdl_conjg__CKM2x3 =  (  0.0000000000000000     , -0.0000000000000000     )
 mdl_conjg__CKM3x3 =  (  1.0000000000000000     , -0.0000000000000000     )
 mdl_complexi =  (  0.0000000000000000     ,  1.0000000000000000     )
 mdl_aEW =    7.8186082877247844E-003
 mdl_MW =    79.824359746197842     
 mdl_sqrt__aEW =    8.8422894590285753E-002
 mdl_ee =   0.31345100004952897     
 mdl_MW__exp__2 =    6371.9284088904105     
 mdl_sw2 =   0.23369913342182447     
 mdl_cw =   0.87538612427783857     
 mdl_sqrt__sw2 =   0.48342438232036300     
 mdl_sw =   0.48342438232036300     
 mdl_g1 =   0.35807170271074895     
 mdl_gw =   0.64839716719502682     
 mdl_vev =    246.22056907348590     
 mdl_vev__exp__2 =    60624.568634871241     
 mdl_muS =    53.830953625738765     
 mdl_lam =   0.12886689630821144     
 mdl_yb =    2.6995322804122722E-002
 mdl_yc =    7.2944808428161397E-003
 mdl_ydo =    2.8948175943144366E-005
 mdl_ye =    2.9350233942354699E-006
 mdl_ym =    6.0687783137949077E-004
 mdl_ys =    5.8011225600348830E-004
 mdl_yt =   0.98791394091683138     
 mdl_ytau =    1.0206529494239589E-002
 mdl_yup =    1.4646398542662327E-005
 mdl_muH =    88.388347648318444     
 mdl_I1b11 =  (  2.8200735207477649E-005,  0.0000000000000000     )
 mdl_I1b12 =  ( -6.5357038024204180E-006, -0.0000000000000000     )
 mdl_I1b13 =  (  0.0000000000000000     ,  0.0000000000000000     )
 mdl_I1b21 =  (  1.3097342937390123E-004,  0.0000000000000000     )
 mdl_I1b22 =  (  5.6513378094350051E-004,  0.0000000000000000     )
 mdl_I1b23 =  (  0.0000000000000000     ,  0.0000000000000000     )
 mdl_I1b31 =  (  0.0000000000000000     ,  0.0000000000000000     )
 mdl_I1b32 =  (  0.0000000000000000     ,  0.0000000000000000     )
 mdl_I1b33 =  (  2.6995322804122722E-002,  0.0000000000000000     )
 mdl_I2b11 =  (  1.4268229122830952E-005,  0.0000000000000000     )
 mdl_I2b12 =  ( -1.6468936168797480E-003, -0.0000000000000000     )
 mdl_I2b13 =  (  0.0000000000000000     ,  0.0000000000000000     )
 mdl_I2b21 =  (  3.3067549000341398E-006,  0.0000000000000000     )
 mdl_I2b22 =  (  7.1061376415667886E-003,  0.0000000000000000     )
 mdl_I2b23 =  (  0.0000000000000000     ,  0.0000000000000000     )
 mdl_I2b31 =  (  0.0000000000000000     ,  0.0000000000000000     )
 mdl_I2b32 =  (  0.0000000000000000     ,  0.0000000000000000     )
 mdl_I2b33 =  ( 0.98791394091683138     ,  0.0000000000000000     )
 mdl_I3b11 =  (  1.4268229122830952E-005,  0.0000000000000000     )
 mdl_I3b12 =  (  3.3067549000341398E-006,  0.0000000000000000     )
 mdl_I3b13 =  (  0.0000000000000000     ,  0.0000000000000000     )
 mdl_I3b21 =  ( -1.6468936168797480E-003,  0.0000000000000000     )
 mdl_I3b22 =  (  7.1061376415667886E-003,  0.0000000000000000     )
 mdl_I3b23 =  (  0.0000000000000000     ,  0.0000000000000000     )
 mdl_I3b31 =  (  0.0000000000000000     ,  0.0000000000000000     )
 mdl_I3b32 =  (  0.0000000000000000     ,  0.0000000000000000     )
 mdl_I3b33 =  ( 0.98791394091683138     ,  0.0000000000000000     )
 mdl_I4b11 =  (  2.8200735207477649E-005,  0.0000000000000000     )
 mdl_I4b12 =  (  1.3097342937390123E-004,  0.0000000000000000     )
 mdl_I4b13 =  (  0.0000000000000000     ,  0.0000000000000000     )
 mdl_I4b21 =  ( -6.5357038024204180E-006,  0.0000000000000000     )
 mdl_I4b22 =  (  5.6513378094350051E-004,  0.0000000000000000     )
 mdl_I4b23 =  (  0.0000000000000000     ,  0.0000000000000000     )
 mdl_I4b31 =  (  0.0000000000000000     ,  0.0000000000000000     )
 mdl_I4b32 =  (  0.0000000000000000     ,  0.0000000000000000     )
 mdl_I4b33 =  (  2.6995322804122722E-002,  0.0000000000000000     )
 mdl_ee__exp__2 =    9.8251529432049817E-002
 mdl_sw__exp__2 =   0.23369913342182450     
 mdl_cw__exp__2 =   0.76630086657817542     
  Internal Params evaluated point by point
  ----------------------------------------
  
 mdl_sqrt__aS =   0.34409301068170506     
 mdl_G__exp__2 =    1.4878582807401259     
  Couplings of DM
  ---------------------------------
  
         GC_1 =  -0.00000E+00  -0.10448E+00
         GC_2 =   0.00000E+00   0.20897E+00
         GC_4 =   0.00000E+00   0.31345E+00
        GC_76 =   0.00000E+00   0.57700E-01
        GC_77 =  -0.00000E+00  -0.11540E+00
        GC_78 =  -0.00000E+00  -0.17310E+00
        GC_83 =  -0.00000E+00  -0.31265E+00
        GC_84 =   0.00000E+00   0.25495E+00
       GC_107 =  -0.00000E+00  -0.10000E-09
       GC_108 =  -0.00000E+00  -0.10000E-09
       GC_124 =  -0.00000E+00  -0.11800E-12

 Collider parameters:
 --------------------

 Running at P P   machine @    14000.000000000000       GeV
 PDF set = nn23lo1
 alpha_s(Mz)= 0.1300 running at 2 loops.
 alpha_s(Mz)= 0.1300 running at 2 loops.
 Renormalization scale set on event-by-event basis
 Factorization   scale set on event-by-event basis


 getting user params
Enter number of events and max and min iterations: 
 Number of events and iterations         1000           5           3
Enter desired fractional accuracy: 
 Desired fractional accuracy:   0.10000000000000001     
Enter 0 for fixed, 2 for adjustable grid: 
Suppress amplitude (0 no, 1 yes)? 
 Using suppressed amplitude.
Exact helicity sum (0 yes, n = number/event)? 
 Explicitly summing over helicities
Enter Configuration Number: 
Running Configuration Number:    2
 Using dconfig=          22
 BW Setting            1           1           2           0
 Attempting mappinvarients           1           6
 Completed mapping           6
 about to integrate           10        1000           5           3          10           1
 Using non-zero grid deformation.
 10 dimensions   1000 events 10 invarients  5 iterations  1 config(s),  (0.99)
 Using h-tuple random number sequence.
 Error opening grid
 Using Uniform Grid!          24
 Using uniform alpha   1.0000000000000000     
 Grid defined OK
 Set CM energy to      14000.00
 Mapping Graph           2  to config           2
 Setting BW          -1           1   77.000000000000000     
 Setting BW          -2           2   613.00000000000000     
Setting grid   3    0.74823E-02   1
 Transforming s_hat 1/s            9   7.4822500000000011E-003   553693.23324403551        195999999.99999997     
   2   1   2   3   4   5   6   7   8   9  10
 Masses: 0.127E+01 0.127E+01 0.106E+00 0.300E+02 0.101E+03 0.613E+03
Using random seed offsets     2 :      4
  with seed                   33
 Ranmar initialization seeds       11950        9411
 
 ********************************************
 * You are using the DiscreteSampler module *
 *      part of the MG5_aMC framework       *
 *         Author: Valentin Hirschi         *
 ********************************************
 
  Particle       3       4       5       6
      Et >     0.0     0.0     0.0     0.0
       E >     0.0     0.0     0.0     0.0
     Eta <    -1.0    -1.0    -1.0    -1.0
   xqcut:      0.0     0.0     0.0     0.0
d R # 3  >    -0.0     0.0     0.0     0.0
d R # 4  >    -0.0    -0.0     0.0     0.0
d R # 5  >    -0.0    -0.0    -0.0     0.0
s min # 3>     0.0   906.4 10222.4     0.0
s min # 4>     0.0     0.0 17161.0     0.0
s min # 5>     0.0     0.0     0.0     0.0
xqcutij # 3>     0.0     0.0     0.0     0.0
xqcutij # 4>     0.0     0.0     0.0     0.0
xqcutij # 5>     0.0     0.0     0.0     0.0
 Requiring BW           -1           1
 Requiring BW           -2           2
 Excluding BW           -3           3
 alpha_s for scale    1621.0590859505046       is    8.8077139080740594E-002
 Added good helicity            1   5.9157852041023888E-006  in event            1 local:           1
 Added good helicity            2   2.0571802508138864E-005  in event            1 local:           1
 Added good helicity            3   3.4440548302097516E-006  in event            1 local:           1
 Added good helicity            4   2.9623547263662238E-005  in event            1 local:           1
 Added good helicity            5   2.4510753294498070E-008  in event            1 local:           1
 Added good helicity            6   8.5234733632732678E-008  in event            1 local:           1
 Added good helicity            7   1.4269682783184185E-008  in event            1 local:           1
 Added good helicity            8   1.2273864476756300E-007  in event            1 local:           1
 Added good helicity            9   3.8482789289902164       in event            1 local:           1
 Added good helicity           10   13.382168451369743       in event            1 local:           1
 Added good helicity           11   2.2403929784658505       in event            1 local:           1
 Added good helicity           12   19.270421221115743       in event            1 local:           1
 Added good helicity           13   2.1401687342506808       in event            1 local:           1
 Added good helicity           14   7.4423135756462679       in event            1 local:           1
 Added good helicity           15   1.2459645190546322       in event            1 local:           1
 Added good helicity           16   10.716986412441406       in event            1 local:           1
 Added good helicity           25   8.8876065347439554E-006  in event            1 local:           1
 Added good helicity           26   2.4542647020920856E-007  in event            1 local:           1
 Added good helicity           27   2.4542533748256374E-007  in event            1 local:           1
 Added good helicity           28   8.8876067635745208E-006  in event            1 local:           1
 Added good helicity           29   4.9427232222409384E-006  in event            1 local:           1
 Added good helicity           30   1.3649064108688297E-007  in event            1 local:           1
 Added good helicity           31   1.3649001113619825E-007  in event            1 local:           1
 Added good helicity           32   4.9427233495024058E-006  in event            1 local:           1
 Added good helicity           41   8.8532605123711405E-006  in event            1 local:           1
 Added good helicity           42   3.3487486074607497E-007  in event            1 local:           1
 Added good helicity           43   3.3487599347268696E-007  in event            1 local:           1
 Added good helicity           44   8.8532602835405786E-006  in event            1 local:           1
 Added good helicity           45   4.9236221423598118E-006  in event            1 local:           1
 Added good helicity           46   1.8623616429058602E-007  in event            1 local:           1
 Added good helicity           47   1.8623679424126579E-007  in event            1 local:           1
 Added good helicity           48   4.9236220150987324E-006  in event            1 local:           1
 Added good helicity           49   1.8245767491658881E-006  in event            1 local:           1
 Added good helicity           50   2.1212660017125596E-007  in event            1 local:           1
 Added good helicity           51   1.2670607004187126E-006  in event            1 local:           1
 Added good helicity           52   3.6436568653967507E-007  in event            1 local:           1
 Added good helicity           57   1.1869058824636534       in event            1 local:           1
 Added good helicity           58  0.13799052831588385       in event            1 local:           1
 Added good helicity           59  0.82423597661922876       in event            1 local:           1
 Added good helicity           60  0.23702361488468532       in event            1 local:           1
 Added good helicity           61  0.66008179423040403       in event            1 local:           1
 Added good helicity           62   7.6741582347275517E-002  in event            1 local:           1
 Added good helicity           63  0.45838778824380111       in event            1 local:           1
 Added good helicity           64  0.13181750575143095       in event            1 local:           1
 Added good helicity            1   5.9157852041023964E-006  in event            1 local:           1
 Added good helicity            2   2.0571802508138867E-005  in event            1 local:           1
 Added good helicity            3   3.4440548302097588E-006  in event            1 local:           1
 Added good helicity            4   2.9623547263662289E-005  in event            1 local:           1
 Added good helicity            5   2.4510753294498017E-008  in event            1 local:           1
 Added good helicity            6   8.5234733632732413E-008  in event            1 local:           1
 Added good helicity            7   1.4269682783184180E-008  in event            1 local:           1
 Added good helicity            8   1.2273864476756284E-007  in event            1 local:           1
 Added good helicity            9   3.8482789289902155       in event            1 local:           1
 Added good helicity           10   13.382168451369720       in event            1 local:           1
 Added good helicity           11   2.2403929784658527       in event            1 local:           1
 Added good helicity           12   19.270421221115740       in event            1 local:           1
 Added good helicity           13   2.1401687342506830       in event            1 local:           1
 Added good helicity           14   7.4423135756462679       in event            1 local:           1
 Added good helicity           15   1.2459645190546356       in event            1 local:           1
 Added good helicity           16   10.716986412441422       in event            1 local:           1
 Added good helicity           25   8.8876065347439453E-006  in event            1 local:           1
 Added good helicity           26   2.4542647020916303E-007  in event            1 local:           1
 Added good helicity           27   2.4542533748250133E-007  in event            1 local:           1
 Added good helicity           28   8.8876067635750425E-006  in event            1 local:           1
 Added good helicity           29   4.9427232222410350E-006  in event            1 local:           1
 Added good helicity           30   1.3649064108692199E-007  in event            1 local:           1
 Added good helicity           31   1.3649001113618084E-007  in event            1 local:           1
 Added good helicity           32   4.9427233495022651E-006  in event            1 local:           1
 Added good helicity           41   8.8532605123709508E-006  in event            1 local:           1
 Added good helicity           42   3.3487486074604749E-007  in event            1 local:           1
 Added good helicity           43   3.3487599347275907E-007  in event            1 local:           1
 Added good helicity           44   8.8532602835401805E-006  in event            1 local:           1
 Added good helicity           45   4.9236221423599126E-006  in event            1 local:           1
 Added good helicity           46   1.8623616429056360E-007  in event            1 local:           1
 Added good helicity           47   1.8623679424129507E-007  in event            1 local:           1
 Added good helicity           48   4.9236220150985579E-006  in event            1 local:           1
 Added good helicity           49   1.8245767491658928E-006  in event            1 local:           1
 Added good helicity           50   2.1212660017125631E-007  in event            1 local:           1
 Added good helicity           51   1.2670607004187126E-006  in event            1 local:           1
 Added good helicity           52   3.6436568653967565E-007  in event            1 local:           1
 Added good helicity           57   1.1869058824636520       in event            1 local:           1
 Added good helicity           58  0.13799052831588388       in event            1 local:           1
 Added good helicity           59  0.82423597661922832       in event            1 local:           1
 Added good helicity           60  0.23702361488468557       in event            1 local:           1
 Added good helicity           61  0.66008179423040525       in event            1 local:           1
 Added good helicity           62   7.6741582347275572E-002  in event            1 local:           1
 Added good helicity           63  0.45838778824380078       in event            1 local:           1
 Added good helicity           64  0.13181750575143111       in event            1 local:           1
 Added good helicity           56   1.3107821962201378E-008  in event            2 local:           2
 Added good helicity           56   1.3107821962201340E-008  in event            3 local:           3
 RESET CUMULATIVE VARIABLE
 Added good helicity           53   4.7514103198255050E-008  in event           18 local:          18
 Added good helicity           54   1.1593276664534963E-008  in event           18 local:          18
 Added good helicity           55   1.0096264579885515E-008  in event           23 local:          23
 Added good helicity           54   1.2379647565736994E-008  in event           25 local:          25
 RESET CUMULATIVE VARIABLE
 RESET CUMULATIVE VARIABLE
 Iteration  1   Mean: 0.4050E-51 Abs mean: 0.4050E-51   Fluctuation:  0.385E-52   0.140E-49    95.8%
  1    0.4050E-51 0.4050E-51 +- 0.3851E-52      3.01
 Writing out events   8.4562017785047625E-056   3.0066706496351414     
 Relative summed weights:
  0.5004E+00  0.4996E+00
 Relative number of events:
  0.4922E+00  0.5078E+00
 Events:
         507         523
 Iteration  2   Mean: 0.4399E-51 Abs mean: 0.4399E-51   Fluctuation:  0.166E-52   0.731E-50    97.4%
  2    0.4399E-51 0.4399E-51 +- 0.1664E-52      1.69
 Relative summed weights:
  0.4970E+00  0.5030E+00
 Relative number of events:
  0.5050E+00  0.4950E+00
 Events:
        1009         989
 Iteration  3   Mean: 0.4825E-51 Abs mean: 0.4825E-51   Fluctuation:  0.787E-53   0.467E-50    98.0%
  3    0.4825E-51 0.4825E-51 +- 0.7872E-53      1.03
 Relative summed weights:
  0.5053E+00  0.4947E+00
 Relative number of events:
  0.5040E+00  0.4960E+00
 Events:
        2016        1984
 Accuracy:    0.028   0.100   0.015   3.579
 Finished due to accuracy    2.7998156465057107E-002  0.10000000000000001     

 -------------------------------------------------------------------------------
 Accumulated results:   Integral =  0.0000E+00
                        Std dev  =  0.0000E+00
                       Cross sec =  0.0000E+00
             Chi**2 per DoF.     =      3.5791
 -------------------------------------------------------------------------------
 Found          454  events.
 Wrote          451  events.
 Actual xsec    4.7406872404581773E-052
 Correct abs xsec    4.7406872404655156E-052
 Event xsec    4.7406872404654926E-052
 Events wgts > 1:            2
 % Cross section > 1:    9.5873882930990229E-056   2.0223625408702615E-002
-------------------------------------------------
---------------------------
 Results Last   3 iters: Integral =   0.4741E-51
                     Abs integral =   0.4741E-51
                          Std dev =   0.7016E-53
                  Chi**2 per DoF. =      4.2866
-------------------------------------------------
---------------------------
 Status  0.10000000000000001                4           5

ls status:
events.lhe
ftn26
input_app.txt
results.dat
run_01_log.txt
run1_app.log
