 Process in group number            2
 A PDF is used, so alpha_s(MZ) is going to be modified
 Old value of alpha_s from param_card:   0.11839999999999999     
  ****************************************
 
       NNPDFDriver version 1.0.3
   Grid: NNPDF23_lo_as_0130_qed_mem0.grid
  ****************************************
 New value of alpha_s from PDF nn23lo1:  0.13000000000000000     
 Define smin to   553536.76036826102     
 *****************************************************
 *               MadGraph/MadEvent                   *
 *        --------------------------------           *
 *          http://madgraph.hep.uiuc.edu             *
 *          http://madgraph.phys.ucl.ac.be           *
 *          http://madgraph.roma2.infn.it            *
 *        --------------------------------           *
 *                                                   *
 *          PARAMETER AND COUPLING VALUES            *
 *                                                   *
 *****************************************************

  External Params
  ---------------------------------
  
 mdl_cabi =   0.22773599999999999     
 aEWM1 =    127.90000000000001     
 mdl_Gf =    1.1663700000000000E-005
 aS =   0.11839999999999999     
 mdl_ymdo =    5.0400000000000002E-003
 mdl_ymup =    2.5500000000000002E-003
 mdl_yms =   0.10100000000000001     
 mdl_ymc =    1.2700000000000000     
 mdl_ymb =    4.7000000000000002     
 mdl_ymt =    172.00000000000000     
 mdl_yme =    5.1099999999999995E-004
 mdl_ymm =   0.10566000000000000     
 mdl_ymtau =    1.7769999999999999     
 mdl_yl1 =    1.1800000000000000E-013
 mdl_y2e =    1.0000000000000000E-010
 mdl_y2m =    1.0000000000000000E-010
 mdl_y2t =    1.0000000000000000E-010
 mdl_yNe =    1.0000000000000000     
 mdl_yNm =    1.0000000000000000     
 mdl_yNt =    1.0000000000000000     
 mdl_lamda =   0.10000000000000001     
 mdl_lam1 =   0.10000000000000001     
 mdl_MZ =    91.187600000000003     
 mdl_Me =    5.1099999999999995E-004
 mdl_MMU =   0.10566000000000000     
 mdl_MTA =    1.7769999999999999     
 mdl_MU =    2.5500000000000002E-003
 mdl_MC =    1.2700000000000000     
 mdl_MT =    172.00000000000000     
 mdl_MD =    5.0400000000000002E-003
 mdl_MS =   0.10100000000000001     
 mdl_MB =    4.7000000000000002     
 mdl_MChi =    613.00000000000000     
 mdl_MPsi =    101.00000000000000     
 mdl_MNN1 =    30.000000000000000     
 mdl_MNN2 =    30.000000000000000     
 mdl_MNN3 =    30.000000000000000     
 mdl_MH =    125.00000000000000     
 mdl_Mphi =    77.000000000000000     
 mdl_WZ =    2.4952000000000001     
 mdl_WW =    2.0850000000000000     
 mdl_WT =    1.5083359999999999     
 mdl_WChi =    1.0000000000000000     
 mdl_WPsi =    1.0000000000000000     
 mdl_WNN1 =    1.0000000000000000     
 mdl_WNN2 =    1.0000000000000000     
 mdl_WNN3 =    1.0000000000000000     
 mdl_WH =    4.0699999999999998E-003
 mdl_Wphi =    20.850000000000001     
  Internal Params
  ---------------------------------
  
 mdl_cos__cabi =   0.97418004031982097     
 mdl_CKM1x1 =  ( 0.97418004031982097     ,  0.0000000000000000     )
 mdl_sin__cabi =   0.22577256042856930     
 mdl_CKM1x2 =  ( 0.22577256042856930     ,  0.0000000000000000     )
 mdl_CKM1x3 =  (  0.0000000000000000     ,  0.0000000000000000     )
 mdl_CKM2x1 =  (-0.22577256042856930     ,  0.0000000000000000     )
 mdl_CKM2x2 =  ( 0.97418004031982097     ,  0.0000000000000000     )
 mdl_CKM2x3 =  (  0.0000000000000000     ,  0.0000000000000000     )
 mdl_CKM3x1 =  (  0.0000000000000000     ,  0.0000000000000000     )
 mdl_CKM3x2 =  (  0.0000000000000000     ,  0.0000000000000000     )
 mdl_CKM3x3 =  (  1.0000000000000000     ,  0.0000000000000000     )
 mdl_MZ__exp__2 =    8315.1783937600012     
 mdl_MZ__exp__4 =    69142191.720053151     
 mdl_sqrt__2 =    1.4142135623730951     
 mdl_Mphi__exp__2 =    5929.0000000000000     
 mdl_MH__exp__2 =    15625.000000000000     
 mdl_conjg__CKM1x1 =  ( 0.97418004031982097     , -0.0000000000000000     )
 mdl_conjg__CKM2x1 =  (-0.22577256042856930     , -0.0000000000000000     )
 mdl_conjg__CKM3x1 =  (  0.0000000000000000     , -0.0000000000000000     )
 mdl_conjg__CKM1x2 =  ( 0.22577256042856930     , -0.0000000000000000     )
 mdl_conjg__CKM2x2 =  ( 0.97418004031982097     , -0.0000000000000000     )
 mdl_conjg__CKM3x2 =  (  0.0000000000000000     , -0.0000000000000000     )
 mdl_conjg__CKM1x3 =  (  0.0000000000000000     , -0.0000000000000000     )
 mdl_conjg__CKM2x3 =  (  0.0000000000000000     , -0.0000000000000000     )
 mdl_conjg__CKM3x3 =  (  1.0000000000000000     , -0.0000000000000000     )
 mdl_complexi =  (  0.0000000000000000     ,  1.0000000000000000     )
 mdl_aEW =    7.8186082877247844E-003
 mdl_MW =    79.824359746197842     
 mdl_sqrt__aEW =    8.8422894590285753E-002
 mdl_ee =   0.31345100004952897     
 mdl_MW__exp__2 =    6371.9284088904105     
 mdl_sw2 =   0.23369913342182447     
 mdl_cw =   0.87538612427783857     
 mdl_sqrt__sw2 =   0.48342438232036300     
 mdl_sw =   0.48342438232036300     
 mdl_g1 =   0.35807170271074895     
 mdl_gw =   0.64839716719502682     
 mdl_vev =    246.22056907348590     
 mdl_vev__exp__2 =    60624.568634871241     
 mdl_muS =    53.830953625738765     
 mdl_lam =   0.12886689630821144     
 mdl_yb =    2.6995322804122722E-002
 mdl_yc =    7.2944808428161397E-003
 mdl_ydo =    2.8948175943144366E-005
 mdl_ye =    2.9350233942354699E-006
 mdl_ym =    6.0687783137949077E-004
 mdl_ys =    5.8011225600348830E-004
 mdl_yt =   0.98791394091683138     
 mdl_ytau =    1.0206529494239589E-002
 mdl_yup =    1.4646398542662327E-005
 mdl_muH =    88.388347648318444     
 mdl_I1b11 =  (  2.8200735207477649E-005,  0.0000000000000000     )
 mdl_I1b12 =  ( -6.5357038024204180E-006, -0.0000000000000000     )
 mdl_I1b13 =  (  0.0000000000000000     ,  0.0000000000000000     )
 mdl_I1b21 =  (  1.3097342937390123E-004,  0.0000000000000000     )
 mdl_I1b22 =  (  5.6513378094350051E-004,  0.0000000000000000     )
 mdl_I1b23 =  (  0.0000000000000000     ,  0.0000000000000000     )
 mdl_I1b31 =  (  0.0000000000000000     ,  0.0000000000000000     )
 mdl_I1b32 =  (  0.0000000000000000     ,  0.0000000000000000     )
 mdl_I1b33 =  (  2.6995322804122722E-002,  0.0000000000000000     )
 mdl_I2b11 =  (  1.4268229122830952E-005,  0.0000000000000000     )
 mdl_I2b12 =  ( -1.6468936168797480E-003, -0.0000000000000000     )
 mdl_I2b13 =  (  0.0000000000000000     ,  0.0000000000000000     )
 mdl_I2b21 =  (  3.3067549000341398E-006,  0.0000000000000000     )
 mdl_I2b22 =  (  7.1061376415667886E-003,  0.0000000000000000     )
 mdl_I2b23 =  (  0.0000000000000000     ,  0.0000000000000000     )
 mdl_I2b31 =  (  0.0000000000000000     ,  0.0000000000000000     )
 mdl_I2b32 =  (  0.0000000000000000     ,  0.0000000000000000     )
 mdl_I2b33 =  ( 0.98791394091683138     ,  0.0000000000000000     )
 mdl_I3b11 =  (  1.4268229122830952E-005,  0.0000000000000000     )
 mdl_I3b12 =  (  3.3067549000341398E-006,  0.0000000000000000     )
 mdl_I3b13 =  (  0.0000000000000000     ,  0.0000000000000000     )
 mdl_I3b21 =  ( -1.6468936168797480E-003,  0.0000000000000000     )
 mdl_I3b22 =  (  7.1061376415667886E-003,  0.0000000000000000     )
 mdl_I3b23 =  (  0.0000000000000000     ,  0.0000000000000000     )
 mdl_I3b31 =  (  0.0000000000000000     ,  0.0000000000000000     )
 mdl_I3b32 =  (  0.0000000000000000     ,  0.0000000000000000     )
 mdl_I3b33 =  ( 0.98791394091683138     ,  0.0000000000000000     )
 mdl_I4b11 =  (  2.8200735207477649E-005,  0.0000000000000000     )
 mdl_I4b12 =  (  1.3097342937390123E-004,  0.0000000000000000     )
 mdl_I4b13 =  (  0.0000000000000000     ,  0.0000000000000000     )
 mdl_I4b21 =  ( -6.5357038024204180E-006,  0.0000000000000000     )
 mdl_I4b22 =  (  5.6513378094350051E-004,  0.0000000000000000     )
 mdl_I4b23 =  (  0.0000000000000000     ,  0.0000000000000000     )
 mdl_I4b31 =  (  0.0000000000000000     ,  0.0000000000000000     )
 mdl_I4b32 =  (  0.0000000000000000     ,  0.0000000000000000     )
 mdl_I4b33 =  (  2.6995322804122722E-002,  0.0000000000000000     )
 mdl_ee__exp__2 =    9.8251529432049817E-002
 mdl_sw__exp__2 =   0.23369913342182450     
 mdl_cw__exp__2 =   0.76630086657817542     
  Internal Params evaluated point by point
  ----------------------------------------
  
 mdl_sqrt__aS =   0.34409301068170506     
 mdl_G__exp__2 =    1.4878582807401259     
  Couplings of DM
  ---------------------------------
  
         GC_1 =  -0.00000E+00  -0.10448E+00
         GC_2 =   0.00000E+00   0.20897E+00
         GC_4 =   0.00000E+00   0.31345E+00
        GC_76 =   0.00000E+00   0.57700E-01
        GC_77 =  -0.00000E+00  -0.11540E+00
        GC_78 =  -0.00000E+00  -0.17310E+00
        GC_83 =  -0.00000E+00  -0.31265E+00
        GC_84 =   0.00000E+00   0.25495E+00
       GC_107 =  -0.00000E+00  -0.10000E-09
       GC_108 =  -0.00000E+00  -0.10000E-09
       GC_124 =  -0.00000E+00  -0.11800E-12

 Collider parameters:
 --------------------

 Running at P P   machine @    14000.000000000000       GeV
 PDF set = nn23lo1
 alpha_s(Mz)= 0.1300 running at 2 loops.
 alpha_s(Mz)= 0.1300 running at 2 loops.
 Renormalization scale set on event-by-event basis
 Factorization   scale set on event-by-event basis


 getting user params
Enter number of events and max and min iterations: 
 Number of events and iterations         1000           5           3
Enter desired fractional accuracy: 
 Desired fractional accuracy:   0.10000000000000001     
Enter 0 for fixed, 2 for adjustable grid: 
Suppress amplitude (0 no, 1 yes)? 
 Using suppressed amplitude.
Exact helicity sum (0 yes, n = number/event)? 
 Explicitly summing over helicities
Enter Configuration Number: 
Running Configuration Number:    2
 Using dconfig=          22
 BW Setting            1           1           2           0
 Attempting mappinvarients           1           6
 Completed mapping           6
 about to integrate           10        1000           5           3          10           1
 Using non-zero grid deformation.
 10 dimensions   1000 events 10 invarients  5 iterations  1 config(s),  (0.99)
 Using h-tuple random number sequence.
 Error opening grid
 Using Uniform Grid!          24
 Using uniform alpha   1.0000000000000000     
 Grid defined OK
 Set CM energy to      14000.00
 Mapping Graph           2  to config           2
 Setting BW          -1           1   77.000000000000000     
 Setting BW          -2           2   613.00000000000000     
Setting grid   3    0.74823E-02   1
 Transforming s_hat 1/s            9   7.4822500000000011E-003   553536.76036826102        195999999.99999997     
   2   1   2   3   4   5   6   7   8   9  10
 Masses: 0.127E+01 0.127E+01 0.613E+03 0.511E-03 0.300E+02 0.101E+03
Using random seed offsets     2 :     11
  with seed                   33
 Ranmar initialization seeds       11950        9418
 
 ********************************************
 * You are using the DiscreteSampler module *
 *      part of the MG5_aMC framework       *
 *         Author: Valentin Hirschi         *
 ********************************************
 
  Particle       3       4       5       6
      Et >     0.0     0.0     0.0     0.0
       E >     0.0     0.0     0.0     0.0
     Eta <    -1.0    -1.0    -1.0    -1.0
   xqcut:      0.0     0.0     0.0     0.0
d R # 3  >    -0.0     0.0     0.0     0.0
d R # 4  >    -0.0    -0.0     0.0     0.0
d R # 5  >    -0.0    -0.0    -0.0     0.0
s min # 3>     0.0375769.6413449.0     0.0
s min # 4>     0.0     0.0   900.0     0.0
s min # 5>     0.0     0.0     0.0     0.0
xqcutij # 3>     0.0     0.0     0.0     0.0
xqcutij # 4>     0.0     0.0     0.0     0.0
xqcutij # 5>     0.0     0.0     0.0     0.0
 Requiring BW           -1           1
 Requiring BW           -2           2
 Excluding BW           -3           3
 alpha_s for scale    1284.0738910092848       is    9.0422907537879793E-002
 Added good helicity            5  0.62544381033714713       in event            1 local:           1
 Added good helicity            6  0.52154297978242925       in event            1 local:           1
 Added good helicity            7   9.8834628024934160E-002  in event            1 local:           1
 Added good helicity            8   8.2415887013136915E-002  in event            1 local:           1
 Added good helicity           13   27.379836295007046       in event            1 local:           1
 Added good helicity           14   23.559608000932052       in event            1 local:           1
 Added good helicity           15   4.3266491583662736       in event            1 local:           1
 Added good helicity           16   3.7229644848994439       in event            1 local:           1
 Added good helicity           21   1.1291121347027845E-005  in event            1 local:           1
 Added good helicity           22   7.1779397226922083E-006  in event            1 local:           1
 Added good helicity           23   1.7842590491324010E-006  in event            1 local:           1
 Added good helicity           24   1.1342809549834140E-006  in event            1 local:           1
 Added good helicity           29   7.1779839289378068E-006  in event            1 local:           1
 Added good helicity           30   1.1291144502514730E-005  in event            1 local:           1
 Added good helicity           31   1.1342879405955238E-006  in event            1 local:           1
 Added good helicity           32   1.7842627082363976E-006  in event            1 local:           1
 Added good helicity           37   1.1826514729947626E-005  in event            1 local:           1
 Added good helicity           38   6.3335975122550722E-006  in event            1 local:           1
 Added good helicity           39   1.8688636210751965E-006  in event            1 local:           1
 Added good helicity           40   1.0008553028063841E-006  in event            1 local:           1
 Added good helicity           45   6.3335533060090137E-006  in event            1 local:           1
 Added good helicity           46   1.1826491574460457E-005  in event            1 local:           1
 Added good helicity           47   1.0008483171942821E-006  in event            1 local:           1
 Added good helicity           48   1.8688599619712340E-006  in event            1 local:           1
 Added good helicity           53   1.4384113439209738       in event            1 local:           1
 Added good helicity           54   1.6716520546470570       in event            1 local:           1
 Added good helicity           55  0.22730235358255560       in event            1 local:           1
 Added good helicity           56  0.26415979545644258       in event            1 local:           1
 Added good helicity           61   3.1842352318922892E-002  in event            1 local:           1
 Added good helicity           62   3.8185927021303495E-002  in event            1 local:           1
 Added good helicity           63   5.0318301898026226E-003  in event            1 local:           1
 Added good helicity           64   6.0342621200510120E-003  in event            1 local:           1
 Added good helicity            5  0.62544381033714902       in event            1 local:           1
 Added good helicity            6  0.52154297978243069       in event            1 local:           1
 Added good helicity            7   9.8834628024934354E-002  in event            1 local:           1
 Added good helicity            8   8.2415887013137068E-002  in event            1 local:           1
 Added good helicity           13   27.379836295007038       in event            1 local:           1
 Added good helicity           14   23.559608000932055       in event            1 local:           1
 Added good helicity           15   4.3266491583662674       in event            1 local:           1
 Added good helicity           16   3.7229644848994390       in event            1 local:           1
 Added good helicity           21   1.1291121347027364E-005  in event            1 local:           1
 Added good helicity           22   7.1779397226921024E-006  in event            1 local:           1
 Added good helicity           23   1.7842590491322587E-006  in event            1 local:           1
 Added good helicity           24   1.1342809549834182E-006  in event            1 local:           1
 Added good helicity           29   7.1779839289376365E-006  in event            1 local:           1
 Added good helicity           30   1.1291144502514540E-005  in event            1 local:           1
 Added good helicity           31   1.1342879405954737E-006  in event            1 local:           1
 Added good helicity           32   1.7842627082363000E-006  in event            1 local:           1
 Added good helicity           37   1.1826514729948534E-005  in event            1 local:           1
 Added good helicity           38   6.3335975122551645E-006  in event            1 local:           1
 Added good helicity           39   1.8688636210753712E-006  in event            1 local:           1
 Added good helicity           40   1.0008553028064110E-006  in event            1 local:           1
 Added good helicity           45   6.3335533060095152E-006  in event            1 local:           1
 Added good helicity           46   1.1826491574461007E-005  in event            1 local:           1
 Added good helicity           47   1.0008483171943215E-006  in event            1 local:           1
 Added good helicity           48   1.8688599619713540E-006  in event            1 local:           1
 Added good helicity           53   1.4384113439209731       in event            1 local:           1
 Added good helicity           54   1.6716520546470570       in event            1 local:           1
 Added good helicity           55  0.22730235358255529       in event            1 local:           1
 Added good helicity           56  0.26415979545644236       in event            1 local:           1
 Added good helicity           61   3.1842352318922948E-002  in event            1 local:           1
 Added good helicity           62   3.8185927021303689E-002  in event            1 local:           1
 Added good helicity           63   5.0318301898026304E-003  in event            1 local:           1
 Added good helicity           64   6.0342621200510198E-003  in event            1 local:           1
 Added good helicity            9   1.6631131618220255E-008  in event            3 local:           3
 Added good helicity           10   1.8595731645884023E-008  in event            3 local:           3
 Added good helicity            9   1.6631131618220308E-008  in event            2 local:           2
 Added good helicity           10   1.8595731645884080E-008  in event            2 local:           2
 RESET CUMULATIVE VARIABLE
 Added good helicity            1   1.3697552169256850E-006  in event           23 local:          23
 Added good helicity            2   8.2539812867431691E-006  in event           23 local:          23
 Added good helicity           49   1.3414346429409025E-006  in event           23 local:          23
 Added good helicity           50   3.2134213763552185E-007  in event           23 local:          23
 Added good helicity           57   5.0463168952102804E-007  in event           23 local:          23
 Added good helicity           58   8.3744058210748875E-008  in event           23 local:          23
 RESET CUMULATIVE VARIABLE
 RESET CUMULATIVE VARIABLE
 Iteration  1   Mean: 0.4147E-51 Abs mean: 0.4147E-51   Fluctuation:  0.389E-52   0.173E-49    95.5%
  1    0.4147E-51 0.4147E-51 +- 0.3894E-52      2.97
 Writing out events   8.6839472900903316E-056   2.9695391818162591     
 Relative summed weights:
  0.6131E+00  0.3869E+00
 Relative number of events:
  0.5249E+00  0.4751E+00
 Events:
         538         487
 Iteration  2   Mean: 0.4849E-51 Abs mean: 0.4849E-51   Fluctuation:  0.194E-52   0.893E-50    97.8%
  2    0.4849E-51 0.4849E-51 +- 0.1944E-52      1.79
 Relative summed weights:
  0.4731E+00  0.5269E+00
 Relative number of events:
  0.4855E+00  0.5145E+00
 Events:
         971        1029
 Iteration  3   Mean: 0.4708E-51 Abs mean: 0.4708E-51   Fluctuation:  0.718E-53   0.386E-50    97.3%
  3    0.4708E-51 0.4708E-51 +- 0.7181E-53      0.96
 Relative summed weights:
  0.4958E+00  0.5042E+00
 Relative number of events:
  0.4984E+00  0.5016E+00
 Events:
        1993        2006
 Accuracy:    0.015   0.100   0.014   1.077
 Finished due to accuracy    1.4624984784320529E-002  0.10000000000000001     

 -------------------------------------------------------------------------------
 Accumulated results:   Integral =  0.0000E+00
                        Std dev  =  0.0000E+00
                       Cross sec =  0.0000E+00
             Chi**2 per DoF.     =      1.0769
 -------------------------------------------------------------------------------
 Found          390  events.
 Wrote          388  events.
 Actual xsec    4.7131100480309469E-052
 Correct abs xsec    4.7131100480314618E-052
 Event xsec    4.7131100480314648E-052
 Events wgts > 1:            0
 % Cross section > 1:    0.0000000000000000        0.0000000000000000     
-------------------------------------------------
---------------------------
 Results Last   3 iters: Integral =   0.4713E-51
                     Abs integral =   0.4713E-51
                          Std dev =   0.6642E-53
                  Chi**2 per DoF. =      1.3012
-------------------------------------------------
---------------------------
 Status  0.10000000000000001                4           5

ls status:
events.lhe
ftn26
input_app.txt
results.dat
run_01_log.txt
run1_app.log
