This is pdfTeX, Version 3.1415926-2.5-1.40.14 (TeX Live 2013)
 restricted \write18 enabled.
entering extended mode
(./main.tex
LaTeX2e <2011/06/27>
Babel <v3.8m> and hyphenation patterns for english, dumylang, nohyphenation, lo
aded.
(/usr/share/texlive/texmf-dist/tex/latex/base/article.cls
Document Class: article 2007/10/19 v1.4h Standard LaTeX document class
(/usr/share/texlive/texmf-dist/tex/latex/base/size10.clo)) (./jheppub.sty
(/usr/share/texlive/texmf-dist/tex/latex/amsmath/amsmath.sty
For additional information on amsmath, use the `?' option.
(/usr/share/texlive/texmf-dist/tex/latex/amsmath/amstext.sty
(/usr/share/texlive/texmf-dist/tex/latex/amsmath/amsgen.sty))
(/usr/share/texlive/texmf-dist/tex/latex/amsmath/amsbsy.sty)
(/usr/share/texlive/texmf-dist/tex/latex/amsmath/amsopn.sty))
(/usr/share/texlive/texmf-dist/tex/latex/amsfonts/amssymb.sty
(/usr/share/texlive/texmf-dist/tex/latex/amsfonts/amsfonts.sty))
(/usr/share/texlive/texmf-dist/tex/latex/graphics/epsfig.sty
(/usr/share/texlive/texmf-dist/tex/latex/graphics/graphicx.sty
(/usr/share/texlive/texmf-dist/tex/latex/graphics/keyval.sty)
(/usr/share/texlive/texmf-dist/tex/latex/graphics/graphics.sty
(/usr/share/texlive/texmf-dist/tex/latex/graphics/trig.sty)
(/usr/share/texlive/texmf-dist/tex/latex/latexconfig/graphics.cfg)
(/usr/share/texlive/texmf-dist/tex/latex/pdftex-def/pdftex.def
(/usr/share/texlive/texmf-dist/tex/generic/oberdiek/infwarerr.sty)
(/usr/share/texlive/texmf-dist/tex/generic/oberdiek/ltxcmds.sty)))))
(/usr/share/texlive/texmf-dist/tex/latex/natbib/natbib.sty)
(/usr/share/texlive/texmf-dist/tex/latex/graphics/color.sty
(/usr/share/texlive/texmf-dist/tex/latex/latexconfig/color.cfg))
(/usr/share/texlive/texmf-dist/tex/latex/hyperref/hyperref.sty
(/usr/share/texlive/texmf-dist/tex/generic/oberdiek/hobsub-hyperref.sty
(/usr/share/texlive/texmf-dist/tex/generic/oberdiek/hobsub-generic.sty))
(/usr/share/texlive/texmf-dist/tex/generic/ifxetex/ifxetex.sty)
(/usr/share/texlive/texmf-dist/tex/latex/oberdiek/auxhook.sty)
(/usr/share/texlive/texmf-dist/tex/latex/oberdiek/kvoptions.sty)
(/usr/share/texlive/texmf-dist/tex/latex/hyperref/pd1enc.def)
(/usr/share/texlive/texmf-dist/tex/latex/latexconfig/hyperref.cfg)

Package hyperref Warning: Option `pagecolor' is not available anymore.

(/usr/share/texlive/texmf-dist/tex/latex/url/url.sty))

Package hyperref Message: Driver (autodetected): hpdftex.

(/usr/share/texlive/texmf-dist/tex/latex/hyperref/hpdftex.def
(/usr/share/texlive/texmf-dist/tex/latex/oberdiek/rerunfilecheck.sty))
(/usr/share/texlive/texmf-dist/tex/latex/psnfss/ot1phv.fd))
(/usr/share/texlive/texmf-dist/tex/latex/base/fontenc.sty
(/usr/share/texlive/texmf-dist/tex/latex/base/t1enc.def))
(/usr/share/texlive/texmf-dist/tex/latex/colortbl/colortbl.sty
(/usr/share/texlive/texmf-dist/tex/latex/tools/array.sty))
(/usr/share/texlive/texmf-dist/tex/latex/xcolor/xcolor.sty
(/usr/share/texlive/texmf-dist/tex/latex/latexconfig/color.cfg))
(/usr/share/texlive/texmf-dist/tex/latex/float/float.sty)
No file main.aux.
(/usr/share/texlive/texmf-dist/tex/context/base/supp-pdf.mkii
[Loading MPS to PDF converter (version 2006.09.02).]
) (/usr/share/texlive/texmf-dist/tex/latex/oberdiek/epstopdf-base.sty
(/usr/share/texlive/texmf-dist/tex/latex/oberdiek/grfext.sty)
(/usr/share/texlive/texmf-dist/tex/latex/latexconfig/epstopdf-sys.cfg))
(/usr/share/texlive/texmf-dist/tex/latex/hyperref/nameref.sty
(/usr/share/texlive/texmf-dist/tex/generic/oberdiek/gettitlestring.sty))
(/usr/share/texlive/texmf-dist/tex/latex/base/t1cmss.fd)
<logo.png, id=4, 325.215pt x 92.59593pt> <use logo.png>

Package JHEP Warning: E-mails are missing.
(JHEP)                Plese use \emailAdd macro to provide e-mails..

(/usr/share/texlive/texmf-dist/tex/latex/amsfonts/umsa.fd)
(/usr/share/texlive/texmf-dist/tex/latex/amsfonts/umsb.fd)
Underfull \hbox (badness 10000) in paragraph at lines 38--38


Underfull \hbox (badness 10000) in paragraph at lines 38--38


Underfull \hbox (badness 10000) in paragraph at lines 38--38


Underfull \hbox (badness 10000) in paragraph at lines 38--38

[0{/usr/share/texlive/texmf/fonts/map/pdftex/updmap/pdftex.map} <./logo.png>]
[1] (/usr/share/texlive/texmf-dist/tex/latex/base/t1cmtt.fd)
Overfull \hbox (21.18338pt too wide) in paragraph at lines 50--159
\T1/cmtt/m/n/10 ma5>import /-home/-s1412595/-Desktop/-SummerProject2019/-MG5_aM
C_v2_6_6/-BP2_080719/-Events/-

Overfull \hbox (168.14749pt too wide) in paragraph at lines 50--159
\T1/cmtt/m/n/10 ma5>submit /-home/-s1412595/-Desktop/-SummerProject2019/-MG5_aM
C_v2_6_6/-BP2_080719/-MA5_HADRON_ANALYSIS_reco_BasicReco_1 

Overfull \hbox (21.18338pt too wide) in paragraph at lines 50--159
\T1/cmtt/m/n/10 ma5>import /-home/-s1412595/-Desktop/-SummerProject2019/-MG5_aM
C_v2_6_6/-BP2_080719/-Events/-

Overfull \hbox (183.89365pt too wide) in paragraph at lines 50--159
\T1/cmtt/m/n/10 ma5>submit /-home/-s1412595/-Desktop/-SummerProject2019/-MG5_aM
C_v2_6_6/-BP2_080719/-MA5_HADRON_ANALYSIS_analysis2_BasicReco 

Underfull \hbox (badness 10000) in paragraph at lines 50--159

[2] (/usr/share/texlive/texmf-dist/tex/latex/base/omscmr.fd) [3]
Underfull \hbox (badness 10000) in paragraph at lines 187--187
[]|\T1/cmr/m/n/10 Events/-run_01/-

Overfull \hbox (18.13213pt too wide) in paragraph at lines 183--190
 [] 
[4]
Underfull \hbox (badness 10000) in paragraph at lines 201--202


Underfull \hbox (badness 10000) in paragraph at lines 204--205


Underfull \hbox (badness 10000) in paragraph at lines 207--208


Underfull \hbox (badness 10000) in paragraph at lines 210--211


Underfull \hbox (badness 10000) in paragraph at lines 213--214


Underfull \hbox (badness 10000) in paragraph at lines 216--217


Underfull \hbox (badness 10000) in paragraph at lines 219--220


Underfull \hbox (badness 10000) in paragraph at lines 222--223


Overfull \hbox (49.05849pt too wide) in paragraph at lines 232--232
[]|\T1/cmr/m/n/10 tag_1_pythia8_basicreco| 

Overfull \hbox (55.33208pt too wide) in paragraph at lines 228--235
 [] 

Underfull \hbox (badness 10000) in paragraph at lines 225--236

<selection_0.png, id=43, 698.61pt x 473.77pt> <use selection_0.png> [5]
[6pdfTeX warning (ext4): destination with the same identifier (name{figure.1}) 
has been already used, duplicate ignored

\AtBegShi@Output ...ipout \box \AtBeginShipoutBox 
                                                  \fi \fi 
l.244       \newpage
                     <./selection_0.png>]
Overfull \hbox (49.05849pt too wide) in paragraph at lines 254--254
[]|\T1/cmr/m/n/10 tag_1_pythia8_basicreco| 

Overfull \hbox (55.33208pt too wide) in paragraph at lines 250--257
 [] 

Underfull \hbox (badness 10000) in paragraph at lines 247--258

<selection_1.png, id=66, 698.61pt x 473.77pt> <use selection_1.png> [7pdfTeX wa
rning (ext4): destination with the same identifier (name{figure.2}) has been al
ready used, duplicate ignored

\AtBegShi@Output ...ipout \box \AtBeginShipoutBox 
                                                  \fi \fi 
l.266       \newpage
                     <./selection_1.png>]
Overfull \hbox (49.05849pt too wide) in paragraph at lines 276--276
[]|\T1/cmr/m/n/10 tag_1_pythia8_basicreco| 

Overfull \hbox (55.33208pt too wide) in paragraph at lines 272--279
 [] 

Underfull \hbox (badness 10000) in paragraph at lines 269--280

<selection_2.png, id=73, 698.61pt x 473.77pt> <use selection_2.png> [8pdfTeX wa
rning (ext4): destination with the same identifier (name{figure.3}) has been al
ready used, duplicate ignored

\AtBegShi@Output ...ipout \box \AtBeginShipoutBox 
                                                  \fi \fi 
l.288       \newpage
                     <./selection_2.png>]
Overfull \hbox (49.05849pt too wide) in paragraph at lines 298--298
[]|\T1/cmr/m/n/10 tag_1_pythia8_basicreco| 

Overfull \hbox (55.33208pt too wide) in paragraph at lines 294--301
 [] 

Underfull \hbox (badness 10000) in paragraph at lines 291--302

<selection_3.png, id=80, 698.61pt x 473.77pt> <use selection_3.png> [9pdfTeX wa
rning (ext4): destination with the same identifier (name{figure.4}) has been al
ready used, duplicate ignored

\AtBegShi@Output ...ipout \box \AtBeginShipoutBox 
                                                  \fi \fi 
l.310       \newpage
                     <./selection_3.png>]
Overfull \hbox (49.05849pt too wide) in paragraph at lines 320--320
[]|\T1/cmr/m/n/10 tag_1_pythia8_basicreco| 

Overfull \hbox (55.33208pt too wide) in paragraph at lines 316--323
 [] 

Underfull \hbox (badness 10000) in paragraph at lines 313--324

<selection_4.png, id=87, 698.61pt x 473.77pt> <use selection_4.png> [10pdfTeX w
arning (ext4): destination with the same identifier (name{figure.5}) has been a
lready used, duplicate ignored

\AtBegShi@Output ...ipout \box \AtBeginShipoutBox 
                                                  \fi \fi 
l.332       \newpage
                     <./selection_4.png>]
Overfull \hbox (49.05849pt too wide) in paragraph at lines 342--342
[]|\T1/cmr/m/n/10 tag_1_pythia8_basicreco| 

Overfull \hbox (55.33208pt too wide) in paragraph at lines 338--345
 [] 

Underfull \hbox (badness 10000) in paragraph at lines 335--346

<selection_5.png, id=94, 698.61pt x 473.77pt> <use selection_5.png> [11pdfTeX w
arning (ext4): destination with the same identifier (name{figure.6}) has been a
lready used, duplicate ignored

\AtBegShi@Output ...ipout \box \AtBeginShipoutBox 
                                                  \fi \fi 
l.354       \newpage
                     <./selection_5.png>]
Overfull \hbox (49.05849pt too wide) in paragraph at lines 364--364
[]|\T1/cmr/m/n/10 tag_1_pythia8_basicreco| 

Overfull \hbox (55.33208pt too wide) in paragraph at lines 360--367
 [] 

Underfull \hbox (badness 10000) in paragraph at lines 357--368

<selection_6.png, id=101, 698.61pt x 473.77pt> <use selection_6.png> [12pdfTeX 
warning (ext4): destination with the same identifier (name{figure.7}) has been 
already used, duplicate ignored

\AtBegShi@Output ...ipout \box \AtBeginShipoutBox 
                                                  \fi \fi 
l.376       \newpage
                     <./selection_6.png>]
Overfull \hbox (49.05849pt too wide) in paragraph at lines 386--386
[]|\T1/cmr/m/n/10 tag_1_pythia8_basicreco| 

Overfull \hbox (55.33208pt too wide) in paragraph at lines 382--389
 [] 

Underfull \hbox (badness 10000) in paragraph at lines 379--390

<selection_7.png, id=109, 698.61pt x 473.77pt> <use selection_7.png> [13pdfTeX 
warning (ext4): destination with the same identifier (name{figure.8}) has been 
already used, duplicate ignored

\AtBegShi@Output ...ipout \box \AtBeginShipoutBox 
                                                  \fi \fi 
l.398       \newpage
                     <./selection_7.png>]
Overfull \hbox (49.05849pt too wide) in paragraph at lines 408--408
[]|\T1/cmr/m/n/10 tag_1_pythia8_basicreco| 

Overfull \hbox (55.33208pt too wide) in paragraph at lines 404--411
 [] 

Underfull \hbox (badness 10000) in paragraph at lines 401--412

<selection_8.png, id=116, 698.61pt x 473.77pt> <use selection_8.png> [14pdfTeX 
warning (ext4): destination with the same identifier (name{figure.9}) has been 
already used, duplicate ignored

\AtBegShi@Output ...ipout \box \AtBeginShipoutBox 
                                                  \fi \fi 
l.420       \newpage
                     <./selection_8.png>]
Overfull \hbox (49.05849pt too wide) in paragraph at lines 430--430
[]|\T1/cmr/m/n/10 tag_1_pythia8_basicreco| 

Overfull \hbox (55.33208pt too wide) in paragraph at lines 426--433
 [] 

Underfull \hbox (badness 10000) in paragraph at lines 423--434

<selection_9.png, id=123, 698.61pt x 473.77pt> <use selection_9.png> [15pdfTeX 
warning (ext4): destination with the same identifier (name{figure.10}) has been
 already used, duplicate ignored

\AtBegShi@Output ...ipout \box \AtBeginShipoutBox 
                                                  \fi \fi 
l.442       \newpage
                     <./selection_9.png>]
Overfull \hbox (49.05849pt too wide) in paragraph at lines 452--452
[]|\T1/cmr/m/n/10 tag_1_pythia8_basicreco| 

Overfull \hbox (55.33208pt too wide) in paragraph at lines 448--455
 [] 

Underfull \hbox (badness 10000) in paragraph at lines 445--456

<selection_10.png, id=130, 698.61pt x 473.77pt> <use selection_10.png> [16pdfTe
X warning (ext4): destination with the same identifier (name{figure.11}) has be
en already used, duplicate ignored

\AtBegShi@Output ...ipout \box \AtBeginShipoutBox 
                                                  \fi \fi 
l.464       \newpage
                     <./selection_10.png>]
Overfull \hbox (49.05849pt too wide) in paragraph at lines 474--474
[]|\T1/cmr/m/n/10 tag_1_pythia8_basicreco| 

Overfull \hbox (55.33208pt too wide) in paragraph at lines 470--477
 [] 

Underfull \hbox (badness 10000) in paragraph at lines 467--478

<selection_11.png, id=137, 698.61pt x 473.77pt> <use selection_11.png> [17pdfTe
X warning (ext4): destination with the same identifier (name{figure.12}) has be
en already used, duplicate ignored

\AtBegShi@Output ...ipout \box \AtBeginShipoutBox 
                                                  \fi \fi 
l.486       \newpage
                     <./selection_11.png>]
Overfull \hbox (49.05849pt too wide) in paragraph at lines 496--496
[]|\T1/cmr/m/n/10 tag_1_pythia8_basicreco| 

Overfull \hbox (55.33208pt too wide) in paragraph at lines 492--499
 [] 

Underfull \hbox (badness 10000) in paragraph at lines 489--500

<selection_12.png, id=144, 698.61pt x 473.77pt> <use selection_12.png> [18pdfTe
X warning (ext4): destination with the same identifier (name{figure.13}) has be
en already used, duplicate ignored

\AtBegShi@Output ...ipout \box \AtBeginShipoutBox 
                                                  \fi \fi 
l.508       \newpage
                     <./selection_12.png>]
Overfull \hbox (49.05849pt too wide) in paragraph at lines 518--518
[]|\T1/cmr/m/n/10 tag_1_pythia8_basicreco| 

Overfull \hbox (55.33208pt too wide) in paragraph at lines 514--521
 [] 

Underfull \hbox (badness 10000) in paragraph at lines 511--522

<selection_13.png, id=152, 698.61pt x 473.77pt> <use selection_13.png> [19pdfTe
X warning (ext4): destination with the same identifier (name{figure.14}) has be
en already used, duplicate ignored

\AtBegShi@Output ...ipout \box \AtBeginShipoutBox 
                                                  \fi \fi 
l.530       \newpage
                     <./selection_13.png>]
Overfull \hbox (49.05849pt too wide) in paragraph at lines 540--540
[]|\T1/cmr/m/n/10 tag_1_pythia8_basicreco| 

Overfull \hbox (55.33208pt too wide) in paragraph at lines 536--543
 [] 

Underfull \hbox (badness 10000) in paragraph at lines 533--544

<selection_14.png, id=160, 698.61pt x 473.77pt> <use selection_14.png> [20pdfTe
X warning (ext4): destination with the same identifier (name{figure.15}) has be
en already used, duplicate ignored

\AtBegShi@Output ...ipout \box \AtBeginShipoutBox 
                                                  \fi \fi 
l.552       \newpage
                     <./selection_14.png>]
Overfull \hbox (49.05849pt too wide) in paragraph at lines 562--562
[]|\T1/cmr/m/n/10 tag_1_pythia8_basicreco| 

Overfull \hbox (55.33208pt too wide) in paragraph at lines 558--565
 [] 

Underfull \hbox (badness 10000) in paragraph at lines 555--566

<selection_15.png, id=167, 698.61pt x 473.77pt> <use selection_15.png> [21pdfTe
X warning (ext4): destination with the same identifier (name{figure.16}) has be
en already used, duplicate ignored

\AtBegShi@Output ...ipout \box \AtBeginShipoutBox 
                                                  \fi \fi 
l.574       \newpage
                     <./selection_15.png>]
Overfull \hbox (49.05849pt too wide) in paragraph at lines 584--584
[]|\T1/cmr/m/n/10 tag_1_pythia8_basicreco| 

Overfull \hbox (55.33208pt too wide) in paragraph at lines 580--587
 [] 

Underfull \hbox (badness 10000) in paragraph at lines 577--588

<selection_16.png, id=174, 698.61pt x 473.77pt> <use selection_16.png> [22pdfTe
X warning (ext4): destination with the same identifier (name{figure.17}) has be
en already used, duplicate ignored

\AtBegShi@Output ...ipout \box \AtBeginShipoutBox 
                                                  \fi \fi 
l.596       \newpage
                     <./selection_16.png>]
Overfull \hbox (49.05849pt too wide) in paragraph at lines 606--606
[]|\T1/cmr/m/n/10 tag_1_pythia8_basicreco| 

Overfull \hbox (55.33208pt too wide) in paragraph at lines 602--609
 [] 

Underfull \hbox (badness 10000) in paragraph at lines 599--610

<selection_17.png, id=181, 698.61pt x 473.77pt> <use selection_17.png> [23pdfTe
X warning (ext4): destination with the same identifier (name{figure.18}) has be
en already used, duplicate ignored

\AtBegShi@Output ...ipout \box \AtBeginShipoutBox 
                                                  \fi \fi 
l.618       \newpage
                     <./selection_17.png>]
Overfull \hbox (49.05849pt too wide) in paragraph at lines 628--628
[]|\T1/cmr/m/n/10 tag_1_pythia8_basicreco| 

Overfull \hbox (55.33208pt too wide) in paragraph at lines 624--631
 [] 

Underfull \hbox (badness 10000) in paragraph at lines 621--632

<selection_18.png, id=188, 698.61pt x 473.77pt> <use selection_18.png> [24pdfTe
X warning (ext4): destination with the same identifier (name{figure.19}) has be
en already used, duplicate ignored

\AtBegShi@Output ...ipout \box \AtBeginShipoutBox 
                                                  \fi \fi 
l.640       \newpage
                     <./selection_18.png>]
Overfull \hbox (49.05849pt too wide) in paragraph at lines 650--650
[]|\T1/cmr/m/n/10 tag_1_pythia8_basicreco| 

Overfull \hbox (55.33208pt too wide) in paragraph at lines 646--653
 [] 

Underfull \hbox (badness 10000) in paragraph at lines 643--654

<selection_19.png, id=196, 698.61pt x 473.77pt> <use selection_19.png> [25pdfTe
X warning (ext4): destination with the same identifier (name{figure.20}) has be
en already used, duplicate ignored

\AtBegShi@Output ...ipout \box \AtBeginShipoutBox 
                                                  \fi \fi 
l.662       \newpage
                     <./selection_19.png>]
Overfull \hbox (49.05849pt too wide) in paragraph at lines 672--672
[]|\T1/cmr/m/n/10 tag_1_pythia8_basicreco| 

Overfull \hbox (55.33208pt too wide) in paragraph at lines 668--675
 [] 

Underfull \hbox (badness 10000) in paragraph at lines 665--676

<selection_20.png, id=203, 698.61pt x 473.77pt> <use selection_20.png> [26pdfTe
X warning (ext4): destination with the same identifier (name{figure.21}) has be
en already used, duplicate ignored

\AtBegShi@Output ...ipout \box \AtBeginShipoutBox 
                                                  \fi \fi 
l.684       \newpage
                     <./selection_20.png>]
Overfull \hbox (49.05849pt too wide) in paragraph at lines 694--694
[]|\T1/cmr/m/n/10 tag_1_pythia8_basicreco| 

Overfull \hbox (55.33208pt too wide) in paragraph at lines 690--697
 [] 

Underfull \hbox (badness 10000) in paragraph at lines 687--698

<selection_21.png, id=210, 698.61pt x 473.77pt> <use selection_21.png> [27pdfTe
X warning (ext4): destination with the same identifier (name{figure.22}) has be
en already used, duplicate ignored

\AtBegShi@Output ...ipout \box \AtBeginShipoutBox 
                                                  \fi \fi 
l.706       \newpage
                     <./selection_21.png>]
Overfull \hbox (49.05849pt too wide) in paragraph at lines 716--716
[]|\T1/cmr/m/n/10 tag_1_pythia8_basicreco| 

Overfull \hbox (55.33208pt too wide) in paragraph at lines 712--719
 [] 

Underfull \hbox (badness 10000) in paragraph at lines 709--720

<selection_22.png, id=217, 698.61pt x 473.77pt> <use selection_22.png> [28pdfTe
X warning (ext4): destination with the same identifier (name{figure.23}) has be
en already used, duplicate ignored

\AtBegShi@Output ...ipout \box \AtBeginShipoutBox 
                                                  \fi \fi 
l.728       \newpage
                     <./selection_22.png>]
Overfull \hbox (49.05849pt too wide) in paragraph at lines 738--738
[]|\T1/cmr/m/n/10 tag_1_pythia8_basicreco| 

Overfull \hbox (55.33208pt too wide) in paragraph at lines 734--741
 [] 

Underfull \hbox (badness 10000) in paragraph at lines 731--742

<selection_23.png, id=224, 698.61pt x 473.77pt> <use selection_23.png> [29pdfTe
X warning (ext4): destination with the same identifier (name{figure.24}) has be
en already used, duplicate ignored

\AtBegShi@Output ...ipout \box \AtBeginShipoutBox 
                                                  \fi \fi 
l.750       \newpage
                     <./selection_23.png>]
Overfull \hbox (49.05849pt too wide) in paragraph at lines 760--760
[]|\T1/cmr/m/n/10 tag_1_pythia8_basicreco| 

Overfull \hbox (55.33208pt too wide) in paragraph at lines 756--763
 [] 

Underfull \hbox (badness 10000) in paragraph at lines 753--764

<selection_24.png, id=231, 698.61pt x 473.77pt> <use selection_24.png> [30pdfTe
X warning (ext4): destination with the same identifier (name{figure.25}) has be
en already used, duplicate ignored

\AtBegShi@Output ...ipout \box \AtBeginShipoutBox 
                                                  \fi \fi 
l.772       \newpage
                     <./selection_24.png>]
Overfull \hbox (49.05849pt too wide) in paragraph at lines 782--782
[]|\T1/cmr/m/n/10 tag_1_pythia8_basicreco| 

Overfull \hbox (55.33208pt too wide) in paragraph at lines 778--785
 [] 

Underfull \hbox (badness 10000) in paragraph at lines 775--786

<selection_25.png, id=239, 698.61pt x 473.77pt> <use selection_25.png> [31pdfTe
X warning (ext4): destination with the same identifier (name{figure.26}) has be
en already used, duplicate ignored

\AtBegShi@Output ...ipout \box \AtBeginShipoutBox 
                                                  \fi \fi 
l.797 \newpage
               <./selection_25.png>]
Overfull \hbox (20.97742pt too wide) in paragraph at lines 808--815
 [] 
[32] (./main.aux)

Package rerunfilecheck Warning: File `main.out' has changed.
(rerunfilecheck)                Rerun to get outlines right
(rerunfilecheck)                or use package `bookmark'.

 )
(see the transcript file for additional information){/usr/share/texlive/texmf-d
ist/fonts/enc/dvips/cm-super/cm-super-t1.enc}</usr/share/texlive/texmf-dist/fon
ts/type1/public/amsfonts/cm/cmr7.pfb></usr/share/texlive/texmf-dist/fonts/type1
/public/amsfonts/cm/cmsy10.pfb></usr/share/texlive/texmf-dist/fonts/type1/publi
c/amsfonts/cm/cmsy7.pfb></usr/share/texlive/texmf-dist/fonts/type1/public/cm-su
per/sfbx0900.pfb></usr/share/texlive/texmf-dist/fonts/type1/public/cm-super/sfb
x1000.pfb></usr/share/texlive/texmf-dist/fonts/type1/public/cm-super/sfbx1200.p
fb></usr/share/texlive/texmf-dist/fonts/type1/public/cm-super/sfcc1000.pfb></us
r/share/texlive/texmf-dist/fonts/type1/public/cm-super/sfrm0900.pfb></usr/share
/texlive/texmf-dist/fonts/type1/public/cm-super/sfrm1000.pfb></usr/share/texliv
e/texmf-dist/fonts/type1/public/cm-super/sfsx1000.pfb></usr/share/texlive/texmf
-dist/fonts/type1/public/cm-super/sfsx1728.pfb></usr/share/texlive/texmf-dist/f
onts/type1/public/cm-super/sfti1000.pfb></usr/share/texlive/texmf-dist/fonts/ty
pe1/public/cm-super/sftt1000.pfb>
Output written on main.pdf (33 pages, 454630 bytes).
Transcript written on main.log.
This is pdfTeX, Version 3.1415926-2.5-1.40.14 (TeX Live 2013)
 restricted \write18 enabled.
entering extended mode
(./main.tex
LaTeX2e <2011/06/27>
Babel <v3.8m> and hyphenation patterns for english, dumylang, nohyphenation, lo
aded.
(/usr/share/texlive/texmf-dist/tex/latex/base/article.cls
Document Class: article 2007/10/19 v1.4h Standard LaTeX document class
(/usr/share/texlive/texmf-dist/tex/latex/base/size10.clo)) (./jheppub.sty
(/usr/share/texlive/texmf-dist/tex/latex/amsmath/amsmath.sty
For additional information on amsmath, use the `?' option.
(/usr/share/texlive/texmf-dist/tex/latex/amsmath/amstext.sty
(/usr/share/texlive/texmf-dist/tex/latex/amsmath/amsgen.sty))
(/usr/share/texlive/texmf-dist/tex/latex/amsmath/amsbsy.sty)
(/usr/share/texlive/texmf-dist/tex/latex/amsmath/amsopn.sty))
(/usr/share/texlive/texmf-dist/tex/latex/amsfonts/amssymb.sty
(/usr/share/texlive/texmf-dist/tex/latex/amsfonts/amsfonts.sty))
(/usr/share/texlive/texmf-dist/tex/latex/graphics/epsfig.sty
(/usr/share/texlive/texmf-dist/tex/latex/graphics/graphicx.sty
(/usr/share/texlive/texmf-dist/tex/latex/graphics/keyval.sty)
(/usr/share/texlive/texmf-dist/tex/latex/graphics/graphics.sty
(/usr/share/texlive/texmf-dist/tex/latex/graphics/trig.sty)
(/usr/share/texlive/texmf-dist/tex/latex/latexconfig/graphics.cfg)
(/usr/share/texlive/texmf-dist/tex/latex/pdftex-def/pdftex.def
(/usr/share/texlive/texmf-dist/tex/generic/oberdiek/infwarerr.sty)
(/usr/share/texlive/texmf-dist/tex/generic/oberdiek/ltxcmds.sty)))))
(/usr/share/texlive/texmf-dist/tex/latex/natbib/natbib.sty)
(/usr/share/texlive/texmf-dist/tex/latex/graphics/color.sty
(/usr/share/texlive/texmf-dist/tex/latex/latexconfig/color.cfg))
(/usr/share/texlive/texmf-dist/tex/latex/hyperref/hyperref.sty
(/usr/share/texlive/texmf-dist/tex/generic/oberdiek/hobsub-hyperref.sty
(/usr/share/texlive/texmf-dist/tex/generic/oberdiek/hobsub-generic.sty))
(/usr/share/texlive/texmf-dist/tex/generic/ifxetex/ifxetex.sty)
(/usr/share/texlive/texmf-dist/tex/latex/oberdiek/auxhook.sty)
(/usr/share/texlive/texmf-dist/tex/latex/oberdiek/kvoptions.sty)
(/usr/share/texlive/texmf-dist/tex/latex/hyperref/pd1enc.def)
(/usr/share/texlive/texmf-dist/tex/latex/latexconfig/hyperref.cfg)

Package hyperref Warning: Option `pagecolor' is not available anymore.

(/usr/share/texlive/texmf-dist/tex/latex/url/url.sty))

Package hyperref Message: Driver (autodetected): hpdftex.

(/usr/share/texlive/texmf-dist/tex/latex/hyperref/hpdftex.def
(/usr/share/texlive/texmf-dist/tex/latex/oberdiek/rerunfilecheck.sty))
(/usr/share/texlive/texmf-dist/tex/latex/psnfss/ot1phv.fd))
(/usr/share/texlive/texmf-dist/tex/latex/base/fontenc.sty
(/usr/share/texlive/texmf-dist/tex/latex/base/t1enc.def))
(/usr/share/texlive/texmf-dist/tex/latex/colortbl/colortbl.sty
(/usr/share/texlive/texmf-dist/tex/latex/tools/array.sty))
(/usr/share/texlive/texmf-dist/tex/latex/xcolor/xcolor.sty
(/usr/share/texlive/texmf-dist/tex/latex/latexconfig/color.cfg))
(/usr/share/texlive/texmf-dist/tex/latex/float/float.sty) (./main.aux)
(/usr/share/texlive/texmf-dist/tex/context/base/supp-pdf.mkii
[Loading MPS to PDF converter (version 2006.09.02).]
) (/usr/share/texlive/texmf-dist/tex/latex/oberdiek/epstopdf-base.sty
(/usr/share/texlive/texmf-dist/tex/latex/oberdiek/grfext.sty)
(/usr/share/texlive/texmf-dist/tex/latex/latexconfig/epstopdf-sys.cfg))
(/usr/share/texlive/texmf-dist/tex/latex/hyperref/nameref.sty
(/usr/share/texlive/texmf-dist/tex/generic/oberdiek/gettitlestring.sty))
(./main.out) (./main.out)
(/usr/share/texlive/texmf-dist/tex/latex/base/t1cmss.fd)
<logo.png, id=172, 325.215pt x 92.59593pt> <use logo.png>

Package JHEP Warning: E-mails are missing.
(JHEP)                Plese use \emailAdd macro to provide e-mails..

(/usr/share/texlive/texmf-dist/tex/latex/amsfonts/umsa.fd)
(/usr/share/texlive/texmf-dist/tex/latex/amsfonts/umsb.fd)
Underfull \hbox (badness 10000) in paragraph at lines 38--38


Underfull \hbox (badness 10000) in paragraph at lines 38--38


Underfull \hbox (badness 10000) in paragraph at lines 38--38


Underfull \hbox (badness 10000) in paragraph at lines 38--38

[0{/usr/share/texlive/texmf/fonts/map/pdftex/updmap/pdftex.map} <./logo.png>]
(./main.toc) [1] [2] (/usr/share/texlive/texmf-dist/tex/latex/base/t1cmtt.fd)
Overfull \hbox (21.18338pt too wide) in paragraph at lines 50--159
\T1/cmtt/m/n/10 ma5>import /-home/-s1412595/-Desktop/-SummerProject2019/-MG5_aM
C_v2_6_6/-BP2_080719/-Events/-

Overfull \hbox (168.14749pt too wide) in paragraph at lines 50--159
\T1/cmtt/m/n/10 ma5>submit /-home/-s1412595/-Desktop/-SummerProject2019/-MG5_aM
C_v2_6_6/-BP2_080719/-MA5_HADRON_ANALYSIS_reco_BasicReco_1 

Overfull \hbox (21.18338pt too wide) in paragraph at lines 50--159
\T1/cmtt/m/n/10 ma5>import /-home/-s1412595/-Desktop/-SummerProject2019/-MG5_aM
C_v2_6_6/-BP2_080719/-Events/-

Overfull \hbox (183.89365pt too wide) in paragraph at lines 50--159
\T1/cmtt/m/n/10 ma5>submit /-home/-s1412595/-Desktop/-SummerProject2019/-MG5_aM
C_v2_6_6/-BP2_080719/-MA5_HADRON_ANALYSIS_analysis2_BasicReco 

Underfull \hbox (badness 10000) in paragraph at lines 50--159

[3] (/usr/share/texlive/texmf-dist/tex/latex/base/omscmr.fd) [4]
Underfull \hbox (badness 10000) in paragraph at lines 187--187
[]|\T1/cmr/m/n/10 Events/-run_01/-

Overfull \hbox (18.13213pt too wide) in paragraph at lines 183--190
 [] 
[5]
Underfull \hbox (badness 10000) in paragraph at lines 201--202


Underfull \hbox (badness 10000) in paragraph at lines 204--205


Underfull \hbox (badness 10000) in paragraph at lines 207--208


Underfull \hbox (badness 10000) in paragraph at lines 210--211


Underfull \hbox (badness 10000) in paragraph at lines 213--214


Underfull \hbox (badness 10000) in paragraph at lines 216--217


Underfull \hbox (badness 10000) in paragraph at lines 219--220


Underfull \hbox (badness 10000) in paragraph at lines 222--223


Overfull \hbox (49.05849pt too wide) in paragraph at lines 232--232
[]|\T1/cmr/m/n/10 tag_1_pythia8_basicreco| 

Overfull \hbox (55.33208pt too wide) in paragraph at lines 228--235
 [] 

Underfull \hbox (badness 10000) in paragraph at lines 225--236

<selection_0.png, id=253, 698.61pt x 473.77pt> <use selection_0.png> [6]
[7pdfTeX warning (ext4): destination with the same identifier (name{figure.1}) 
has been already used, duplicate ignored

\AtBegShi@Output ...ipout \box \AtBeginShipoutBox 
                                                  \fi \fi 
l.244       \newpage
                     <./selection_0.png>]
Overfull \hbox (49.05849pt too wide) in paragraph at lines 254--254
[]|\T1/cmr/m/n/10 tag_1_pythia8_basicreco| 

Overfull \hbox (55.33208pt too wide) in paragraph at lines 250--257
 [] 

Underfull \hbox (badness 10000) in paragraph at lines 247--258

<selection_1.png, id=266, 698.61pt x 473.77pt> <use selection_1.png> [8pdfTeX w
arning (ext4): destination with the same identifier (name{figure.2}) has been a
lready used, duplicate ignored

\AtBegShi@Output ...ipout \box \AtBeginShipoutBox 
                                                  \fi \fi 
l.266       \newpage
                     <./selection_1.png>]
Overfull \hbox (49.05849pt too wide) in paragraph at lines 276--276
[]|\T1/cmr/m/n/10 tag_1_pythia8_basicreco| 

Overfull \hbox (55.33208pt too wide) in paragraph at lines 272--279
 [] 

Underfull \hbox (badness 10000) in paragraph at lines 269--280

<selection_2.png, id=272, 698.61pt x 473.77pt> <use selection_2.png> [9pdfTeX w
arning (ext4): destination with the same identifier (name{figure.3}) has been a
lready used, duplicate ignored

\AtBegShi@Output ...ipout \box \AtBeginShipoutBox 
                                                  \fi \fi 
l.288       \newpage
                     <./selection_2.png>]
Overfull \hbox (49.05849pt too wide) in paragraph at lines 298--298
[]|\T1/cmr/m/n/10 tag_1_pythia8_basicreco| 

Overfull \hbox (55.33208pt too wide) in paragraph at lines 294--301
 [] 

Underfull \hbox (badness 10000) in paragraph at lines 291--302

<selection_3.png, id=278, 698.61pt x 473.77pt> <use selection_3.png> [10pdfTeX 
warning (ext4): destination with the same identifier (name{figure.4}) has been 
already used, duplicate ignored

\AtBegShi@Output ...ipout \box \AtBeginShipoutBox 
                                                  \fi \fi 
l.310       \newpage
                     <./selection_3.png>]
Overfull \hbox (49.05849pt too wide) in paragraph at lines 320--320
[]|\T1/cmr/m/n/10 tag_1_pythia8_basicreco| 

Overfull \hbox (55.33208pt too wide) in paragraph at lines 316--323
 [] 

Underfull \hbox (badness 10000) in paragraph at lines 313--324

<selection_4.png, id=284, 698.61pt x 473.77pt> <use selection_4.png> [11pdfTeX 
warning (ext4): destination with the same identifier (name{figure.5}) has been 
already used, duplicate ignored

\AtBegShi@Output ...ipout \box \AtBeginShipoutBox 
                                                  \fi \fi 
l.332       \newpage
                     <./selection_4.png>]
Overfull \hbox (49.05849pt too wide) in paragraph at lines 342--342
[]|\T1/cmr/m/n/10 tag_1_pythia8_basicreco| 

Overfull \hbox (55.33208pt too wide) in paragraph at lines 338--345
 [] 

Underfull \hbox (badness 10000) in paragraph at lines 335--346

<selection_5.png, id=290, 698.61pt x 473.77pt> <use selection_5.png> [12pdfTeX 
warning (ext4): destination with the same identifier (name{figure.6}) has been 
already used, duplicate ignored

\AtBegShi@Output ...ipout \box \AtBeginShipoutBox 
                                                  \fi \fi 
l.354       \newpage
                     <./selection_5.png>]
Overfull \hbox (49.05849pt too wide) in paragraph at lines 364--364
[]|\T1/cmr/m/n/10 tag_1_pythia8_basicreco| 

Overfull \hbox (55.33208pt too wide) in paragraph at lines 360--367
 [] 

Underfull \hbox (badness 10000) in paragraph at lines 357--368

<selection_6.png, id=297, 698.61pt x 473.77pt> <use selection_6.png> [13pdfTeX 
warning (ext4): destination with the same identifier (name{figure.7}) has been 
already used, duplicate ignored

\AtBegShi@Output ...ipout \box \AtBeginShipoutBox 
                                                  \fi \fi 
l.376       \newpage
                     <./selection_6.png>]
Overfull \hbox (49.05849pt too wide) in paragraph at lines 386--386
[]|\T1/cmr/m/n/10 tag_1_pythia8_basicreco| 

Overfull \hbox (55.33208pt too wide) in paragraph at lines 382--389
 [] 

Underfull \hbox (badness 10000) in paragraph at lines 379--390

<selection_7.png, id=303, 698.61pt x 473.77pt> <use selection_7.png> [14pdfTeX 
warning (ext4): destination with the same identifier (name{figure.8}) has been 
already used, duplicate ignored

\AtBegShi@Output ...ipout \box \AtBeginShipoutBox 
                                                  \fi \fi 
l.398       \newpage
                     <./selection_7.png>]
Overfull \hbox (49.05849pt too wide) in paragraph at lines 408--408
[]|\T1/cmr/m/n/10 tag_1_pythia8_basicreco| 

Overfull \hbox (55.33208pt too wide) in paragraph at lines 404--411
 [] 

Underfull \hbox (badness 10000) in paragraph at lines 401--412

<selection_8.png, id=310, 698.61pt x 473.77pt> <use selection_8.png> [15pdfTeX 
warning (ext4): destination with the same identifier (name{figure.9}) has been 
already used, duplicate ignored

\AtBegShi@Output ...ipout \box \AtBeginShipoutBox 
                                                  \fi \fi 
l.420       \newpage
                     <./selection_8.png>]
Overfull \hbox (49.05849pt too wide) in paragraph at lines 430--430
[]|\T1/cmr/m/n/10 tag_1_pythia8_basicreco| 

Overfull \hbox (55.33208pt too wide) in paragraph at lines 426--433
 [] 

Underfull \hbox (badness 10000) in paragraph at lines 423--434

<selection_9.png, id=316, 698.61pt x 473.77pt> <use selection_9.png> [16pdfTeX 
warning (ext4): destination with the same identifier (name{figure.10}) has been
 already used, duplicate ignored

\AtBegShi@Output ...ipout \box \AtBeginShipoutBox 
                                                  \fi \fi 
l.442       \newpage
                     <./selection_9.png>]
Overfull \hbox (49.05849pt too wide) in paragraph at lines 452--452
[]|\T1/cmr/m/n/10 tag_1_pythia8_basicreco| 

Overfull \hbox (55.33208pt too wide) in paragraph at lines 448--455
 [] 

Underfull \hbox (badness 10000) in paragraph at lines 445--456

<selection_10.png, id=322, 698.61pt x 473.77pt> <use selection_10.png> [17pdfTe
X warning (ext4): destination with the same identifier (name{figure.11}) has be
en already used, duplicate ignored

\AtBegShi@Output ...ipout \box \AtBeginShipoutBox 
                                                  \fi \fi 
l.464       \newpage
                     <./selection_10.png>]
Overfull \hbox (49.05849pt too wide) in paragraph at lines 474--474
[]|\T1/cmr/m/n/10 tag_1_pythia8_basicreco| 

Overfull \hbox (55.33208pt too wide) in paragraph at lines 470--477
 [] 

Underfull \hbox (badness 10000) in paragraph at lines 467--478

<selection_11.png, id=328, 698.61pt x 473.77pt> <use selection_11.png> [18pdfTe
X warning (ext4): destination with the same identifier (name{figure.12}) has be
en already used, duplicate ignored

\AtBegShi@Output ...ipout \box \AtBeginShipoutBox 
                                                  \fi \fi 
l.486       \newpage
                     <./selection_11.png>]
Overfull \hbox (49.05849pt too wide) in paragraph at lines 496--496
[]|\T1/cmr/m/n/10 tag_1_pythia8_basicreco| 

Overfull \hbox (55.33208pt too wide) in paragraph at lines 492--499
 [] 

Underfull \hbox (badness 10000) in paragraph at lines 489--500

<selection_12.png, id=335, 698.61pt x 473.77pt> <use selection_12.png> [19pdfTe
X warning (ext4): destination with the same identifier (name{figure.13}) has be
en already used, duplicate ignored

\AtBegShi@Output ...ipout \box \AtBeginShipoutBox 
                                                  \fi \fi 
l.508       \newpage
                     <./selection_12.png>]
Overfull \hbox (49.05849pt too wide) in paragraph at lines 518--518
[]|\T1/cmr/m/n/10 tag_1_pythia8_basicreco| 

Overfull \hbox (55.33208pt too wide) in paragraph at lines 514--521
 [] 

Underfull \hbox (badness 10000) in paragraph at lines 511--522

<selection_13.png, id=341, 698.61pt x 473.77pt> <use selection_13.png> [20pdfTe
X warning (ext4): destination with the same identifier (name{figure.14}) has be
en already used, duplicate ignored

\AtBegShi@Output ...ipout \box \AtBeginShipoutBox 
                                                  \fi \fi 
l.530       \newpage
                     <./selection_13.png>]
Overfull \hbox (49.05849pt too wide) in paragraph at lines 540--540
[]|\T1/cmr/m/n/10 tag_1_pythia8_basicreco| 

Overfull \hbox (55.33208pt too wide) in paragraph at lines 536--543
 [] 

Underfull \hbox (badness 10000) in paragraph at lines 533--544

<selection_14.png, id=347, 698.61pt x 473.77pt> <use selection_14.png> [21pdfTe
X warning (ext4): destination with the same identifier (name{figure.15}) has be
en already used, duplicate ignored

\AtBegShi@Output ...ipout \box \AtBeginShipoutBox 
                                                  \fi \fi 
l.552       \newpage
                     <./selection_14.png>]
Overfull \hbox (49.05849pt too wide) in paragraph at lines 562--562
[]|\T1/cmr/m/n/10 tag_1_pythia8_basicreco| 

Overfull \hbox (55.33208pt too wide) in paragraph at lines 558--565
 [] 

Underfull \hbox (badness 10000) in paragraph at lines 555--566

<selection_15.png, id=353, 698.61pt x 473.77pt> <use selection_15.png> [22pdfTe
X warning (ext4): destination with the same identifier (name{figure.16}) has be
en already used, duplicate ignored

\AtBegShi@Output ...ipout \box \AtBeginShipoutBox 
                                                  \fi \fi 
l.574       \newpage
                     <./selection_15.png>]
Overfull \hbox (49.05849pt too wide) in paragraph at lines 584--584
[]|\T1/cmr/m/n/10 tag_1_pythia8_basicreco| 

Overfull \hbox (55.33208pt too wide) in paragraph at lines 580--587
 [] 

Underfull \hbox (badness 10000) in paragraph at lines 577--588

<selection_16.png, id=359, 698.61pt x 473.77pt> <use selection_16.png> [23pdfTe
X warning (ext4): destination with the same identifier (name{figure.17}) has be
en already used, duplicate ignored

\AtBegShi@Output ...ipout \box \AtBeginShipoutBox 
                                                  \fi \fi 
l.596       \newpage
                     <./selection_16.png>]
Overfull \hbox (49.05849pt too wide) in paragraph at lines 606--606
[]|\T1/cmr/m/n/10 tag_1_pythia8_basicreco| 

Overfull \hbox (55.33208pt too wide) in paragraph at lines 602--609
 [] 

Underfull \hbox (badness 10000) in paragraph at lines 599--610

<selection_17.png, id=365, 698.61pt x 473.77pt> <use selection_17.png> [24pdfTe
X warning (ext4): destination with the same identifier (name{figure.18}) has be
en already used, duplicate ignored

\AtBegShi@Output ...ipout \box \AtBeginShipoutBox 
                                                  \fi \fi 
l.618       \newpage
                     <./selection_17.png>]
Overfull \hbox (49.05849pt too wide) in paragraph at lines 628--628
[]|\T1/cmr/m/n/10 tag_1_pythia8_basicreco| 

Overfull \hbox (55.33208pt too wide) in paragraph at lines 624--631
 [] 

Underfull \hbox (badness 10000) in paragraph at lines 621--632

<selection_18.png, id=372, 698.61pt x 473.77pt> <use selection_18.png> [25pdfTe
X warning (ext4): destination with the same identifier (name{figure.19}) has be
en already used, duplicate ignored

\AtBegShi@Output ...ipout \box \AtBeginShipoutBox 
                                                  \fi \fi 
l.640       \newpage
                     <./selection_18.png>]
Overfull \hbox (49.05849pt too wide) in paragraph at lines 650--650
[]|\T1/cmr/m/n/10 tag_1_pythia8_basicreco| 

Overfull \hbox (55.33208pt too wide) in paragraph at lines 646--653
 [] 

Underfull \hbox (badness 10000) in paragraph at lines 643--654

<selection_19.png, id=378, 698.61pt x 473.77pt> <use selection_19.png> [26pdfTe
X warning (ext4): destination with the same identifier (name{figure.20}) has be
en already used, duplicate ignored

\AtBegShi@Output ...ipout \box \AtBeginShipoutBox 
                                                  \fi \fi 
l.662       \newpage
                     <./selection_19.png>]
Overfull \hbox (49.05849pt too wide) in paragraph at lines 672--672
[]|\T1/cmr/m/n/10 tag_1_pythia8_basicreco| 

Overfull \hbox (55.33208pt too wide) in paragraph at lines 668--675
 [] 

Underfull \hbox (badness 10000) in paragraph at lines 665--676

<selection_20.png, id=384, 698.61pt x 473.77pt> <use selection_20.png> [27pdfTe
X warning (ext4): destination with the same identifier (name{figure.21}) has be
en already used, duplicate ignored

\AtBegShi@Output ...ipout \box \AtBeginShipoutBox 
                                                  \fi \fi 
l.684       \newpage
                     <./selection_20.png>]
Overfull \hbox (49.05849pt too wide) in paragraph at lines 694--694
[]|\T1/cmr/m/n/10 tag_1_pythia8_basicreco| 

Overfull \hbox (55.33208pt too wide) in paragraph at lines 690--697
 [] 

Underfull \hbox (badness 10000) in paragraph at lines 687--698

<selection_21.png, id=390, 698.61pt x 473.77pt> <use selection_21.png> [28pdfTe
X warning (ext4): destination with the same identifier (name{figure.22}) has be
en already used, duplicate ignored

\AtBegShi@Output ...ipout \box \AtBeginShipoutBox 
                                                  \fi \fi 
l.706       \newpage
                     <./selection_21.png>]
Overfull \hbox (49.05849pt too wide) in paragraph at lines 716--716
[]|\T1/cmr/m/n/10 tag_1_pythia8_basicreco| 

Overfull \hbox (55.33208pt too wide) in paragraph at lines 712--719
 [] 

Underfull \hbox (badness 10000) in paragraph at lines 709--720

<selection_22.png, id=396, 698.61pt x 473.77pt> <use selection_22.png> [29pdfTe
X warning (ext4): destination with the same identifier (name{figure.23}) has be
en already used, duplicate ignored

\AtBegShi@Output ...ipout \box \AtBeginShipoutBox 
                                                  \fi \fi 
l.728       \newpage
                     <./selection_22.png>]
Overfull \hbox (49.05849pt too wide) in paragraph at lines 738--738
[]|\T1/cmr/m/n/10 tag_1_pythia8_basicreco| 

Overfull \hbox (55.33208pt too wide) in paragraph at lines 734--741
 [] 

Underfull \hbox (badness 10000) in paragraph at lines 731--742

<selection_23.png, id=402, 698.61pt x 473.77pt> <use selection_23.png> [30pdfTe
X warning (ext4): destination with the same identifier (name{figure.24}) has be
en already used, duplicate ignored

\AtBegShi@Output ...ipout \box \AtBeginShipoutBox 
                                                  \fi \fi 
l.750       \newpage
                     <./selection_23.png>]
Overfull \hbox (49.05849pt too wide) in paragraph at lines 760--760
[]|\T1/cmr/m/n/10 tag_1_pythia8_basicreco| 

Overfull \hbox (55.33208pt too wide) in paragraph at lines 756--763
 [] 

Underfull \hbox (badness 10000) in paragraph at lines 753--764

<selection_24.png, id=409, 698.61pt x 473.77pt> <use selection_24.png> [31pdfTe
X warning (ext4): destination with the same identifier (name{figure.25}) has be
en already used, duplicate ignored

\AtBegShi@Output ...ipout \box \AtBeginShipoutBox 
                                                  \fi \fi 
l.772       \newpage
                     <./selection_24.png>]
Overfull \hbox (49.05849pt too wide) in paragraph at lines 782--782
[]|\T1/cmr/m/n/10 tag_1_pythia8_basicreco| 

Overfull \hbox (55.33208pt too wide) in paragraph at lines 778--785
 [] 

Underfull \hbox (badness 10000) in paragraph at lines 775--786

<selection_25.png, id=415, 698.61pt x 473.77pt> <use selection_25.png> [32pdfTe
X warning (ext4): destination with the same identifier (name{figure.26}) has be
en already used, duplicate ignored

\AtBegShi@Output ...ipout \box \AtBeginShipoutBox 
                                                  \fi \fi 
l.797 \newpage
               <./selection_25.png>]
Overfull \hbox (20.97742pt too wide) in paragraph at lines 808--815
 [] 
[33] (./main.aux) )
(see the transcript file for additional information){/usr/share/texlive/texmf-d
ist/fonts/enc/dvips/cm-super/cm-super-t1.enc}</usr/share/texlive/texmf-dist/fon
ts/type1/public/amsfonts/cm/cmr7.pfb></usr/share/texlive/texmf-dist/fonts/type1
/public/amsfonts/cm/cmsy10.pfb></usr/share/texlive/texmf-dist/fonts/type1/publi
c/amsfonts/cm/cmsy7.pfb></usr/share/texlive/texmf-dist/fonts/type1/public/cm-su
per/sfbx0900.pfb></usr/share/texlive/texmf-dist/fonts/type1/public/cm-super/sfb
x1000.pfb></usr/share/texlive/texmf-dist/fonts/type1/public/cm-super/sfbx1200.p
fb></usr/share/texlive/texmf-dist/fonts/type1/public/cm-super/sfcc1000.pfb></us
r/share/texlive/texmf-dist/fonts/type1/public/cm-super/sfrm0900.pfb></usr/share
/texlive/texmf-dist/fonts/type1/public/cm-super/sfrm1000.pfb></usr/share/texliv
e/texmf-dist/fonts/type1/public/cm-super/sfsx1000.pfb></usr/share/texlive/texmf
-dist/fonts/type1/public/cm-super/sfsx1728.pfb></usr/share/texlive/texmf-dist/f
onts/type1/public/cm-super/sfti1000.pfb></usr/share/texlive/texmf-dist/fonts/ty
pe1/public/cm-super/sftt1000.pfb>
Output written on main.pdf (34 pages, 458852 bytes).
Transcript written on main.log.
