This is pdfTeX, Version 3.1415926-2.5-1.40.14 (TeX Live 2013) (format=pdflatex 2019.5.2)  8 JUL 2019 15:57
entering extended mode
 restricted \write18 enabled.
 %&-line parsing enabled.
**main.tex
(./main.tex
LaTeX2e <2011/06/27>
Babel <v3.8m> and hyphenation patterns for english, dumylang, nohyphenation, lo
aded.
(/usr/share/texlive/texmf-dist/tex/latex/base/article.cls
Document Class: article 2007/10/19 v1.4h Standard LaTeX document class
(/usr/share/texlive/texmf-dist/tex/latex/base/size10.clo
File: size10.clo 2007/10/19 v1.4h Standard LaTeX file (size option)
)
\c@part=\count79
\c@section=\count80
\c@subsection=\count81
\c@subsubsection=\count82
\c@paragraph=\count83
\c@subparagraph=\count84
\c@figure=\count85
\c@table=\count86
\abovecaptionskip=\skip41
\belowcaptionskip=\skip42
\bibindent=\dimen102
) (./jheppub.sty
Package: jheppub 2012/06/08 r448

(/usr/share/texlive/texmf-dist/tex/latex/amsmath/amsmath.sty
Package: amsmath 2013/01/14 v2.14 AMS math features
\@mathmargin=\skip43

For additional information on amsmath, use the `?' option.
(/usr/share/texlive/texmf-dist/tex/latex/amsmath/amstext.sty
Package: amstext 2000/06/29 v2.01

(/usr/share/texlive/texmf-dist/tex/latex/amsmath/amsgen.sty
File: amsgen.sty 1999/11/30 v2.0
\@emptytoks=\toks14
\ex@=\dimen103
))
(/usr/share/texlive/texmf-dist/tex/latex/amsmath/amsbsy.sty
Package: amsbsy 1999/11/29 v1.2d
\pmbraise@=\dimen104
)
(/usr/share/texlive/texmf-dist/tex/latex/amsmath/amsopn.sty
Package: amsopn 1999/12/14 v2.01 operator names
)
\inf@bad=\count87
LaTeX Info: Redefining \frac on input line 210.
\uproot@=\count88
\leftroot@=\count89
LaTeX Info: Redefining \overline on input line 306.
\classnum@=\count90
\DOTSCASE@=\count91
LaTeX Info: Redefining \ldots on input line 378.
LaTeX Info: Redefining \dots on input line 381.
LaTeX Info: Redefining \cdots on input line 466.
\Mathstrutbox@=\box26
\strutbox@=\box27
\big@size=\dimen105
LaTeX Font Info:    Redeclaring font encoding OML on input line 566.
LaTeX Font Info:    Redeclaring font encoding OMS on input line 567.
\macc@depth=\count92
\c@MaxMatrixCols=\count93
\dotsspace@=\muskip10
\c@parentequation=\count94
\dspbrk@lvl=\count95
\tag@help=\toks15
\row@=\count96
\column@=\count97
\maxfields@=\count98
\andhelp@=\toks16
\eqnshift@=\dimen106
\alignsep@=\dimen107
\tagshift@=\dimen108
\tagwidth@=\dimen109
\totwidth@=\dimen110
\lineht@=\dimen111
\@envbody=\toks17
\multlinegap=\skip44
\multlinetaggap=\skip45
\mathdisplay@stack=\toks18
LaTeX Info: Redefining \[ on input line 2665.
LaTeX Info: Redefining \] on input line 2666.
)
(/usr/share/texlive/texmf-dist/tex/latex/amsfonts/amssymb.sty
Package: amssymb 2013/01/14 v3.01 AMS font symbols

(/usr/share/texlive/texmf-dist/tex/latex/amsfonts/amsfonts.sty
Package: amsfonts 2013/01/14 v3.01 Basic AMSFonts support
\symAMSa=\mathgroup4
\symAMSb=\mathgroup5
LaTeX Font Info:    Overwriting math alphabet `\mathfrak' in version `bold'
(Font)                  U/euf/m/n --> U/euf/b/n on input line 106.
))
(/usr/share/texlive/texmf-dist/tex/latex/graphics/epsfig.sty
Package: epsfig 1999/02/16 v1.7a (e)psfig emulation (SPQR)

(/usr/share/texlive/texmf-dist/tex/latex/graphics/graphicx.sty
Package: graphicx 1999/02/16 v1.0f Enhanced LaTeX Graphics (DPC,SPQR)

(/usr/share/texlive/texmf-dist/tex/latex/graphics/keyval.sty
Package: keyval 1999/03/16 v1.13 key=value parser (DPC)
\KV@toks@=\toks19
)
(/usr/share/texlive/texmf-dist/tex/latex/graphics/graphics.sty
Package: graphics 2009/02/05 v1.0o Standard LaTeX Graphics (DPC,SPQR)

(/usr/share/texlive/texmf-dist/tex/latex/graphics/trig.sty
Package: trig 1999/03/16 v1.09 sin cos tan (DPC)
)
(/usr/share/texlive/texmf-dist/tex/latex/latexconfig/graphics.cfg
File: graphics.cfg 2010/04/23 v1.9 graphics configuration of TeX Live
)
Package graphics Info: Driver file: pdftex.def on input line 91.

(/usr/share/texlive/texmf-dist/tex/latex/pdftex-def/pdftex.def
File: pdftex.def 2011/05/27 v0.06d Graphics/color for pdfTeX

(/usr/share/texlive/texmf-dist/tex/generic/oberdiek/infwarerr.sty
Package: infwarerr 2010/04/08 v1.3 Providing info/warning/error messages (HO)
)
(/usr/share/texlive/texmf-dist/tex/generic/oberdiek/ltxcmds.sty
Package: ltxcmds 2011/11/09 v1.22 LaTeX kernel commands for general use (HO)
)
\Gread@gobject=\count99
))
\Gin@req@height=\dimen112
\Gin@req@width=\dimen113
)
\epsfxsize=\dimen114
\epsfysize=\dimen115
)
(/usr/share/texlive/texmf-dist/tex/latex/natbib/natbib.sty
Package: natbib 2010/09/13 8.31b (PWD, AO)
\bibhang=\skip46
\bibsep=\skip47
LaTeX Info: Redefining \cite on input line 694.
\c@NAT@ctr=\count100
)
(/usr/share/texlive/texmf-dist/tex/latex/graphics/color.sty
Package: color 2005/11/14 v1.0j Standard LaTeX Color (DPC)

(/usr/share/texlive/texmf-dist/tex/latex/latexconfig/color.cfg
File: color.cfg 2007/01/18 v1.5 color configuration of teTeX/TeXLive
)
Package color Info: Driver file: pdftex.def on input line 130.
)
(/usr/share/texlive/texmf-dist/tex/latex/hyperref/hyperref.sty
Package: hyperref 2012/11/06 v6.83m Hypertext links for LaTeX

(/usr/share/texlive/texmf-dist/tex/generic/oberdiek/hobsub-hyperref.sty
Package: hobsub-hyperref 2012/05/28 v1.13 Bundle oberdiek, subset hyperref (HO)


(/usr/share/texlive/texmf-dist/tex/generic/oberdiek/hobsub-generic.sty
Package: hobsub-generic 2012/05/28 v1.13 Bundle oberdiek, subset generic (HO)
Package: hobsub 2012/05/28 v1.13 Construct package bundles (HO)
Package hobsub Info: Skipping package `infwarerr' (already loaded).
Package hobsub Info: Skipping package `ltxcmds' (already loaded).
Package: ifluatex 2010/03/01 v1.3 Provides the ifluatex switch (HO)
Package ifluatex Info: LuaTeX not detected.
Package: ifvtex 2010/03/01 v1.5 Detect VTeX and its facilities (HO)
Package ifvtex Info: VTeX not detected.
Package: intcalc 2007/09/27 v1.1 Expandable calculations with integers (HO)
Package: ifpdf 2011/01/30 v2.3 Provides the ifpdf switch (HO)
Package ifpdf Info: pdfTeX in PDF mode is detected.
Package: etexcmds 2011/02/16 v1.5 Avoid name clashes with e-TeX commands (HO)
Package etexcmds Info: Could not find \expanded.
(etexcmds)             That can mean that you are not using pdfTeX 1.50 or
(etexcmds)             that some package has redefined \expanded.
(etexcmds)             In the latter case, load this package earlier.
Package: kvsetkeys 2012/04/25 v1.16 Key value parser (HO)
Package: kvdefinekeys 2011/04/07 v1.3 Define keys (HO)
Package: pdftexcmds 2011/11/29 v0.20 Utility functions of pdfTeX for LuaTeX (HO
)
Package pdftexcmds Info: LuaTeX not detected.
Package pdftexcmds Info: \pdf@primitive is available.
Package pdftexcmds Info: \pdf@ifprimitive is available.
Package pdftexcmds Info: \pdfdraftmode found.
Package: pdfescape 2011/11/25 v1.13 Implements pdfTeX's escape features (HO)
Package: bigintcalc 2012/04/08 v1.3 Expandable calculations on big integers (HO
)
Package: bitset 2011/01/30 v1.1 Handle bit-vector datatype (HO)
Package: uniquecounter 2011/01/30 v1.2 Provide unlimited unique counter (HO)
)
Package hobsub Info: Skipping package `hobsub' (already loaded).
Package: letltxmacro 2010/09/02 v1.4 Let assignment for LaTeX macros (HO)
Package: hopatch 2012/05/28 v1.2 Wrapper for package hooks (HO)
Package: xcolor-patch 2011/01/30 xcolor patch
Package: atveryend 2011/06/30 v1.8 Hooks at the very end of document (HO)
Package atveryend Info: \enddocument detected (standard20110627).
Package: atbegshi 2011/10/05 v1.16 At begin shipout hook (HO)
Package: refcount 2011/10/16 v3.4 Data extraction from label references (HO)
Package: hycolor 2011/01/30 v1.7 Color options for hyperref/bookmark (HO)
)
(/usr/share/texlive/texmf-dist/tex/generic/ifxetex/ifxetex.sty
Package: ifxetex 2010/09/12 v0.6 Provides ifxetex conditional
)
(/usr/share/texlive/texmf-dist/tex/latex/oberdiek/auxhook.sty
Package: auxhook 2011/03/04 v1.3 Hooks for auxiliary files (HO)
)
(/usr/share/texlive/texmf-dist/tex/latex/oberdiek/kvoptions.sty
Package: kvoptions 2011/06/30 v3.11 Key value format for package options (HO)
)
\@linkdim=\dimen116
\Hy@linkcounter=\count101
\Hy@pagecounter=\count102

(/usr/share/texlive/texmf-dist/tex/latex/hyperref/pd1enc.def
File: pd1enc.def 2012/11/06 v6.83m Hyperref: PDFDocEncoding definition (HO)
)
\Hy@SavedSpaceFactor=\count103

(/usr/share/texlive/texmf-dist/tex/latex/latexconfig/hyperref.cfg
File: hyperref.cfg 2002/06/06 v1.2 hyperref configuration of TeXLive
)
Package hyperref Info: Option `colorlinks' set `true' on input line 4319.


Package hyperref Warning: Option `pagecolor' is not available anymore.

Package hyperref Info: Option `linktocpage' set `true' on input line 4319.
Package hyperref Info: Hyper figures OFF on input line 4443.
Package hyperref Info: Link nesting OFF on input line 4448.
Package hyperref Info: Hyper index ON on input line 4451.
Package hyperref Info: Plain pages OFF on input line 4458.
Package hyperref Info: Backreferencing OFF on input line 4463.
Package hyperref Info: Implicit mode ON; LaTeX internals redefined.
Package hyperref Info: Bookmarks ON on input line 4688.
\c@Hy@tempcnt=\count104
(/usr/share/texlive/texmf-dist/tex/latex/url/url.sty
\Urlmuskip=\muskip11
Package: url 2006/04/12  ver 3.3  Verb mode for urls, etc.
)
LaTeX Info: Redefining \url on input line 5041.
\XeTeXLinkMargin=\dimen117
\Fld@menulength=\count105
\Field@Width=\dimen118
\Fld@charsize=\dimen119
Package hyperref Info: Hyper figures OFF on input line 6295.
Package hyperref Info: Link nesting OFF on input line 6300.
Package hyperref Info: Hyper index ON on input line 6303.
Package hyperref Info: backreferencing OFF on input line 6310.
Package hyperref Info: Link coloring ON on input line 6313.
Package hyperref Info: Link coloring with OCG OFF on input line 6320.
Package hyperref Info: PDF/A mode OFF on input line 6325.
LaTeX Info: Redefining \ref on input line 6365.
LaTeX Info: Redefining \pageref on input line 6369.
\Hy@abspage=\count106
\c@Item=\count107
\c@Hfootnote=\count108
)

Package hyperref Message: Driver (autodetected): hpdftex.

(/usr/share/texlive/texmf-dist/tex/latex/hyperref/hpdftex.def
File: hpdftex.def 2012/11/06 v6.83m Hyperref driver for pdfTeX
\Fld@listcount=\count109
\c@bookmark@seq@number=\count110

(/usr/share/texlive/texmf-dist/tex/latex/oberdiek/rerunfilecheck.sty
Package: rerunfilecheck 2011/04/15 v1.7 Rerun checks for auxiliary files (HO)
Package uniquecounter Info: New unique counter `rerunfilecheck' on input line 2
82.
)
\Hy@SectionHShift=\skip48
)
\auth@toks=\toks20
\affil@toks=\toks21
\email@toks=\toks22
\c@email@counter=\count111
\affiliationsSep=\skip49
LaTeX Font Info:    Try loading font information for OT1+phv on input line 140.


(/usr/share/texlive/texmf-dist/tex/latex/psnfss/ot1phv.fd
File: ot1phv.fd 2001/06/04 scalable font definitions for OT1/phv.
))
(/usr/share/texlive/texmf-dist/tex/latex/base/fontenc.sty
Package: fontenc 2005/09/27 v1.99g Standard LaTeX package

(/usr/share/texlive/texmf-dist/tex/latex/base/t1enc.def
File: t1enc.def 2005/09/27 v1.99g Standard LaTeX file
LaTeX Font Info:    Redeclaring font encoding T1 on input line 43.
))
(/usr/share/texlive/texmf-dist/tex/latex/colortbl/colortbl.sty
Package: colortbl 2012/02/13 v1.0a Color table columns (DPC)

(/usr/share/texlive/texmf-dist/tex/latex/tools/array.sty
Package: array 2008/09/09 v2.4c Tabular extension package (FMi)
\col@sep=\dimen120
\extrarowheight=\dimen121
\NC@list=\toks23
\extratabsurround=\skip50
\backup@length=\skip51
)
\everycr=\toks24
\minrowclearance=\skip52
)
(/usr/share/texlive/texmf-dist/tex/latex/xcolor/xcolor.sty
Package: xcolor 2007/01/21 v2.11 LaTeX color extensions (UK)

(/usr/share/texlive/texmf-dist/tex/latex/latexconfig/color.cfg
File: color.cfg 2007/01/18 v1.5 color configuration of teTeX/TeXLive
)
Package xcolor Info: Driver file: pdftex.def on input line 225.
LaTeX Info: Redefining \color on input line 702.
Package xcolor Info: Model `cmy' substituted by `cmy0' on input line 1337.
Package xcolor Info: Model `hsb' substituted by `rgb' on input line 1341.
Package xcolor Info: Model `RGB' extended on input line 1353.
Package xcolor Info: Model `HTML' substituted by `rgb' on input line 1355.
Package xcolor Info: Model `Hsb' substituted by `hsb' on input line 1356.
Package xcolor Info: Model `tHsb' substituted by `hsb' on input line 1357.
Package xcolor Info: Model `HSB' substituted by `hsb' on input line 1358.
Package xcolor Info: Model `Gray' substituted by `gray' on input line 1359.
Package xcolor Info: Model `wave' substituted by `hsb' on input line 1360.
)
(/usr/share/texlive/texmf-dist/tex/latex/float/float.sty
Package: float 2001/11/08 v1.3d Float enhancements (AL)
\c@float@type=\count112
\float@exts=\toks25
\float@box=\box28
\@float@everytoks=\toks26
\@floatcapt=\box29
) (./main.aux)
\openout1 = `main.aux'.

LaTeX Font Info:    Checking defaults for OML/cmm/m/it on input line 37.
LaTeX Font Info:    ... okay on input line 37.
LaTeX Font Info:    Checking defaults for T1/cmr/m/n on input line 37.
LaTeX Font Info:    ... okay on input line 37.
LaTeX Font Info:    Checking defaults for OT1/cmr/m/n on input line 37.
LaTeX Font Info:    ... okay on input line 37.
LaTeX Font Info:    Checking defaults for OMS/cmsy/m/n on input line 37.
LaTeX Font Info:    ... okay on input line 37.
LaTeX Font Info:    Checking defaults for OMX/cmex/m/n on input line 37.
LaTeX Font Info:    ... okay on input line 37.
LaTeX Font Info:    Checking defaults for U/cmr/m/n on input line 37.
LaTeX Font Info:    ... okay on input line 37.
LaTeX Font Info:    Checking defaults for PD1/pdf/m/n on input line 37.
LaTeX Font Info:    ... okay on input line 37.

(/usr/share/texlive/texmf-dist/tex/context/base/supp-pdf.mkii
[Loading MPS to PDF converter (version 2006.09.02).]
\scratchcounter=\count113
\scratchdimen=\dimen122
\scratchbox=\box30
\nofMPsegments=\count114
\nofMParguments=\count115
\everyMPshowfont=\toks27
\MPscratchCnt=\count116
\MPscratchDim=\dimen123
\MPnumerator=\count117
\makeMPintoPDFobject=\count118
\everyMPtoPDFconversion=\toks28
) (/usr/share/texlive/texmf-dist/tex/latex/oberdiek/epstopdf-base.sty
Package: epstopdf-base 2010/02/09 v2.5 Base part for package epstopdf

(/usr/share/texlive/texmf-dist/tex/latex/oberdiek/grfext.sty
Package: grfext 2010/08/19 v1.1 Manage graphics extensions (HO)
)
Package grfext Info: Graphics extension search list:
(grfext)             [.png,.pdf,.jpg,.mps,.jpeg,.jbig2,.jb2,.PNG,.PDF,.JPG,.JPE
G,.JBIG2,.JB2,.eps]
(grfext)             \AppendGraphicsExtensions on input line 452.

(/usr/share/texlive/texmf-dist/tex/latex/latexconfig/epstopdf-sys.cfg
File: epstopdf-sys.cfg 2010/07/13 v1.3 Configuration of (r)epstopdf for TeX Liv
e
))
\AtBeginShipoutBox=\box31
Package hyperref Info: Link coloring ON on input line 37.

(/usr/share/texlive/texmf-dist/tex/latex/hyperref/nameref.sty
Package: nameref 2012/10/27 v2.43 Cross-referencing by name of section

(/usr/share/texlive/texmf-dist/tex/generic/oberdiek/gettitlestring.sty
Package: gettitlestring 2010/12/03 v1.4 Cleanup title references (HO)
)
\c@section@level=\count119
)
LaTeX Info: Redefining \ref on input line 37.
LaTeX Info: Redefining \pageref on input line 37.
LaTeX Info: Redefining \nameref on input line 37.

(./main.out) (./main.out)
\@outlinefile=\write3
\openout3 = `main.out'.

LaTeX Font Info:    Try loading font information for T1+cmss on input line 38.

(/usr/share/texlive/texmf-dist/tex/latex/base/t1cmss.fd
File: t1cmss.fd 1999/05/25 v2.5h Standard LaTeX font definitions
)
<logo.png, id=172, 325.215pt x 92.59593pt>
File: logo.png Graphic file (type png)
 <use logo.png>
Package pdftex.def Info: logo.png used on input line 38.
(pdftex.def)             Requested size: 130.0837pt x 37.0377pt.


Package JHEP Warning: E-mails are missing.
(JHEP)                Plese use \emailAdd macro to provide e-mails..

LaTeX Font Info:    Try loading font information for U+msa on input line 38.
(/usr/share/texlive/texmf-dist/tex/latex/amsfonts/umsa.fd
File: umsa.fd 2013/01/14 v3.01 AMS symbols A
)
LaTeX Font Info:    Try loading font information for U+msb on input line 38.

(/usr/share/texlive/texmf-dist/tex/latex/amsfonts/umsb.fd
File: umsb.fd 2013/01/14 v3.01 AMS symbols B
)
Underfull \hbox (badness 10000) in paragraph at lines 38--38

 []


Underfull \hbox (badness 10000) in paragraph at lines 38--38

 []


Underfull \hbox (badness 10000) in paragraph at lines 38--38

 []


Underfull \hbox (badness 10000) in paragraph at lines 38--38

 []

[0

{/usr/share/texlive/texmf/fonts/map/pdftex/updmap/pdftex.map} <./logo.png>]
(./main.toc)
\tf@toc=\write4
\openout4 = `main.toc'.

 [1] [2]
LaTeX Font Info:    Try loading font information for T1+cmtt on input line 50.
 (/usr/share/texlive/texmf-dist/tex/latex/base/t1cmtt.fd
File: t1cmtt.fd 1999/05/25 v2.5h Standard LaTeX font definitions
)
Overfull \hbox (21.18338pt too wide) in paragraph at lines 50--159
\T1/cmtt/m/n/10 ma5>import /-home/-s1412595/-Desktop/-SummerProject2019/-MG5_aM
C_v2_6_6/-BP2_080719/-Events/-
 []


Overfull \hbox (168.14749pt too wide) in paragraph at lines 50--159
\T1/cmtt/m/n/10 ma5>submit /-home/-s1412595/-Desktop/-SummerProject2019/-MG5_aM
C_v2_6_6/-BP2_080719/-MA5_HADRON_ANALYSIS_reco_BasicReco_1 
 []


Overfull \hbox (21.18338pt too wide) in paragraph at lines 50--159
\T1/cmtt/m/n/10 ma5>import /-home/-s1412595/-Desktop/-SummerProject2019/-MG5_aM
C_v2_6_6/-BP2_080719/-Events/-
 []


Overfull \hbox (183.89365pt too wide) in paragraph at lines 50--159
\T1/cmtt/m/n/10 ma5>submit /-home/-s1412595/-Desktop/-SummerProject2019/-MG5_aM
C_v2_6_6/-BP2_080719/-MA5_HADRON_ANALYSIS_analysis2_BasicReco 
 []


Underfull \hbox (badness 10000) in paragraph at lines 50--159

 []

[3]
LaTeX Font Info:    Try loading font information for OMS+cmr on input line 162.

 (/usr/share/texlive/texmf-dist/tex/latex/base/omscmr.fd
File: omscmr.fd 1999/05/25 v2.5h Standard LaTeX font definitions
)
LaTeX Font Info:    Font shape `OMS/cmr/m/n' in size <10> not available
(Font)              Font shape `OMS/cmsy/m/n' tried instead on input line 162.
 [4]
Underfull \hbox (badness 10000) in paragraph at lines 187--187
[]|\T1/cmr/m/n/10 Events/-run_01/-
 []


Overfull \hbox (18.13213pt too wide) in paragraph at lines 183--190
 [] 
 []

[5]
Underfull \hbox (badness 10000) in paragraph at lines 201--202

 []


Underfull \hbox (badness 10000) in paragraph at lines 204--205

 []


Underfull \hbox (badness 10000) in paragraph at lines 207--208

 []


Underfull \hbox (badness 10000) in paragraph at lines 210--211

 []


Underfull \hbox (badness 10000) in paragraph at lines 213--214

 []


Underfull \hbox (badness 10000) in paragraph at lines 216--217

 []


Underfull \hbox (badness 10000) in paragraph at lines 219--220

 []


Underfull \hbox (badness 10000) in paragraph at lines 222--223

 []


Overfull \hbox (49.05849pt too wide) in paragraph at lines 232--232
[]|\T1/cmr/m/n/10 tag_1_pythia8_basicreco| 
 []


Overfull \hbox (55.33208pt too wide) in paragraph at lines 228--235
 [] 
 []


Underfull \hbox (badness 10000) in paragraph at lines 225--236

 []

<selection_0.png, id=253, 698.61pt x 473.77pt>
File: selection_0.png Graphic file (type png)
 <use selection_0.png>
Package pdftex.def Info: selection_0.png used on input line 240.
(pdftex.def)             Requested size: 314.3716pt x 213.19452pt.
 [6]
[7pdfTeX warning (ext4): destination with the same identifier (name{figure.1}) 
has been already used, duplicate ignored

\AtBegShi@Output ...ipout \box \AtBeginShipoutBox 
                                                  \fi \fi 
l.244       \newpage
                     <./selection_0.png>]
Overfull \hbox (49.05849pt too wide) in paragraph at lines 254--254
[]|\T1/cmr/m/n/10 tag_1_pythia8_basicreco| 
 []


Overfull \hbox (55.33208pt too wide) in paragraph at lines 250--257
 [] 
 []


Underfull \hbox (badness 10000) in paragraph at lines 247--258

 []

<selection_1.png, id=266, 698.61pt x 473.77pt>
File: selection_1.png Graphic file (type png)
 <use selection_1.png>
Package pdftex.def Info: selection_1.png used on input line 262.
(pdftex.def)             Requested size: 314.3716pt x 213.19452pt.
 [8pdfTeX warning (ext4): destination with the same identifier (name{figure.2})
 has been already used, duplicate ignored

\AtBegShi@Output ...ipout \box \AtBeginShipoutBox 
                                                  \fi \fi 
l.266       \newpage
                     <./selection_1.png>]
Overfull \hbox (49.05849pt too wide) in paragraph at lines 276--276
[]|\T1/cmr/m/n/10 tag_1_pythia8_basicreco| 
 []


Overfull \hbox (55.33208pt too wide) in paragraph at lines 272--279
 [] 
 []


Underfull \hbox (badness 10000) in paragraph at lines 269--280

 []

<selection_2.png, id=272, 698.61pt x 473.77pt>
File: selection_2.png Graphic file (type png)
 <use selection_2.png>
Package pdftex.def Info: selection_2.png used on input line 284.
(pdftex.def)             Requested size: 314.3716pt x 213.19452pt.
 [9pdfTeX warning (ext4): destination with the same identifier (name{figure.3})
 has been already used, duplicate ignored

\AtBegShi@Output ...ipout \box \AtBeginShipoutBox 
                                                  \fi \fi 
l.288       \newpage
                     <./selection_2.png>]
Overfull \hbox (49.05849pt too wide) in paragraph at lines 298--298
[]|\T1/cmr/m/n/10 tag_1_pythia8_basicreco| 
 []


Overfull \hbox (55.33208pt too wide) in paragraph at lines 294--301
 [] 
 []


Underfull \hbox (badness 10000) in paragraph at lines 291--302

 []

<selection_3.png, id=278, 698.61pt x 473.77pt>
File: selection_3.png Graphic file (type png)
 <use selection_3.png>
Package pdftex.def Info: selection_3.png used on input line 306.
(pdftex.def)             Requested size: 314.3716pt x 213.19452pt.
 [10pdfTeX warning (ext4): destination with the same identifier (name{figure.4}
) has been already used, duplicate ignored

\AtBegShi@Output ...ipout \box \AtBeginShipoutBox 
                                                  \fi \fi 
l.310       \newpage
                     <./selection_3.png>]
Overfull \hbox (49.05849pt too wide) in paragraph at lines 320--320
[]|\T1/cmr/m/n/10 tag_1_pythia8_basicreco| 
 []


Overfull \hbox (55.33208pt too wide) in paragraph at lines 316--323
 [] 
 []


Underfull \hbox (badness 10000) in paragraph at lines 313--324

 []

<selection_4.png, id=284, 698.61pt x 473.77pt>
File: selection_4.png Graphic file (type png)
 <use selection_4.png>
Package pdftex.def Info: selection_4.png used on input line 328.
(pdftex.def)             Requested size: 314.3716pt x 213.19452pt.
 [11pdfTeX warning (ext4): destination with the same identifier (name{figure.5}
) has been already used, duplicate ignored

\AtBegShi@Output ...ipout \box \AtBeginShipoutBox 
                                                  \fi \fi 
l.332       \newpage
                     <./selection_4.png>]
Overfull \hbox (49.05849pt too wide) in paragraph at lines 342--342
[]|\T1/cmr/m/n/10 tag_1_pythia8_basicreco| 
 []


Overfull \hbox (55.33208pt too wide) in paragraph at lines 338--345
 [] 
 []


Underfull \hbox (badness 10000) in paragraph at lines 335--346

 []

<selection_5.png, id=290, 698.61pt x 473.77pt>
File: selection_5.png Graphic file (type png)
 <use selection_5.png>
Package pdftex.def Info: selection_5.png used on input line 350.
(pdftex.def)             Requested size: 314.3716pt x 213.19452pt.
 [12pdfTeX warning (ext4): destination with the same identifier (name{figure.6}
) has been already used, duplicate ignored

\AtBegShi@Output ...ipout \box \AtBeginShipoutBox 
                                                  \fi \fi 
l.354       \newpage
                     <./selection_5.png>]
Overfull \hbox (49.05849pt too wide) in paragraph at lines 364--364
[]|\T1/cmr/m/n/10 tag_1_pythia8_basicreco| 
 []


Overfull \hbox (55.33208pt too wide) in paragraph at lines 360--367
 [] 
 []


Underfull \hbox (badness 10000) in paragraph at lines 357--368

 []

<selection_6.png, id=297, 698.61pt x 473.77pt>
File: selection_6.png Graphic file (type png)
 <use selection_6.png>
Package pdftex.def Info: selection_6.png used on input line 372.
(pdftex.def)             Requested size: 314.3716pt x 213.19452pt.
 [13pdfTeX warning (ext4): destination with the same identifier (name{figure.7}
) has been already used, duplicate ignored

\AtBegShi@Output ...ipout \box \AtBeginShipoutBox 
                                                  \fi \fi 
l.376       \newpage
                     <./selection_6.png>]
Overfull \hbox (49.05849pt too wide) in paragraph at lines 386--386
[]|\T1/cmr/m/n/10 tag_1_pythia8_basicreco| 
 []


Overfull \hbox (55.33208pt too wide) in paragraph at lines 382--389
 [] 
 []


Underfull \hbox (badness 10000) in paragraph at lines 379--390

 []

<selection_7.png, id=303, 698.61pt x 473.77pt>
File: selection_7.png Graphic file (type png)
 <use selection_7.png>
Package pdftex.def Info: selection_7.png used on input line 394.
(pdftex.def)             Requested size: 314.3716pt x 213.19452pt.
 [14pdfTeX warning (ext4): destination with the same identifier (name{figure.8}
) has been already used, duplicate ignored

\AtBegShi@Output ...ipout \box \AtBeginShipoutBox 
                                                  \fi \fi 
l.398       \newpage
                     <./selection_7.png>]
Overfull \hbox (49.05849pt too wide) in paragraph at lines 408--408
[]|\T1/cmr/m/n/10 tag_1_pythia8_basicreco| 
 []


Overfull \hbox (55.33208pt too wide) in paragraph at lines 404--411
 [] 
 []


Underfull \hbox (badness 10000) in paragraph at lines 401--412

 []

<selection_8.png, id=310, 698.61pt x 473.77pt>
File: selection_8.png Graphic file (type png)
 <use selection_8.png>
Package pdftex.def Info: selection_8.png used on input line 416.
(pdftex.def)             Requested size: 314.3716pt x 213.19452pt.
 [15pdfTeX warning (ext4): destination with the same identifier (name{figure.9}
) has been already used, duplicate ignored

\AtBegShi@Output ...ipout \box \AtBeginShipoutBox 
                                                  \fi \fi 
l.420       \newpage
                     <./selection_8.png>]
Overfull \hbox (49.05849pt too wide) in paragraph at lines 430--430
[]|\T1/cmr/m/n/10 tag_1_pythia8_basicreco| 
 []


Overfull \hbox (55.33208pt too wide) in paragraph at lines 426--433
 [] 
 []


Underfull \hbox (badness 10000) in paragraph at lines 423--434

 []

<selection_9.png, id=316, 698.61pt x 473.77pt>
File: selection_9.png Graphic file (type png)
 <use selection_9.png>
Package pdftex.def Info: selection_9.png used on input line 438.
(pdftex.def)             Requested size: 314.3716pt x 213.19452pt.
 [16pdfTeX warning (ext4): destination with the same identifier (name{figure.10
}) has been already used, duplicate ignored

\AtBegShi@Output ...ipout \box \AtBeginShipoutBox 
                                                  \fi \fi 
l.442       \newpage
                     <./selection_9.png>]
Overfull \hbox (49.05849pt too wide) in paragraph at lines 452--452
[]|\T1/cmr/m/n/10 tag_1_pythia8_basicreco| 
 []


Overfull \hbox (55.33208pt too wide) in paragraph at lines 448--455
 [] 
 []


Underfull \hbox (badness 10000) in paragraph at lines 445--456

 []

<selection_10.png, id=322, 698.61pt x 473.77pt>
File: selection_10.png Graphic file (type png)
 <use selection_10.png>
Package pdftex.def Info: selection_10.png used on input line 460.
(pdftex.def)             Requested size: 314.3716pt x 213.19452pt.
 [17pdfTeX warning (ext4): destination with the same identifier (name{figure.11
}) has been already used, duplicate ignored

\AtBegShi@Output ...ipout \box \AtBeginShipoutBox 
                                                  \fi \fi 
l.464       \newpage
                     <./selection_10.png>]
Overfull \hbox (49.05849pt too wide) in paragraph at lines 474--474
[]|\T1/cmr/m/n/10 tag_1_pythia8_basicreco| 
 []


Overfull \hbox (55.33208pt too wide) in paragraph at lines 470--477
 [] 
 []


Underfull \hbox (badness 10000) in paragraph at lines 467--478

 []

<selection_11.png, id=328, 698.61pt x 473.77pt>
File: selection_11.png Graphic file (type png)
 <use selection_11.png>
Package pdftex.def Info: selection_11.png used on input line 482.
(pdftex.def)             Requested size: 314.3716pt x 213.19452pt.
 [18pdfTeX warning (ext4): destination with the same identifier (name{figure.12
}) has been already used, duplicate ignored

\AtBegShi@Output ...ipout \box \AtBeginShipoutBox 
                                                  \fi \fi 
l.486       \newpage
                     <./selection_11.png>]
Overfull \hbox (49.05849pt too wide) in paragraph at lines 496--496
[]|\T1/cmr/m/n/10 tag_1_pythia8_basicreco| 
 []


Overfull \hbox (55.33208pt too wide) in paragraph at lines 492--499
 [] 
 []


Underfull \hbox (badness 10000) in paragraph at lines 489--500

 []

<selection_12.png, id=335, 698.61pt x 473.77pt>
File: selection_12.png Graphic file (type png)
 <use selection_12.png>
Package pdftex.def Info: selection_12.png used on input line 504.
(pdftex.def)             Requested size: 314.3716pt x 213.19452pt.
 [19pdfTeX warning (ext4): destination with the same identifier (name{figure.13
}) has been already used, duplicate ignored

\AtBegShi@Output ...ipout \box \AtBeginShipoutBox 
                                                  \fi \fi 
l.508       \newpage
                     <./selection_12.png>]
Overfull \hbox (49.05849pt too wide) in paragraph at lines 518--518
[]|\T1/cmr/m/n/10 tag_1_pythia8_basicreco| 
 []


Overfull \hbox (55.33208pt too wide) in paragraph at lines 514--521
 [] 
 []


Underfull \hbox (badness 10000) in paragraph at lines 511--522

 []

<selection_13.png, id=341, 698.61pt x 473.77pt>
File: selection_13.png Graphic file (type png)
 <use selection_13.png>
Package pdftex.def Info: selection_13.png used on input line 526.
(pdftex.def)             Requested size: 314.3716pt x 213.19452pt.
 [20pdfTeX warning (ext4): destination with the same identifier (name{figure.14
}) has been already used, duplicate ignored

\AtBegShi@Output ...ipout \box \AtBeginShipoutBox 
                                                  \fi \fi 
l.530       \newpage
                     <./selection_13.png>]
Overfull \hbox (49.05849pt too wide) in paragraph at lines 540--540
[]|\T1/cmr/m/n/10 tag_1_pythia8_basicreco| 
 []


Overfull \hbox (55.33208pt too wide) in paragraph at lines 536--543
 [] 
 []


Underfull \hbox (badness 10000) in paragraph at lines 533--544

 []

<selection_14.png, id=347, 698.61pt x 473.77pt>
File: selection_14.png Graphic file (type png)
 <use selection_14.png>
Package pdftex.def Info: selection_14.png used on input line 548.
(pdftex.def)             Requested size: 314.3716pt x 213.19452pt.
 [21pdfTeX warning (ext4): destination with the same identifier (name{figure.15
}) has been already used, duplicate ignored

\AtBegShi@Output ...ipout \box \AtBeginShipoutBox 
                                                  \fi \fi 
l.552       \newpage
                     <./selection_14.png>]
Overfull \hbox (49.05849pt too wide) in paragraph at lines 562--562
[]|\T1/cmr/m/n/10 tag_1_pythia8_basicreco| 
 []


Overfull \hbox (55.33208pt too wide) in paragraph at lines 558--565
 [] 
 []


Underfull \hbox (badness 10000) in paragraph at lines 555--566

 []

<selection_15.png, id=353, 698.61pt x 473.77pt>
File: selection_15.png Graphic file (type png)
 <use selection_15.png>
Package pdftex.def Info: selection_15.png used on input line 570.
(pdftex.def)             Requested size: 314.3716pt x 213.19452pt.
 [22pdfTeX warning (ext4): destination with the same identifier (name{figure.16
}) has been already used, duplicate ignored

\AtBegShi@Output ...ipout \box \AtBeginShipoutBox 
                                                  \fi \fi 
l.574       \newpage
                     <./selection_15.png>]
Overfull \hbox (49.05849pt too wide) in paragraph at lines 584--584
[]|\T1/cmr/m/n/10 tag_1_pythia8_basicreco| 
 []


Overfull \hbox (55.33208pt too wide) in paragraph at lines 580--587
 [] 
 []


Underfull \hbox (badness 10000) in paragraph at lines 577--588

 []

<selection_16.png, id=359, 698.61pt x 473.77pt>
File: selection_16.png Graphic file (type png)
 <use selection_16.png>
Package pdftex.def Info: selection_16.png used on input line 592.
(pdftex.def)             Requested size: 314.3716pt x 213.19452pt.
 [23pdfTeX warning (ext4): destination with the same identifier (name{figure.17
}) has been already used, duplicate ignored

\AtBegShi@Output ...ipout \box \AtBeginShipoutBox 
                                                  \fi \fi 
l.596       \newpage
                     <./selection_16.png>]
Overfull \hbox (49.05849pt too wide) in paragraph at lines 606--606
[]|\T1/cmr/m/n/10 tag_1_pythia8_basicreco| 
 []


Overfull \hbox (55.33208pt too wide) in paragraph at lines 602--609
 [] 
 []


Underfull \hbox (badness 10000) in paragraph at lines 599--610

 []

<selection_17.png, id=365, 698.61pt x 473.77pt>
File: selection_17.png Graphic file (type png)
 <use selection_17.png>
Package pdftex.def Info: selection_17.png used on input line 614.
(pdftex.def)             Requested size: 314.3716pt x 213.19452pt.
 [24pdfTeX warning (ext4): destination with the same identifier (name{figure.18
}) has been already used, duplicate ignored

\AtBegShi@Output ...ipout \box \AtBeginShipoutBox 
                                                  \fi \fi 
l.618       \newpage
                     <./selection_17.png>]
Overfull \hbox (49.05849pt too wide) in paragraph at lines 628--628
[]|\T1/cmr/m/n/10 tag_1_pythia8_basicreco| 
 []


Overfull \hbox (55.33208pt too wide) in paragraph at lines 624--631
 [] 
 []


Underfull \hbox (badness 10000) in paragraph at lines 621--632

 []

<selection_18.png, id=372, 698.61pt x 473.77pt>
File: selection_18.png Graphic file (type png)
 <use selection_18.png>
Package pdftex.def Info: selection_18.png used on input line 636.
(pdftex.def)             Requested size: 314.3716pt x 213.19452pt.
 [25pdfTeX warning (ext4): destination with the same identifier (name{figure.19
}) has been already used, duplicate ignored

\AtBegShi@Output ...ipout \box \AtBeginShipoutBox 
                                                  \fi \fi 
l.640       \newpage
                     <./selection_18.png>]
Overfull \hbox (49.05849pt too wide) in paragraph at lines 650--650
[]|\T1/cmr/m/n/10 tag_1_pythia8_basicreco| 
 []


Overfull \hbox (55.33208pt too wide) in paragraph at lines 646--653
 [] 
 []


Underfull \hbox (badness 10000) in paragraph at lines 643--654

 []

<selection_19.png, id=378, 698.61pt x 473.77pt>
File: selection_19.png Graphic file (type png)
 <use selection_19.png>
Package pdftex.def Info: selection_19.png used on input line 658.
(pdftex.def)             Requested size: 314.3716pt x 213.19452pt.
 [26pdfTeX warning (ext4): destination with the same identifier (name{figure.20
}) has been already used, duplicate ignored

\AtBegShi@Output ...ipout \box \AtBeginShipoutBox 
                                                  \fi \fi 
l.662       \newpage
                     <./selection_19.png>]
Overfull \hbox (49.05849pt too wide) in paragraph at lines 672--672
[]|\T1/cmr/m/n/10 tag_1_pythia8_basicreco| 
 []


Overfull \hbox (55.33208pt too wide) in paragraph at lines 668--675
 [] 
 []


Underfull \hbox (badness 10000) in paragraph at lines 665--676

 []

<selection_20.png, id=384, 698.61pt x 473.77pt>
File: selection_20.png Graphic file (type png)
 <use selection_20.png>
Package pdftex.def Info: selection_20.png used on input line 680.
(pdftex.def)             Requested size: 314.3716pt x 213.19452pt.
 [27pdfTeX warning (ext4): destination with the same identifier (name{figure.21
}) has been already used, duplicate ignored

\AtBegShi@Output ...ipout \box \AtBeginShipoutBox 
                                                  \fi \fi 
l.684       \newpage
                     <./selection_20.png>]
Overfull \hbox (49.05849pt too wide) in paragraph at lines 694--694
[]|\T1/cmr/m/n/10 tag_1_pythia8_basicreco| 
 []


Overfull \hbox (55.33208pt too wide) in paragraph at lines 690--697
 [] 
 []


Underfull \hbox (badness 10000) in paragraph at lines 687--698

 []

<selection_21.png, id=390, 698.61pt x 473.77pt>
File: selection_21.png Graphic file (type png)
 <use selection_21.png>
Package pdftex.def Info: selection_21.png used on input line 702.
(pdftex.def)             Requested size: 314.3716pt x 213.19452pt.
 [28pdfTeX warning (ext4): destination with the same identifier (name{figure.22
}) has been already used, duplicate ignored

\AtBegShi@Output ...ipout \box \AtBeginShipoutBox 
                                                  \fi \fi 
l.706       \newpage
                     <./selection_21.png>]
Overfull \hbox (49.05849pt too wide) in paragraph at lines 716--716
[]|\T1/cmr/m/n/10 tag_1_pythia8_basicreco| 
 []


Overfull \hbox (55.33208pt too wide) in paragraph at lines 712--719
 [] 
 []


Underfull \hbox (badness 10000) in paragraph at lines 709--720

 []

<selection_22.png, id=396, 698.61pt x 473.77pt>
File: selection_22.png Graphic file (type png)
 <use selection_22.png>
Package pdftex.def Info: selection_22.png used on input line 724.
(pdftex.def)             Requested size: 314.3716pt x 213.19452pt.
 [29pdfTeX warning (ext4): destination with the same identifier (name{figure.23
}) has been already used, duplicate ignored

\AtBegShi@Output ...ipout \box \AtBeginShipoutBox 
                                                  \fi \fi 
l.728       \newpage
                     <./selection_22.png>]
Overfull \hbox (49.05849pt too wide) in paragraph at lines 738--738
[]|\T1/cmr/m/n/10 tag_1_pythia8_basicreco| 
 []


Overfull \hbox (55.33208pt too wide) in paragraph at lines 734--741
 [] 
 []


Underfull \hbox (badness 10000) in paragraph at lines 731--742

 []

<selection_23.png, id=402, 698.61pt x 473.77pt>
File: selection_23.png Graphic file (type png)
 <use selection_23.png>
Package pdftex.def Info: selection_23.png used on input line 746.
(pdftex.def)             Requested size: 314.3716pt x 213.19452pt.
 [30pdfTeX warning (ext4): destination with the same identifier (name{figure.24
}) has been already used, duplicate ignored

\AtBegShi@Output ...ipout \box \AtBeginShipoutBox 
                                                  \fi \fi 
l.750       \newpage
                     <./selection_23.png>]
Overfull \hbox (49.05849pt too wide) in paragraph at lines 760--760
[]|\T1/cmr/m/n/10 tag_1_pythia8_basicreco| 
 []


Overfull \hbox (55.33208pt too wide) in paragraph at lines 756--763
 [] 
 []


Underfull \hbox (badness 10000) in paragraph at lines 753--764

 []

<selection_24.png, id=409, 698.61pt x 473.77pt>
File: selection_24.png Graphic file (type png)
 <use selection_24.png>
Package pdftex.def Info: selection_24.png used on input line 768.
(pdftex.def)             Requested size: 314.3716pt x 213.19452pt.
 [31pdfTeX warning (ext4): destination with the same identifier (name{figure.25
}) has been already used, duplicate ignored

\AtBegShi@Output ...ipout \box \AtBeginShipoutBox 
                                                  \fi \fi 
l.772       \newpage
                     <./selection_24.png>]
Overfull \hbox (49.05849pt too wide) in paragraph at lines 782--782
[]|\T1/cmr/m/n/10 tag_1_pythia8_basicreco| 
 []


Overfull \hbox (55.33208pt too wide) in paragraph at lines 778--785
 [] 
 []


Underfull \hbox (badness 10000) in paragraph at lines 775--786

 []

<selection_25.png, id=415, 698.61pt x 473.77pt>
File: selection_25.png Graphic file (type png)
 <use selection_25.png>
Package pdftex.def Info: selection_25.png used on input line 790.
(pdftex.def)             Requested size: 314.3716pt x 213.19452pt.
 [32pdfTeX warning (ext4): destination with the same identifier (name{figure.26
}) has been already used, duplicate ignored

\AtBegShi@Output ...ipout \box \AtBeginShipoutBox 
                                                  \fi \fi 
l.797 \newpage
               <./selection_25.png>]
Overfull \hbox (20.97742pt too wide) in paragraph at lines 808--815
 [] 
 []

Package atveryend Info: Empty hook `BeforeClearDocument' on input line 818.
[33]
Package atveryend Info: Empty hook `AfterLastShipout' on input line 818.
 (./main.aux)
Package atveryend Info: Executing hook `AtVeryEndDocument' on input line 818.
Package atveryend Info: Executing hook `AtEndAfterFileList' on input line 818.
Package rerunfilecheck Info: File `main.out' has not changed.
(rerunfilecheck)             Checksum: 5C244F13B060E86379485DFA3C989629;2666.
Package atveryend Info: Empty hook `AtVeryVeryEnd' on input line 818.
 ) 
Here is how much of TeX's memory you used:
 7537 strings out of 495063
 105479 string characters out of 3182202
 191530 words of memory out of 3000000
 10482 multiletter control sequences out of 15000+200000
 16009 words of font info for 37 fonts, out of 3000000 for 9000
 14 hyphenation exceptions out of 8191
 41i,14n,35p,310b,325s stack positions out of 5000i,500n,10000p,200000b,50000s
{/usr/share/texlive/texmf-dist/fonts/enc/dvips/cm-super/cm-super-t1.enc}</usr
/share/texlive/texmf-dist/fonts/type1/public/amsfonts/cm/cmr7.pfb></usr/share/t
exlive/texmf-dist/fonts/type1/public/amsfonts/cm/cmsy10.pfb></usr/share/texlive
/texmf-dist/fonts/type1/public/amsfonts/cm/cmsy7.pfb></usr/share/texlive/texmf-
dist/fonts/type1/public/cm-super/sfbx0900.pfb></usr/share/texlive/texmf-dist/fo
nts/type1/public/cm-super/sfbx1000.pfb></usr/share/texlive/texmf-dist/fonts/typ
e1/public/cm-super/sfbx1200.pfb></usr/share/texlive/texmf-dist/fonts/type1/publ
ic/cm-super/sfcc1000.pfb></usr/share/texlive/texmf-dist/fonts/type1/public/cm-s
uper/sfrm0900.pfb></usr/share/texlive/texmf-dist/fonts/type1/public/cm-super/sf
rm1000.pfb></usr/share/texlive/texmf-dist/fonts/type1/public/cm-super/sfsx1000.
pfb></usr/share/texlive/texmf-dist/fonts/type1/public/cm-super/sfsx1728.pfb></u
sr/share/texlive/texmf-dist/fonts/type1/public/cm-super/sfti1000.pfb></usr/shar
e/texlive/texmf-dist/fonts/type1/public/cm-super/sftt1000.pfb>
Output written on main.pdf (34 pages, 458852 bytes).
PDF statistics:
 494 PDF objects out of 1000 (max. 8388607)
 413 compressed objects within 5 object streams
 104 named destinations out of 1000 (max. 500000)
 472 words of extra memory for PDF output out of 10000 (max. 10000000)

