\BOOKMARK [1][-]{section.1}{ Setup}{}% 1
\BOOKMARK [2][-]{subsection.1.1}{ Command history}{section.1}% 2
\BOOKMARK [2][-]{subsection.1.2}{ Configuration}{section.1}% 3
\BOOKMARK [1][-]{section.2}{ Datasets}{}% 4
\BOOKMARK [2][-]{subsection.2.1}{ tag\1371\137pythia8\137basicreco}{section.2}% 5
\BOOKMARK [1][-]{section.3}{ Histos and cuts}{}% 6
\BOOKMARK [2][-]{subsection.3.1}{ Object definition 1}{section.3}% 7
\BOOKMARK [2][-]{subsection.3.2}{ Object definition 2}{section.3}% 8
\BOOKMARK [2][-]{subsection.3.3}{ Object definition 3}{section.3}% 9
\BOOKMARK [2][-]{subsection.3.4}{ Object definition 4}{section.3}% 10
\BOOKMARK [2][-]{subsection.3.5}{ Object definition 5}{section.3}% 11
\BOOKMARK [2][-]{subsection.3.6}{ Object definition 6}{section.3}% 12
\BOOKMARK [2][-]{subsection.3.7}{ Object definition 7}{section.3}% 13
\BOOKMARK [2][-]{subsection.3.8}{ Object definition 8}{section.3}% 14
\BOOKMARK [2][-]{subsection.3.9}{ Histogram 1}{section.3}% 15
\BOOKMARK [2][-]{subsection.3.10}{ Histogram 2}{section.3}% 16
\BOOKMARK [2][-]{subsection.3.11}{ Histogram 3}{section.3}% 17
\BOOKMARK [2][-]{subsection.3.12}{ Histogram 4}{section.3}% 18
\BOOKMARK [2][-]{subsection.3.13}{ Histogram 5}{section.3}% 19
\BOOKMARK [2][-]{subsection.3.14}{ Histogram 6}{section.3}% 20
\BOOKMARK [2][-]{subsection.3.15}{ Histogram 7}{section.3}% 21
\BOOKMARK [2][-]{subsection.3.16}{ Histogram 8}{section.3}% 22
\BOOKMARK [2][-]{subsection.3.17}{ Histogram 9}{section.3}% 23
\BOOKMARK [2][-]{subsection.3.18}{ Histogram 10}{section.3}% 24
\BOOKMARK [2][-]{subsection.3.19}{ Histogram 11}{section.3}% 25
\BOOKMARK [2][-]{subsection.3.20}{ Histogram 12}{section.3}% 26
\BOOKMARK [2][-]{subsection.3.21}{ Histogram 13}{section.3}% 27
\BOOKMARK [2][-]{subsection.3.22}{ Histogram 14}{section.3}% 28
\BOOKMARK [2][-]{subsection.3.23}{ Histogram 15}{section.3}% 29
\BOOKMARK [2][-]{subsection.3.24}{ Histogram 16}{section.3}% 30
\BOOKMARK [2][-]{subsection.3.25}{ Histogram 17}{section.3}% 31
\BOOKMARK [2][-]{subsection.3.26}{ Histogram 18}{section.3}% 32
\BOOKMARK [2][-]{subsection.3.27}{ Histogram 19}{section.3}% 33
\BOOKMARK [2][-]{subsection.3.28}{ Histogram 20}{section.3}% 34
\BOOKMARK [2][-]{subsection.3.29}{ Histogram 21}{section.3}% 35
\BOOKMARK [2][-]{subsection.3.30}{ Histogram 22}{section.3}% 36
\BOOKMARK [2][-]{subsection.3.31}{ Histogram 23}{section.3}% 37
\BOOKMARK [2][-]{subsection.3.32}{ Histogram 24}{section.3}% 38
\BOOKMARK [2][-]{subsection.3.33}{ Histogram 25}{section.3}% 39
\BOOKMARK [2][-]{subsection.3.34}{ Histogram 26}{section.3}% 40
\BOOKMARK [1][-]{section.4}{ Summary}{}% 41
\BOOKMARK [2][-]{subsection.4.1}{Cut-flow charts}{section.4}% 42
