 Process in group number            1
 A PDF is used, so alpha_s(MZ) is going to be modified
 Old value of alpha_s from param_card:   0.11839999999999999     
  ****************************************
 
       NNPDFDriver version 1.0.3
   Grid: NNPDF23_lo_as_0130_qed_mem0.grid
  ****************************************
 New value of alpha_s from PDF nn23lo1:  0.13000000000000000     
 Define smin to   553693.23324403551     
 *****************************************************
 *               MadGraph/MadEvent                   *
 *        --------------------------------           *
 *          http://madgraph.hep.uiuc.edu             *
 *          http://madgraph.phys.ucl.ac.be           *
 *          http://madgraph.roma2.infn.it            *
 *        --------------------------------           *
 *                                                   *
 *          PARAMETER AND COUPLING VALUES            *
 *                                                   *
 *****************************************************

  External Params
  ---------------------------------
  
 mdl_cabi =   0.22773599999999999     
 aEWM1 =    127.90000000000001     
 mdl_Gf =    1.1663700000000000E-005
 aS =   0.11839999999999999     
 mdl_ymdo =    5.0400000000000002E-003
 mdl_ymup =    2.5500000000000002E-003
 mdl_yms =   0.10100000000000001     
 mdl_ymc =    1.2700000000000000     
 mdl_ymb =    4.7000000000000002     
 mdl_ymt =    172.00000000000000     
 mdl_yme =    5.1099999999999995E-004
 mdl_ymm =   0.10566000000000000     
 mdl_ymtau =    1.7769999999999999     
 mdl_yl1 =    1.1800000000000000E-013
 mdl_y2e =    1.0000000000000000E-010
 mdl_y2m =    1.0000000000000000E-010
 mdl_y2t =    1.0000000000000000E-010
 mdl_yNe =    1.0000000000000000     
 mdl_yNm =    1.0000000000000000     
 mdl_yNt =    1.0000000000000000     
 mdl_lamda =   0.10000000000000001     
 mdl_lam1 =   0.10000000000000001     
 mdl_MZ =    91.187600000000003     
 mdl_Me =    5.1099999999999995E-004
 mdl_MMU =   0.10566000000000000     
 mdl_MTA =    1.7769999999999999     
 mdl_MU =    2.5500000000000002E-003
 mdl_MC =    1.2700000000000000     
 mdl_MT =    172.00000000000000     
 mdl_MD =    5.0400000000000002E-003
 mdl_MS =   0.10100000000000001     
 mdl_MB =    4.7000000000000002     
 mdl_MChi =    613.00000000000000     
 mdl_MPsi =    101.00000000000000     
 mdl_MNN1 =    30.000000000000000     
 mdl_MNN2 =    30.000000000000000     
 mdl_MNN3 =    30.000000000000000     
 mdl_MH =    125.00000000000000     
 mdl_Mphi =    77.000000000000000     
 mdl_WZ =    2.4952000000000001     
 mdl_WW =    2.0850000000000000     
 mdl_WT =    1.5083359999999999     
 mdl_WChi =    1.0000000000000000     
 mdl_WPsi =    1.0000000000000000     
 mdl_WNN1 =    1.0000000000000000     
 mdl_WNN2 =    1.0000000000000000     
 mdl_WNN3 =    1.0000000000000000     
 mdl_WH =    4.0699999999999998E-003
 mdl_Wphi =    20.850000000000001     
  Internal Params
  ---------------------------------
  
 mdl_cos__cabi =   0.97418004031982097     
 mdl_CKM1x1 =  ( 0.97418004031982097     ,  0.0000000000000000     )
 mdl_sin__cabi =   0.22577256042856930     
 mdl_CKM1x2 =  ( 0.22577256042856930     ,  0.0000000000000000     )
 mdl_CKM1x3 =  (  0.0000000000000000     ,  0.0000000000000000     )
 mdl_CKM2x1 =  (-0.22577256042856930     ,  0.0000000000000000     )
 mdl_CKM2x2 =  ( 0.97418004031982097     ,  0.0000000000000000     )
 mdl_CKM2x3 =  (  0.0000000000000000     ,  0.0000000000000000     )
 mdl_CKM3x1 =  (  0.0000000000000000     ,  0.0000000000000000     )
 mdl_CKM3x2 =  (  0.0000000000000000     ,  0.0000000000000000     )
 mdl_CKM3x3 =  (  1.0000000000000000     ,  0.0000000000000000     )
 mdl_MZ__exp__2 =    8315.1783937600012     
 mdl_MZ__exp__4 =    69142191.720053151     
 mdl_sqrt__2 =    1.4142135623730951     
 mdl_Mphi__exp__2 =    5929.0000000000000     
 mdl_MH__exp__2 =    15625.000000000000     
 mdl_conjg__CKM1x1 =  ( 0.97418004031982097     , -0.0000000000000000     )
 mdl_conjg__CKM2x1 =  (-0.22577256042856930     , -0.0000000000000000     )
 mdl_conjg__CKM3x1 =  (  0.0000000000000000     , -0.0000000000000000     )
 mdl_conjg__CKM1x2 =  ( 0.22577256042856930     , -0.0000000000000000     )
 mdl_conjg__CKM2x2 =  ( 0.97418004031982097     , -0.0000000000000000     )
 mdl_conjg__CKM3x2 =  (  0.0000000000000000     , -0.0000000000000000     )
 mdl_conjg__CKM1x3 =  (  0.0000000000000000     , -0.0000000000000000     )
 mdl_conjg__CKM2x3 =  (  0.0000000000000000     , -0.0000000000000000     )
 mdl_conjg__CKM3x3 =  (  1.0000000000000000     , -0.0000000000000000     )
 mdl_complexi =  (  0.0000000000000000     ,  1.0000000000000000     )
 mdl_aEW =    7.8186082877247844E-003
 mdl_MW =    79.824359746197842     
 mdl_sqrt__aEW =    8.8422894590285753E-002
 mdl_ee =   0.31345100004952897     
 mdl_MW__exp__2 =    6371.9284088904105     
 mdl_sw2 =   0.23369913342182447     
 mdl_cw =   0.87538612427783857     
 mdl_sqrt__sw2 =   0.48342438232036300     
 mdl_sw =   0.48342438232036300     
 mdl_g1 =   0.35807170271074895     
 mdl_gw =   0.64839716719502682     
 mdl_vev =    246.22056907348590     
 mdl_vev__exp__2 =    60624.568634871241     
 mdl_muS =    53.830953625738765     
 mdl_lam =   0.12886689630821144     
 mdl_yb =    2.6995322804122722E-002
 mdl_yc =    7.2944808428161397E-003
 mdl_ydo =    2.8948175943144366E-005
 mdl_ye =    2.9350233942354699E-006
 mdl_ym =    6.0687783137949077E-004
 mdl_ys =    5.8011225600348830E-004
 mdl_yt =   0.98791394091683138     
 mdl_ytau =    1.0206529494239589E-002
 mdl_yup =    1.4646398542662327E-005
 mdl_muH =    88.388347648318444     
 mdl_I1b11 =  (  2.8200735207477649E-005,  0.0000000000000000     )
 mdl_I1b12 =  ( -6.5357038024204180E-006, -0.0000000000000000     )
 mdl_I1b13 =  (  0.0000000000000000     ,  0.0000000000000000     )
 mdl_I1b21 =  (  1.3097342937390123E-004,  0.0000000000000000     )
 mdl_I1b22 =  (  5.6513378094350051E-004,  0.0000000000000000     )
 mdl_I1b23 =  (  0.0000000000000000     ,  0.0000000000000000     )
 mdl_I1b31 =  (  0.0000000000000000     ,  0.0000000000000000     )
 mdl_I1b32 =  (  0.0000000000000000     ,  0.0000000000000000     )
 mdl_I1b33 =  (  2.6995322804122722E-002,  0.0000000000000000     )
 mdl_I2b11 =  (  1.4268229122830952E-005,  0.0000000000000000     )
 mdl_I2b12 =  ( -1.6468936168797480E-003, -0.0000000000000000     )
 mdl_I2b13 =  (  0.0000000000000000     ,  0.0000000000000000     )
 mdl_I2b21 =  (  3.3067549000341398E-006,  0.0000000000000000     )
 mdl_I2b22 =  (  7.1061376415667886E-003,  0.0000000000000000     )
 mdl_I2b23 =  (  0.0000000000000000     ,  0.0000000000000000     )
 mdl_I2b31 =  (  0.0000000000000000     ,  0.0000000000000000     )
 mdl_I2b32 =  (  0.0000000000000000     ,  0.0000000000000000     )
 mdl_I2b33 =  ( 0.98791394091683138     ,  0.0000000000000000     )
 mdl_I3b11 =  (  1.4268229122830952E-005,  0.0000000000000000     )
 mdl_I3b12 =  (  3.3067549000341398E-006,  0.0000000000000000     )
 mdl_I3b13 =  (  0.0000000000000000     ,  0.0000000000000000     )
 mdl_I3b21 =  ( -1.6468936168797480E-003,  0.0000000000000000     )
 mdl_I3b22 =  (  7.1061376415667886E-003,  0.0000000000000000     )
 mdl_I3b23 =  (  0.0000000000000000     ,  0.0000000000000000     )
 mdl_I3b31 =  (  0.0000000000000000     ,  0.0000000000000000     )
 mdl_I3b32 =  (  0.0000000000000000     ,  0.0000000000000000     )
 mdl_I3b33 =  ( 0.98791394091683138     ,  0.0000000000000000     )
 mdl_I4b11 =  (  2.8200735207477649E-005,  0.0000000000000000     )
 mdl_I4b12 =  (  1.3097342937390123E-004,  0.0000000000000000     )
 mdl_I4b13 =  (  0.0000000000000000     ,  0.0000000000000000     )
 mdl_I4b21 =  ( -6.5357038024204180E-006,  0.0000000000000000     )
 mdl_I4b22 =  (  5.6513378094350051E-004,  0.0000000000000000     )
 mdl_I4b23 =  (  0.0000000000000000     ,  0.0000000000000000     )
 mdl_I4b31 =  (  0.0000000000000000     ,  0.0000000000000000     )
 mdl_I4b32 =  (  0.0000000000000000     ,  0.0000000000000000     )
 mdl_I4b33 =  (  2.6995322804122722E-002,  0.0000000000000000     )
 mdl_ee__exp__2 =    9.8251529432049817E-002
 mdl_sw__exp__2 =   0.23369913342182450     
 mdl_cw__exp__2 =   0.76630086657817542     
  Internal Params evaluated point by point
  ----------------------------------------
  
 mdl_sqrt__aS =   0.34409301068170506     
 mdl_G__exp__2 =    1.4878582807401259     
  Couplings of DM
  ---------------------------------
  
         GC_1 =  -0.00000E+00  -0.10448E+00
         GC_2 =   0.00000E+00   0.20897E+00
         GC_4 =   0.00000E+00   0.31345E+00
        GC_76 =   0.00000E+00   0.57700E-01
        GC_77 =  -0.00000E+00  -0.11540E+00
        GC_78 =  -0.00000E+00  -0.17310E+00
        GC_83 =  -0.00000E+00  -0.31265E+00
        GC_84 =   0.00000E+00   0.25495E+00
       GC_107 =  -0.00000E+00  -0.10000E-09
       GC_108 =  -0.00000E+00  -0.10000E-09
       GC_124 =  -0.00000E+00  -0.11800E-12

 Collider parameters:
 --------------------

 Running at P P   machine @    14000.000000000000       GeV
 PDF set = nn23lo1
 alpha_s(Mz)= 0.1300 running at 2 loops.
 alpha_s(Mz)= 0.1300 running at 2 loops.
 Renormalization scale set on event-by-event basis
 Factorization   scale set on event-by-event basis


 getting user params
Enter number of events and max and min iterations: 
 Number of events and iterations         1000           5           3
Enter desired fractional accuracy: 
 Desired fractional accuracy:   0.10000000000000001     
Enter 0 for fixed, 2 for adjustable grid: 
Suppress amplitude (0 no, 1 yes)? 
 Using suppressed amplitude.
Exact helicity sum (0 yes, n = number/event)? 
 Explicitly summing over helicities
Enter Configuration Number: 
Running Configuration Number:    1
 Not subdividing B.W.
 Attempting mappinvarients           1           6
 Completed mapping           6
 about to integrate           10        1000           5           3          10           1
 Using non-zero grid deformation.
 10 dimensions   1000 events 10 invarients  5 iterations  1 config(s),  (0.99)
 Using h-tuple random number sequence.
 Error opening grid
 Using Uniform Grid!          24
 Using uniform alpha   1.0000000000000000     
 Grid defined OK
 Set CM energy to      14000.00
 Mapping Graph           1  to config           1
 Setting BW          -1           1   77.000000000000000     
 Setting BW          -2           2   613.00000000000000     
Setting grid   3    0.74823E-02   1
 Transforming s_hat 1/s            9   7.4822500000000011E-003   553693.23324403551        195999999.99999997     
   1   1   2   3   4   5   6   7   8   9  10
 Masses: 0.101E+00 0.101E+00 0.106E+00 0.300E+02 0.101E+03 0.613E+03
Using random seed offsets     1 :      8
  with seed                   33
 Ranmar initialization seeds       11949        9415
 
 ********************************************
 * You are using the DiscreteSampler module *
 *      part of the MG5_aMC framework       *
 *         Author: Valentin Hirschi         *
 ********************************************
 
  Particle       3       4       5       6
      Et >     0.0     0.0     0.0     0.0
       E >     0.0     0.0     0.0     0.0
     Eta <    -1.0    -1.0    -1.0    -1.0
   xqcut:      0.0     0.0     0.0     0.0
d R # 3  >    -0.0     0.0     0.0     0.0
d R # 4  >    -0.0    -0.0     0.0     0.0
d R # 5  >    -0.0    -0.0    -0.0     0.0
s min # 3>     0.0   906.4 10222.4     0.0
s min # 4>     0.0     0.0 17161.0     0.0
s min # 5>     0.0     0.0     0.0     0.0
xqcutij # 3>     0.0     0.0     0.0     0.0
xqcutij # 4>     0.0     0.0     0.0     0.0
xqcutij # 5>     0.0     0.0     0.0     0.0
 No cut BW           -1           1
 No cut BW           -2           2
 alpha_s for scale    6684.1718625213562       is    7.6109136276788641E-002
 Added good helicity            1   5.2325684336785653E-008  in event            1 local:           1
 Added good helicity            2   3.5170633486265450E-004  in event            1 local:           1
 Added good helicity            3   1.9081828910664812E-006  in event            1 local:           1
 Added good helicity            4   3.5688950472013531E-004  in event            1 local:           1
 Added good helicity            9   2.1799422090293314E-003  in event            1 local:           1
 Added good helicity           10   14.652450211933578       in event            1 local:           1
 Added good helicity           11   7.9496875760095759E-002  in event            1 local:           1
 Added good helicity           12   14.868386436984485       in event            1 local:           1
 Added good helicity           13   1.5897507609176330E-003  in event            1 local:           1
 Added good helicity           14   10.685486879994501       in event            1 local:           1
 Added good helicity           15   5.7974114270882678E-002  in event            1 local:           1
 Added good helicity           16   10.842961136267201       in event            1 local:           1
 Added good helicity           49   8.9298751885874780E-005  in event            1 local:           1
 Added good helicity           50   4.7745408113314877E-007  in event            1 local:           1
 Added good helicity           51   8.8001850203522141E-005  in event            1 local:           1
 Added good helicity           52   1.3092618978844410E-008  in event            1 local:           1
 Added good helicity           57   3.7202785002623036       in event            1 local:           1
 Added good helicity           58   1.9891231572555890E-002  in event            1 local:           1
 Added good helicity           59   3.6662482328294872       in event            1 local:           1
 Added good helicity           60   5.4545206814727860E-004  in event            1 local:           1
 Added good helicity           61   2.7130607188210734       in event            1 local:           1
 Added good helicity           62   1.4505935247769743E-002  in event            1 local:           1
 Added good helicity           63   2.6736584546655697       in event            1 local:           1
 Added good helicity           64   3.9777790291392324E-004  in event            1 local:           1
 Added good helicity            1   5.2325684336785528E-008  in event            1 local:           1
 Added good helicity            2   3.5170633486264973E-004  in event            1 local:           1
 Added good helicity            3   1.9081828910664536E-006  in event            1 local:           1
 Added good helicity            4   3.5688950472013016E-004  in event            1 local:           1
 Added good helicity            9   2.1799422090293783E-003  in event            1 local:           1
 Added good helicity           10   14.652450211933742       in event            1 local:           1
 Added good helicity           11   7.9496875760096564E-002  in event            1 local:           1
 Added good helicity           12   14.868386436984629       in event            1 local:           1
 Added good helicity           13   1.5897507609176306E-003  in event            1 local:           1
 Added good helicity           14   10.685486879994359       in event            1 local:           1
 Added good helicity           15   5.7974114270881845E-002  in event            1 local:           1
 Added good helicity           16   10.842961136267046       in event            1 local:           1
 Added good helicity           49   8.9298751885873384E-005  in event            1 local:           1
 Added good helicity           50   4.7745408113314115E-007  in event            1 local:           1
 Added good helicity           51   8.8001850203520908E-005  in event            1 local:           1
 Added good helicity           52   1.3092618978844359E-008  in event            1 local:           1
 Added good helicity           57   3.7202785002623395       in event            1 local:           1
 Added good helicity           58   1.9891231572556078E-002  in event            1 local:           1
 Added good helicity           59   3.6662482328295281       in event            1 local:           1
 Added good helicity           60   5.4545206814728998E-004  in event            1 local:           1
 Added good helicity           61   2.7130607188210303       in event            1 local:           1
 Added good helicity           62   1.4505935247769530E-002  in event            1 local:           1
 Added good helicity           63   2.6736584546655324       in event            1 local:           1
 Added good helicity           64   3.9777790291392249E-004  in event            1 local:           1
 Added good helicity            6   2.4409412043722235E-008  in event            3 local:           3
 Added good helicity            8   6.9006748207782982E-008  in event            3 local:           3
 Added good helicity           26   2.3278420341837986E-008  in event            3 local:           3
 Added good helicity           27   2.3280066828043116E-008  in event            3 local:           3
 Added good helicity           53   1.7647445912683945E-008  in event            3 local:           3
 Added good helicity            6   2.4409412043722222E-008  in event            2 local:           2
 Added good helicity            8   6.9006748207782942E-008  in event            2 local:           2
 Added good helicity           26   2.3278420341836832E-008  in event            2 local:           2
 Added good helicity           27   2.3280066828040254E-008  in event            2 local:           2
 Added good helicity           53   1.7647445912683925E-008  in event            2 local:           2
 Added good helicity           42   2.7335063896284131E-008  in event            4 local:           4
 Added good helicity           43   2.7330946702713509E-008  in event            4 local:           4
 Added good helicity           42   2.7335063896280303E-008  in event            4 local:           4
 Added good helicity           43   2.7330946702710965E-008  in event            4 local:           4
 Added good helicity            7   5.4230783343578412E-008  in event            6 local:           6
 Added good helicity           54   1.3873731869351413E-008  in event            6 local:           6
 Added good helicity           55   1.9272818870069552E-008  in event            6 local:           6
 Added good helicity            7   5.4230783343578392E-008  in event            5 local:           5
 Added good helicity           54   1.3873731869351411E-008  in event            5 local:           5
 Added good helicity           55   1.9272818870069562E-008  in event            5 local:           5
 Added good helicity            5   2.1211378343714168E-007  in event            8 local:           8
 Added good helicity           25   1.7277737206831211E-008  in event            8 local:           8
 Added good helicity           28   1.7276619535431113E-008  in event            8 local:           8
 Added good helicity           41   1.4883663859951286E-008  in event            8 local:           8
 Added good helicity           44   1.4884781531349431E-008  in event            8 local:           8
 Added good helicity           56   5.4061968221579644E-008  in event            8 local:           8
 Added good helicity            5   2.1211378343714144E-007  in event            9 local:           9
 Added good helicity           25   1.7277737206832035E-008  in event            9 local:           9
 Added good helicity           28   1.7276619535433922E-008  in event            9 local:           9
 Added good helicity           41   1.4883663859949056E-008  in event            9 local:           9
 Added good helicity           44   1.4884781531347489E-008  in event            9 local:           9
 Added good helicity           56   5.4061968221579539E-008  in event            9 local:           9
 RESET CUMULATIVE VARIABLE
 Added good helicity           30   7.0897478459847387E-008  in event           16 local:          16
 Added good helicity           31   7.0901227488610092E-008  in event           16 local:          16
 Added good helicity           46   2.0731657244445542E-008  in event           16 local:          16
 Added good helicity           47   2.0727908215687807E-008  in event           16 local:          16
 RESET CUMULATIVE VARIABLE
 Added good helicity           30   2.2267696874324204E-008  in event           22 local:          22
 Added good helicity           31   2.2267744403829376E-008  in event           22 local:          22
 RESET CUMULATIVE VARIABLE
 Iteration  1   Mean: 0.3820E-51 Abs mean: 0.3820E-51   Fluctuation:  0.596E-52   0.459E-49    94.6%
  1    0.3820E-51 0.3820E-51 +- 0.5956E-52      4.93
 Writing out events   8.0750667085177316E-056   4.9311636645828267     
 Relative summed weights:
  0.6453E+00  0.3547E+00
 Relative number of events:
  0.5232E+00  0.4768E+00
 Events:
         541         493
 Iteration  2   Mean: 0.4103E-51 Abs mean: 0.4103E-51   Fluctuation:  0.141E-52   0.805E-50    97.3%
  2    0.4103E-51 0.4103E-51 +- 0.1413E-52      1.54
 Relative summed weights:
  0.4845E+00  0.5155E+00
 Relative number of events:
  0.5005E+00  0.4995E+00
 Events:
        1001         999
 Iteration  3   Mean: 0.4237E-51 Abs mean: 0.4237E-51   Fluctuation:  0.652E-53   0.385E-50    97.7%
  3    0.4237E-51 0.4237E-51 +- 0.6521E-53      0.97
 Relative summed weights:
  0.4944E+00  0.5056E+00
 Relative number of events:
  0.5000E+00  0.5000E+00
 Events:
        2000        2000
 Accuracy:    0.010   0.100   0.014   0.534
 Finished due to accuracy    1.0227448229161017E-002  0.10000000000000001     

 -------------------------------------------------------------------------------
 Accumulated results:   Integral =  0.0000E+00
                        Std dev  =  0.0000E+00
                       Cross sec =  0.0000E+00
             Chi**2 per DoF.     =      0.5340
 -------------------------------------------------------------------------------
 Found          401  events.
 Wrote          398  events.
 Actual xsec    4.2113778292995552E-052
 Correct abs xsec    4.2113778292995552E-052
 Event xsec    4.2113778292995263E-052
 Events wgts > 1:            0
 % Cross section > 1:    0.0000000000000000        0.0000000000000000     
-------------------------------------------------
---------------------------
 Results Last   3 iters: Integral =   0.4211E-51
                     Abs integral =   0.4211E-51
                          Std dev =   0.5894E-53
                  Chi**2 per DoF. =      0.5863
-------------------------------------------------
---------------------------
 Status  0.10000000000000001                4           5

ls status:
events.lhe
ftn26
input_app.txt
results.dat
run_01_log.txt
run1_app.log
