 Process in group number            1
 A PDF is used, so alpha_s(MZ) is going to be modified
 Old value of alpha_s from param_card:   0.11839999999999999     
  ****************************************
 
       NNPDFDriver version 1.0.3
   Grid: NNPDF23_lo_as_0130_qed_mem0.grid
  ****************************************
 New value of alpha_s from PDF nn23lo1:  0.13000000000000000     
 Define smin to   1513159.9347640355     
 *****************************************************
 *               MadGraph/MadEvent                   *
 *        --------------------------------           *
 *          http://madgraph.hep.uiuc.edu             *
 *          http://madgraph.phys.ucl.ac.be           *
 *          http://madgraph.roma2.infn.it            *
 *        --------------------------------           *
 *                                                   *
 *          PARAMETER AND COUPLING VALUES            *
 *                                                   *
 *****************************************************

  External Params
  ---------------------------------
  
 mdl_cabi =   0.22773599999999999     
 aEWM1 =    127.90000000000001     
 mdl_Gf =    1.1663700000000000E-005
 aS =   0.11839999999999999     
 mdl_ymdo =    5.0400000000000002E-003
 mdl_ymup =    2.5500000000000002E-003
 mdl_yms =   0.10100000000000001     
 mdl_ymc =    1.2700000000000000     
 mdl_ymb =    4.7000000000000002     
 mdl_ymt =    172.00000000000000     
 mdl_yme =    5.1099999999999995E-004
 mdl_ymm =   0.10566000000000000     
 mdl_ymtau =    1.7769999999999999     
 mdl_yl1 =    1.0000000000000000     
 mdl_y2e =   0.10000000000000001     
 mdl_y2m =    1.0000000000000000E-010
 mdl_y2t =    1.0000000000000000E-010
 mdl_yNe =    1.0000000000000000     
 mdl_yNm =    1.0000000000000000     
 mdl_yNt =    1.0000000000000000     
 mdl_lamda =   0.10000000000000001     
 mdl_lam1 =   0.10000000000000001     
 mdl_MZ =    91.187600000000003     
 mdl_Me =    5.1099999999999995E-004
 mdl_MMU =   0.10566000000000000     
 mdl_MTA =    1.7769999999999999     
 mdl_MU =    2.5500000000000002E-003
 mdl_MC =    1.2700000000000000     
 mdl_MT =    172.00000000000000     
 mdl_MD =    5.0400000000000002E-003
 mdl_MS =   0.10100000000000001     
 mdl_MB =    4.7000000000000002     
 mdl_MChi =    700.00000000000000     
 mdl_MPsi =    500.00000000000000     
 mdl_MNN1 =    30.000000000000000     
 mdl_MNN2 =    30.000000000000000     
 mdl_MNN3 =    30.000000000000000     
 mdl_MH =    125.00000000000000     
 mdl_Mphi =    250.00000000000000     
 mdl_WZ =    2.4952000000000001     
 mdl_WW =    2.0850000000000000     
 mdl_WT =    1.5083359999999999     
 mdl_WChi =    1.0000000000000000     
 mdl_WPsi =    1.0000000000000000     
 mdl_WNN1 =    1.0000000000000000     
 mdl_WNN2 =    1.0000000000000000     
 mdl_WNN3 =    1.0000000000000000     
 mdl_WH =    4.0699999999999998E-003
 mdl_Wphi =    20.850000000000001     
  Internal Params
  ---------------------------------
  
 mdl_cos__cabi =   0.97418004031982097     
 mdl_CKM1x1 =  ( 0.97418004031982097     ,  0.0000000000000000     )
 mdl_sin__cabi =   0.22577256042856930     
 mdl_CKM1x2 =  ( 0.22577256042856930     ,  0.0000000000000000     )
 mdl_CKM1x3 =  (  0.0000000000000000     ,  0.0000000000000000     )
 mdl_CKM2x1 =  (-0.22577256042856930     ,  0.0000000000000000     )
 mdl_CKM2x2 =  ( 0.97418004031982097     ,  0.0000000000000000     )
 mdl_CKM2x3 =  (  0.0000000000000000     ,  0.0000000000000000     )
 mdl_CKM3x1 =  (  0.0000000000000000     ,  0.0000000000000000     )
 mdl_CKM3x2 =  (  0.0000000000000000     ,  0.0000000000000000     )
 mdl_CKM3x3 =  (  1.0000000000000000     ,  0.0000000000000000     )
 mdl_MZ__exp__2 =    8315.1783937600012     
 mdl_MZ__exp__4 =    69142191.720053151     
 mdl_sqrt__2 =    1.4142135623730951     
 mdl_Mphi__exp__2 =    62500.000000000000     
 mdl_MH__exp__2 =    15625.000000000000     
 mdl_conjg__CKM1x1 =  ( 0.97418004031982097     , -0.0000000000000000     )
 mdl_conjg__CKM2x1 =  (-0.22577256042856930     , -0.0000000000000000     )
 mdl_conjg__CKM3x1 =  (  0.0000000000000000     , -0.0000000000000000     )
 mdl_conjg__CKM1x2 =  ( 0.22577256042856930     , -0.0000000000000000     )
 mdl_conjg__CKM2x2 =  ( 0.97418004031982097     , -0.0000000000000000     )
 mdl_conjg__CKM3x2 =  (  0.0000000000000000     , -0.0000000000000000     )
 mdl_conjg__CKM1x3 =  (  0.0000000000000000     , -0.0000000000000000     )
 mdl_conjg__CKM2x3 =  (  0.0000000000000000     , -0.0000000000000000     )
 mdl_conjg__CKM3x3 =  (  1.0000000000000000     , -0.0000000000000000     )
 mdl_complexi =  (  0.0000000000000000     ,  1.0000000000000000     )
 mdl_aEW =    7.8186082877247844E-003
 mdl_MW =    79.824359746197842     
 mdl_sqrt__aEW =    8.8422894590285753E-002
 mdl_ee =   0.31345100004952897     
 mdl_MW__exp__2 =    6371.9284088904105     
 mdl_sw2 =   0.23369913342182447     
 mdl_cw =   0.87538612427783857     
 mdl_sqrt__sw2 =   0.48342438232036300     
 mdl_sw =   0.48342438232036300     
 mdl_g1 =   0.35807170271074895     
 mdl_gw =   0.64839716719502682     
 mdl_vev =    246.22056907348590     
 mdl_vev__exp__2 =    60624.568634871241     
 mdl_muS =    243.86219790745847     
 mdl_lam =   0.12886689630821144     
 mdl_yb =    2.6995322804122722E-002
 mdl_yc =    7.2944808428161397E-003
 mdl_ydo =    2.8948175943144366E-005
 mdl_ye =    2.9350233942354699E-006
 mdl_ym =    6.0687783137949077E-004
 mdl_ys =    5.8011225600348830E-004
 mdl_yt =   0.98791394091683138     
 mdl_ytau =    1.0206529494239589E-002
 mdl_yup =    1.4646398542662327E-005
 mdl_muH =    88.388347648318444     
 mdl_I1b11 =  (  2.8200735207477649E-005,  0.0000000000000000     )
 mdl_I1b12 =  ( -6.5357038024204180E-006, -0.0000000000000000     )
 mdl_I1b13 =  (  0.0000000000000000     ,  0.0000000000000000     )
 mdl_I1b21 =  (  1.3097342937390123E-004,  0.0000000000000000     )
 mdl_I1b22 =  (  5.6513378094350051E-004,  0.0000000000000000     )
 mdl_I1b23 =  (  0.0000000000000000     ,  0.0000000000000000     )
 mdl_I1b31 =  (  0.0000000000000000     ,  0.0000000000000000     )
 mdl_I1b32 =  (  0.0000000000000000     ,  0.0000000000000000     )
 mdl_I1b33 =  (  2.6995322804122722E-002,  0.0000000000000000     )
 mdl_I2b11 =  (  1.4268229122830952E-005,  0.0000000000000000     )
 mdl_I2b12 =  ( -1.6468936168797480E-003, -0.0000000000000000     )
 mdl_I2b13 =  (  0.0000000000000000     ,  0.0000000000000000     )
 mdl_I2b21 =  (  3.3067549000341398E-006,  0.0000000000000000     )
 mdl_I2b22 =  (  7.1061376415667886E-003,  0.0000000000000000     )
 mdl_I2b23 =  (  0.0000000000000000     ,  0.0000000000000000     )
 mdl_I2b31 =  (  0.0000000000000000     ,  0.0000000000000000     )
 mdl_I2b32 =  (  0.0000000000000000     ,  0.0000000000000000     )
 mdl_I2b33 =  ( 0.98791394091683138     ,  0.0000000000000000     )
 mdl_I3b11 =  (  1.4268229122830952E-005,  0.0000000000000000     )
 mdl_I3b12 =  (  3.3067549000341398E-006,  0.0000000000000000     )
 mdl_I3b13 =  (  0.0000000000000000     ,  0.0000000000000000     )
 mdl_I3b21 =  ( -1.6468936168797480E-003,  0.0000000000000000     )
 mdl_I3b22 =  (  7.1061376415667886E-003,  0.0000000000000000     )
 mdl_I3b23 =  (  0.0000000000000000     ,  0.0000000000000000     )
 mdl_I3b31 =  (  0.0000000000000000     ,  0.0000000000000000     )
 mdl_I3b32 =  (  0.0000000000000000     ,  0.0000000000000000     )
 mdl_I3b33 =  ( 0.98791394091683138     ,  0.0000000000000000     )
 mdl_I4b11 =  (  2.8200735207477649E-005,  0.0000000000000000     )
 mdl_I4b12 =  (  1.3097342937390123E-004,  0.0000000000000000     )
 mdl_I4b13 =  (  0.0000000000000000     ,  0.0000000000000000     )
 mdl_I4b21 =  ( -6.5357038024204180E-006,  0.0000000000000000     )
 mdl_I4b22 =  (  5.6513378094350051E-004,  0.0000000000000000     )
 mdl_I4b23 =  (  0.0000000000000000     ,  0.0000000000000000     )
 mdl_I4b31 =  (  0.0000000000000000     ,  0.0000000000000000     )
 mdl_I4b32 =  (  0.0000000000000000     ,  0.0000000000000000     )
 mdl_I4b33 =  (  2.6995322804122722E-002,  0.0000000000000000     )
 mdl_ee__exp__2 =    9.8251529432049817E-002
 mdl_sw__exp__2 =   0.23369913342182450     
 mdl_cw__exp__2 =   0.76630086657817542     
  Internal Params evaluated point by point
  ----------------------------------------
  
 mdl_sqrt__aS =   0.34409301068170506     
 mdl_G__exp__2 =    1.4878582807401259     
  Couplings of DM
  ---------------------------------
  
         GC_1 =  -0.00000E+00  -0.10448E+00
         GC_2 =   0.00000E+00   0.20897E+00
         GC_4 =   0.00000E+00   0.31345E+00
        GC_76 =   0.00000E+00   0.57700E-01
        GC_77 =  -0.00000E+00  -0.11540E+00
        GC_78 =  -0.00000E+00  -0.17310E+00
        GC_83 =  -0.00000E+00  -0.31265E+00
        GC_84 =   0.00000E+00   0.25495E+00
       GC_107 =  -0.00000E+00  -0.10000E+00
       GC_108 =  -0.00000E+00  -0.10000E-09
       GC_124 =  -0.00000E+00  -0.10000E+01

 Collider parameters:
 --------------------

 Running at P P   machine @    14000.000000000000       GeV
 PDF set = nn23lo1
 alpha_s(Mz)= 0.1300 running at 2 loops.
 alpha_s(Mz)= 0.1300 running at 2 loops.
 Renormalization scale set on event-by-event basis
 Factorization   scale set on event-by-event basis


 getting user params
Enter number of events and max and min iterations: 
 Number of events and iterations         1000           5           3
Enter desired fractional accuracy: 
 Desired fractional accuracy:   0.10000000000000001     
Enter 0 for fixed, 2 for adjustable grid: 
Suppress amplitude (0 no, 1 yes)? 
 Using suppressed amplitude.
Exact helicity sum (0 yes, n = number/event)? 
 Explicitly summing over helicities
Enter Configuration Number: 
Running Configuration Number:    1
 Using dconfig=           4
 BW Setting            1           1           0           0
 Attempting mappinvarients           1           6
 Completed mapping           6
 about to integrate           10        1000           5           3          10           1
 Using non-zero grid deformation.
 10 dimensions   1000 events 10 invarients  5 iterations  1 config(s),  (0.99)
 Using h-tuple random number sequence.
 Error opening grid
 Using Uniform Grid!          24
 Using uniform alpha   1.0000000000000000     
 Grid defined OK
 Set CM energy to      14000.00
 Mapping Graph           1  to config           1
 Setting BW          -1           1   250.00000000000000     
 Setting BW          -2           2   700.00000000000000     
Setting grid   3    0.97869E-02   1
 Transforming s_hat 1/s            9   9.7868622448979599E-003   1513159.9347640355        195999999.99999997     
   1   1   2   3   4   5   6   7   8   9  10
 Masses: 0.101E+00 0.101E+00 0.106E+00 0.300E+02 0.500E+03 0.700E+03
Using random seed offsets     1 :      8
  with seed                   24
 Ranmar initialization seeds       31059        9405
 
 ********************************************
 * You are using the DiscreteSampler module *
 *      part of the MG5_aMC framework       *
 *         Author: Valentin Hirschi         *
 ********************************************
 
  Particle       3       4       5       6
      Et >     0.0     0.0     0.0     0.0
       E >     0.0     0.0     0.0     0.0
     Eta <    -1.0    -1.0    -1.0    -1.0
   xqcut:      0.0     0.0     0.0     0.0
d R # 3  >    -0.0     0.0     0.0     0.0
d R # 4  >    -0.0    -0.0     0.0     0.0
d R # 5  >    -0.0    -0.0    -0.0     0.0
s min # 3>     0.0   906.4250105.7     0.0
s min # 4>     0.0     0.0280900.0     0.0
s min # 5>     0.0     0.0     0.0     0.0
xqcutij # 3>     0.0     0.0     0.0     0.0
xqcutij # 4>     0.0     0.0     0.0     0.0
xqcutij # 5>     0.0     0.0     0.0     0.0
 Requiring BW           -1           1
 Requiring BW           -2           2
 alpha_s for scale    1447.8384552173820       is    8.9199002580452033E-002
 Added good helicity            1   9.2252112908395743E-007  in event            1 local:           1
 Added good helicity            2   1.9807412121428707E-007  in event            1 local:           1
 Added good helicity            3   5.7051885021222449E-007  in event            1 local:           1
 Added good helicity            4   1.3627163805004496E-007  in event            1 local:           1
 Added good helicity            5   1.5919040408192465E-007  in event            1 local:           1
 Added good helicity            6   3.4179704290984157E-008  in event            1 local:           1
 Added good helicity            7   9.8448830534453294E-008  in event            1 local:           1
 Added good helicity            8   2.3515057208102344E-008  in event            1 local:           1
 Added good helicity            9   25.613282516084581       in event            1 local:           1
 Added good helicity           10   5.4994170494765982       in event            1 local:           1
 Added good helicity           11   15.840136372537813       in event            1 local:           1
 Added good helicity           12   3.7835057152254845       in event            1 local:           1
 Added good helicity           13  0.13941411647148316       in event            1 local:           1
 Added good helicity           14   2.9933545947479493E-002  in event            1 local:           1
 Added good helicity           15   8.6218492915867972E-002  in event            1 local:           1
 Added good helicity           16   2.0593772239919893E-002  in event            1 local:           1
 Added good helicity           25   1.2492500843886077E-008  in event            1 local:           1
 Added good helicity           28   1.2492501243727202E-008  in event            1 local:           1
 Added good helicity           41   1.2509280106480300E-008  in event            1 local:           1
 Added good helicity           44   1.2509279706640246E-008  in event            1 local:           1
 Added good helicity           49   3.4693991752473888E-008  in event            1 local:           1
 Added good helicity           50   1.4525088688392175E-007  in event            1 local:           1
 Added good helicity           51   5.0428555979222174E-008  in event            1 local:           1
 Added good helicity           52   2.3486868509034700E-007  in event            1 local:           1
 Added good helicity           54   2.5064517925209577E-008  in event            1 local:           1
 Added good helicity           56   4.0528980537116687E-008  in event            1 local:           1
 Added good helicity           57  0.96325925157856118       in event            1 local:           1
 Added good helicity           58   4.0328095305133616       in event            1 local:           1
 Added good helicity           59   1.4001206156183907       in event            1 local:           1
 Added good helicity           60   6.5209975096980850       in event            1 local:           1
 Added good helicity           61   5.2430584563878096E-003  in event            1 local:           1
 Added good helicity           62   2.1950742832014172E-002  in event            1 local:           1
 Added good helicity           63   7.6209122535297056E-003  in event            1 local:           1
 Added good helicity           64   3.5494049064441251E-002  in event            1 local:           1
 Added good helicity            1   9.2252112908395923E-007  in event            1 local:           1
 Added good helicity            2   1.9807412121428731E-007  in event            1 local:           1
 Added good helicity            3   5.7051885021222597E-007  in event            1 local:           1
 Added good helicity            4   1.3627163805004512E-007  in event            1 local:           1
 Added good helicity            5   1.5919040408192465E-007  in event            1 local:           1
 Added good helicity            6   3.4179704290984111E-008  in event            1 local:           1
 Added good helicity            7   9.8448830534453321E-008  in event            1 local:           1
 Added good helicity            8   2.3515057208102341E-008  in event            1 local:           1
 Added good helicity            9   25.613282516084588       in event            1 local:           1
 Added good helicity           10   5.4994170494765964       in event            1 local:           1
 Added good helicity           11   15.840136372537820       in event            1 local:           1
 Added good helicity           12   3.7835057152254845       in event            1 local:           1
 Added good helicity           13  0.13941411647148344       in event            1 local:           1
 Added good helicity           14   2.9933545947479524E-002  in event            1 local:           1
 Added good helicity           15   8.6218492915868181E-002  in event            1 local:           1
 Added good helicity           16   2.0593772239919921E-002  in event            1 local:           1
 Added good helicity           25   1.2492500843887814E-008  in event            1 local:           1
 Added good helicity           28   1.2492501243729827E-008  in event            1 local:           1
 Added good helicity           41   1.2509280106477972E-008  in event            1 local:           1
 Added good helicity           44   1.2509279706637391E-008  in event            1 local:           1
 Added good helicity           49   3.4693991752473987E-008  in event            1 local:           1
 Added good helicity           50   1.4525088688392215E-007  in event            1 local:           1
 Added good helicity           51   5.0428555979222201E-008  in event            1 local:           1
 Added good helicity           52   2.3486868509034732E-007  in event            1 local:           1
 Added good helicity           54   2.5064517925209596E-008  in event            1 local:           1
 Added good helicity           56   4.0528980537116746E-008  in event            1 local:           1
 Added good helicity           57  0.96325925157856174       in event            1 local:           1
 Added good helicity           58   4.0328095305133669       in event            1 local:           1
 Added good helicity           59   1.4001206156183910       in event            1 local:           1
 Added good helicity           60   6.5209975096980841       in event            1 local:           1
 Added good helicity           61   5.2430584563878191E-003  in event            1 local:           1
 Added good helicity           62   2.1950742832014224E-002  in event            1 local:           1
 Added good helicity           63   7.6209122535297073E-003  in event            1 local:           1
 Added good helicity           64   3.5494049064441292E-002  in event            1 local:           1
 Added good helicity           53   4.5066743854582026E-008  in event            3 local:           3
 Added good helicity           55   1.7076592346869227E-008  in event            3 local:           3
 Added good helicity           53   4.5066743854582006E-008  in event            2 local:           2
 Added good helicity           55   1.7076592346869197E-008  in event            2 local:           2
 Added good helicity           26   5.4945076749433194E-007  in event           14 local:          14
 Added good helicity           27   5.4944855084375379E-007  in event           14 local:          14
 Added good helicity           30   1.1004320682415543E-008  in event           14 local:          14
 Added good helicity           31   1.1004276287657005E-008  in event           14 local:          14
 Added good helicity           42   5.4845097022561457E-007  in event           14 local:          14
 Added good helicity           43   5.4845318687622354E-007  in event           14 local:          14
 Added good helicity           46   1.0984296886994224E-008  in event           14 local:          14
 Added good helicity           47   1.0984341281752606E-008  in event           14 local:          14
 Added good helicity           26   5.4945076749431648E-007  in event            9 local:           9
 Added good helicity           27   5.4944855084371641E-007  in event            9 local:           9
 Added good helicity           30   1.1004320682415224E-008  in event            9 local:           9
 Added good helicity           31   1.1004276287656769E-008  in event            9 local:           9
 Added good helicity           42   5.4845097022559022E-007  in event            9 local:           9
 Added good helicity           43   5.4845318687619368E-007  in event            9 local:           9
 Added good helicity           46   1.0984296886993787E-008  in event            9 local:           9
 Added good helicity           47   1.0984341281752176E-008  in event            9 local:           9
 RESET CUMULATIVE VARIABLE
 RESET CUMULATIVE VARIABLE
 RESET CUMULATIVE VARIABLE
 Iteration  1   Mean: 0.5339E-27 Abs mean: 0.5339E-27   Fluctuation:  0.655E-28   0.242E-25    10.4%
  1    0.5339E-27 0.5339E-27 +- 0.6550E-28      3.88
 Writing out events   1.0241378593997476E-030   3.8796408301250094     
 Relative summed weights:
  0.4450E+00  0.5550E+00
 Relative number of events:
  0.5269E+00  0.4731E+00
 Events:
         549         493
 Iteration  2   Mean: 0.4977E-27 Abs mean: 0.4977E-27   Fluctuation:  0.192E-28   0.617E-26    71.6%
  2    0.4977E-27 0.4977E-27 +- 0.1921E-28      1.73
 Relative summed weights:
  0.4903E+00  0.5097E+00
 Relative number of events:
  0.4945E+00  0.5055E+00
 Events:
         989        1011
 Iteration  3   Mean: 0.5179E-27 Abs mean: 0.5179E-27   Fluctuation:  0.846E-29   0.428E-26    92.2%
  3    0.5179E-27 0.5179E-27 +- 0.8465E-29      1.03
 Relative summed weights:
  0.4893E+00  0.5107E+00
 Relative number of events:
  0.4850E+00  0.5150E+00
 Events:
        1940        2060
 Accuracy:    0.010   0.100   0.015   0.482
 Finished due to accuracy    1.0373777225570533E-002  0.10000000000000001     

 -------------------------------------------------------------------------------
 Accumulated results:   Integral =  0.5151E-27
                        Std dev  =  0.7695E-29
                       Cross sec =  0.5151E-27
             Chi**2 per DoF.     =      0.4821
 -------------------------------------------------------------------------------
 Found          430  events.
 Wrote          427  events.
 Actual xsec    5.1506812815019541E-028
 Correct abs xsec    5.1506812815019541E-028
 Event xsec    5.1506812815019380E-028
 Events wgts > 1:            0
 % Cross section > 1:    0.0000000000000000        0.0000000000000000     
-------------------------------------------------
---------------------------
 Results Last   3 iters: Integral =   0.5151E-27
                     Abs integral =   0.5151E-27
                          Std dev =   0.7695E-29
                  Chi**2 per DoF. =      0.5057
-------------------------------------------------
---------------------------
 Status  0.10000000000000001                4           5

ls status:
events.lhe
ftn26
input_app.txt
results.dat
run1_app.log
